{"meta": {"format": 3, "version": "7.12.0", "timestamp": "2025-11-20T12:28:03.277424", "branch_coverage": false, "show_contexts": false}, "files": {"src/raxe/application/ab_testing.py": {"executed_lines": [], "summary": {"covered_lines": 0, "num_statements": 54, "percent_covered": 0.0, "percent_covered_display": "0.00", "missing_lines": 54, "excluded_lines": 0, "percent_statements_covered": 0.0, "percent_statements_covered_display": "0.00"}, "missing_lines": [5, 6, 7, 8, 10, 13, 16, 17, 20, 21, 24, 25, 26, 28, 30, 31, 34, 35, 38, 41, 47, 48, 49, 53, 69, 70, 73, 74, 75, 76, 79, 82, 83, 86, 89, 91, 92, 94, 104, 107, 110, 113, 114, 116, 118, 134, 141, 147, 151, 156, 158, 167, 169, 170], "excluded_lines": [], "functions": {"ABTestConfig.__post_init__": {"executed_lines": [], "summary": {"covered_lines": 0, "num_statements": 4, "percent_covered": 0.0, "percent_covered_display": "0.00", "missing_lines": 4, "excluded_lines": 0, "percent_statements_covered": 0.0, "percent_statements_covered_display": "0.00"}, "missing_lines": [30, 31, 34, 35], "excluded_lines": []}, "ABTestManager.__init__": {"executed_lines": [], "summary": {"covered_lines": 0, "num_statements": 3, "percent_covered": 0.0, "percent_covered_display": "0.00", "missing_lines": 3, "excluded_lines": 0, "percent_statements_covered": 0.0, "percent_statements_covered_display": "0.00"}, "missing_lines": [47, 48, 49], "excluded_lines": []}, "ABTestManager.get_detector_mode": {"executed_lines": [], "summary": {"covered_lines": 0, "num_statements": 13, "percent_covered": 0.0, "percent_covered_display": "0.00", "missing_lines": 13, "excluded_lines": 0, "percent_statements_covered": 0.0, "percent_statements_covered_display": "0.00"}, "missing_lines": [69, 70, 73, 74, 75, 76, 79, 82, 83, 86, 89, 91, 92], "excluded_lines": []}, "ABTestManager._calculate_cohort": {"executed_lines": [], "summary": {"covered_lines": 0, "num_statements": 6, "percent_covered": 0.0, "percent_covered_display": "0.00", "missing_lines": 6, "excluded_lines": 0, "percent_statements_covered": 0.0, "percent_statements_covered_display": "0.00"}, "missing_lines": [104, 107, 110, 113, 114, 116], "excluded_lines": []}, "ABTestManager.record_outcome": {"executed_lines": [], "summary": {"covered_lines": 0, "num_statements": 1, "percent_covered": 0.0, "percent_covered_display": "0.00", "missing_lines": 1, "excluded_lines": 0, "percent_statements_covered": 0.0, "percent_statements_covered_display": "0.00"}, "missing_lines": [134], "excluded_lines": []}, "ABTestManager.get_cohort_stats": {"executed_lines": [], "summary": {"covered_lines": 0, "num_statements": 4, "percent_covered": 0.0, "percent_covered_display": "0.00", "missing_lines": 4, "excluded_lines": 0, "percent_statements_covered": 0.0, "percent_statements_covered_display": "0.00"}, "missing_lines": [147, 151, 156, 158], "excluded_lines": []}, "ABTestManager.clear_cache": {"executed_lines": [], "summary": {"covered_lines": 0, "num_statements": 2, "percent_covered": 0.0, "percent_covered_display": "0.00", "missing_lines": 2, "excluded_lines": 0, "percent_statements_covered": 0.0, "percent_statements_covered_display": "0.00"}, "missing_lines": [169, 170], "excluded_lines": []}, "": {"executed_lines": [], "summary": {"covered_lines": 0, "num_statements": 21, "percent_covered": 0.0, "percent_covered_display": "0.00", "missing_lines": 21, "excluded_lines": 0, "percent_statements_covered": 0.0, "percent_statements_covered_display": "0.00"}, "missing_lines": [5, 6, 7, 8, 10, 13, 16, 17, 20, 21, 24, 25, 26, 28, 38, 41, 53, 94, 118, 141, 167], "excluded_lines": []}}, "classes": {"DetectorMode": {"executed_lines": [], "summary": {"covered_lines": 0, "num_statements": 0, "percent_covered": 100.0, "percent_covered_display": "100.00", "missing_lines": 0, "excluded_lines": 0, "percent_statements_covered": 100.0, "percent_statements_covered_display": "100.00"}, "missing_lines": [], "excluded_lines": []}, "ABTestConfig": {"executed_lines": [], "summary": {"covered_lines": 0, "num_statements": 4, "percent_covered": 0.0, "percent_covered_display": "0.00", "missing_lines": 4, "excluded_lines": 0, "percent_statements_covered": 0.0, "percent_statements_covered_display": "0.00"}, "missing_lines": [30, 31, 34, 35], "excluded_lines": []}, "ABTestManager": {"executed_lines": [], "summary": {"covered_lines": 0, "num_statements": 29, "percent_covered": 0.0, "percent_covered_display": "0.00", "missing_lines": 29, "excluded_lines": 0, "percent_statements_covered": 0.0, "percent_statements_covered_display": "0.00"}, "missing_lines": [47, 48, 49, 69, 70, 73, 74, 75, 76, 79, 82, 83, 86, 89, 91, 92, 104, 107, 110, 113, 114, 116, 134, 147, 151, 156, 158, 169, 170], "excluded_lines": []}, "": {"executed_lines": [], "summary": {"covered_lines": 0, "num_statements": 21, "percent_covered": 0.0, "percent_covered_display": "0.00", "missing_lines": 21, "excluded_lines": 0, "percent_statements_covered": 0.0, "percent_statements_covered_display": "0.00"}, "missing_lines": [5, 6, 7, 8, 10, 13, 16, 17, 20, 21, 24, 25, 26, 28, 38, 41, 53, 94, 118, 141, 167], "excluded_lines": []}}}, "src/raxe/application/analytics/achievement_service.py": {"executed_lines": [1, 9, 10, 11, 13, 22, 24, 27, 28, 39, 48, 56, 157, 260, 298, 336, 438], "summary": {"covered_lines": 15, "num_statements": 105, "percent_covered": 14.285714285714286, "percent_covered_display": "14.29", "missing_lines": 90, "excluded_lines": 0, "percent_statements_covered": 14.285714285714286, "percent_statements_covered_display": "14.29"}, "missing_lines": [45, 46, 54, 77, 79, 81, 82, 85, 88, 90, 93, 94, 97, 106, 113, 114, 117, 122, 123, 124, 125, 126, 129, 130, 144, 149, 151, 152, 155, 175, 177, 179, 180, 190, 192, 195, 196, 198, 207, 214, 220, 246, 252, 254, 255, 258, 278, 287, 292, 294, 295, 296, 316, 325, 330, 332, 333, 334, 359, 361, 362, 363, 366, 368, 369, 379, 381, 384, 385, 387, 396, 403, 405, 406, 407, 408, 410, 412, 414, 425, 430, 432, 433, 436, 447, 448, 449, 450, 451, 452], "excluded_lines": [], "functions": {"AchievementService.__init__": {"executed_lines": [], "summary": {"covered_lines": 0, "num_statements": 2, "percent_covered": 0.0, "percent_covered_display": "0.00", "missing_lines": 2, "excluded_lines": 0, "percent_statements_covered": 0.0, "percent_statements_covered_display": "0.00"}, "missing_lines": [45, 46], "excluded_lines": []}, "AchievementService.set_streak_service": {"executed_lines": [], "summary": {"covered_lines": 0, "num_statements": 1, "percent_covered": 0.0, "percent_covered_display": "0.00", "missing_lines": 1, "excluded_lines": 0, "percent_statements_covered": 0.0, "percent_statements_covered_display": "0.00"}, "missing_lines": [54], "excluded_lines": []}, "AchievementService.evaluate_user_achievements": {"executed_lines": [], "summary": {"covered_lines": 0, "num_statements": 26, "percent_covered": 0.0, "percent_covered_display": "0.00", "missing_lines": 26, "excluded_lines": 0, "percent_statements_covered": 0.0, "percent_statements_covered_display": "0.00"}, "missing_lines": [77, 79, 81, 82, 85, 88, 90, 93, 94, 97, 106, 113, 114, 117, 122, 123, 124, 125, 126, 129, 130, 144, 149, 151, 152, 155], "excluded_lines": []}, "AchievementService.get_user_achievement_summary": {"executed_lines": [], "summary": {"covered_lines": 0, "num_statements": 17, "percent_covered": 0.0, "percent_covered_display": "0.00", "missing_lines": 17, "excluded_lines": 0, "percent_statements_covered": 0.0, "percent_statements_covered_display": "0.00"}, "missing_lines": [175, 177, 179, 180, 190, 192, 195, 196, 198, 207, 214, 220, 246, 252, 254, 255, 258], "excluded_lines": []}, "AchievementService.get_recent_unlocks": {"executed_lines": [], "summary": {"covered_lines": 0, "num_statements": 6, "percent_covered": 0.0, "percent_covered_display": "0.00", "missing_lines": 6, "excluded_lines": 0, "percent_statements_covered": 0.0, "percent_statements_covered_display": "0.00"}, "missing_lines": [278, 287, 292, 294, 295, 296], "excluded_lines": []}, "AchievementService.get_achievement_leaderboard": {"executed_lines": [], "summary": {"covered_lines": 0, "num_statements": 6, "percent_covered": 0.0, "percent_covered_display": "0.00", "missing_lines": 6, "excluded_lines": 0, "percent_statements_covered": 0.0, "percent_statements_covered_display": "0.00"}, "missing_lines": [316, 325, 330, 332, 333, 334], "excluded_lines": []}, "AchievementService.get_achievement_progress": {"executed_lines": [], "summary": {"covered_lines": 0, "num_statements": 26, "percent_covered": 0.0, "percent_covered_display": "0.00", "missing_lines": 26, "excluded_lines": 0, "percent_statements_covered": 0.0, "percent_statements_covered_display": "0.00"}, "missing_lines": [359, 361, 362, 363, 366, 368, 369, 379, 381, 384, 385, 387, 396, 403, 405, 406, 407, 408, 410, 412, 414, 425, 430, 432, 433, 436], "excluded_lines": []}, "AchievementService._extract_threshold": {"executed_lines": [], "summary": {"covered_lines": 0, "num_statements": 6, "percent_covered": 0.0, "percent_covered_display": "0.00", "missing_lines": 6, "excluded_lines": 0, "percent_statements_covered": 0.0, "percent_statements_covered_display": "0.00"}, "missing_lines": [447, 448, 449, 450, 451, 452], "excluded_lines": []}, "": {"executed_lines": [1, 9, 10, 11, 13, 22, 24, 27, 28, 39, 48, 56, 157, 260, 298, 336, 438], "summary": {"covered_lines": 15, "num_statements": 15, "percent_covered": 100.0, "percent_covered_display": "100.00", "missing_lines": 0, "excluded_lines": 0, "percent_statements_covered": 100.0, "percent_statements_covered_display": "100.00"}, "missing_lines": [], "excluded_lines": []}}, "classes": {"AchievementService": {"executed_lines": [], "summary": {"covered_lines": 0, "num_statements": 90, "percent_covered": 0.0, "percent_covered_display": "0.00", "missing_lines": 90, "excluded_lines": 0, "percent_statements_covered": 0.0, "percent_statements_covered_display": "0.00"}, "missing_lines": [45, 46, 54, 77, 79, 81, 82, 85, 88, 90, 93, 94, 97, 106, 113, 114, 117, 122, 123, 124, 125, 126, 129, 130, 144, 149, 151, 152, 155, 175, 177, 179, 180, 190, 192, 195, 196, 198, 207, 214, 220, 246, 252, 254, 255, 258, 278, 287, 292, 294, 295, 296, 316, 325, 330, 332, 333, 334, 359, 361, 362, 363, 366, 368, 369, 379, 381, 384, 385, 387, 396, 403, 405, 406, 407, 408, 410, 412, 414, 425, 430, 432, 433, 436, 447, 448, 449, 450, 451, 452], "excluded_lines": []}, "": {"executed_lines": [1, 9, 10, 11, 13, 22, 24, 27, 28, 39, 48, 56, 157, 260, 298, 336, 438], "summary": {"covered_lines": 15, "num_statements": 15, "percent_covered": 100.0, "percent_covered_display": "100.00", "missing_lines": 0, "excluded_lines": 0, "percent_statements_covered": 100.0, "percent_statements_covered_display": "100.00"}, "missing_lines": [], "excluded_lines": []}}}, "src/raxe/application/analytics/repositories.py": {"executed_lines": [1, 10, 11, 12, 13, 16, 17, 18, 31, 32, 33, 34, 35, 36, 39, 40, 41, 53, 54, 55, 56, 57, 58, 61, 62, 71, 72, 90, 91, 109, 110, 124, 125, 141, 142, 159, 160], "summary": {"covered_lines": 21, "num_statements": 21, "percent_covered": 100.0, "percent_covered_display": "100.00", "missing_lines": 0, "excluded_lines": 97, "percent_statements_covered": 100.0, "percent_statements_covered_display": "100.00"}, "missing_lines": [], "excluded_lines": [71, 72, 73, 74, 75, 76, 77, 78, 79, 80, 81, 82, 83, 84, 85, 86, 87, 88, 90, 91, 92, 93, 94, 95, 96, 97, 98, 99, 100, 101, 102, 103, 104, 105, 106, 107, 109, 110, 111, 112, 113, 114, 115, 116, 117, 118, 119, 120, 121, 122, 124, 125, 126, 127, 128, 129, 130, 131, 132, 133, 134, 135, 136, 137, 138, 139, 141, 142, 143, 144, 145, 146, 147, 148, 149, 150, 151, 152, 153, 154, 155, 156, 157, 159, 160, 161, 162, 163, 164, 165, 166, 167, 168, 169, 170, 171, 172], "functions": {"AnalyticsRepository.get_scan_events": {"executed_lines": [], "summary": {"covered_lines": 0, "num_statements": 0, "percent_covered": 100.0, "percent_covered_display": "100.00", "missing_lines": 0, "excluded_lines": 11, "percent_statements_covered": 100.0, "percent_statements_covered_display": "100.00"}, "missing_lines": [], "excluded_lines": [78, 79, 80, 81, 82, 83, 84, 85, 86, 87, 88]}, "AnalyticsRepository.get_user_activity": {"executed_lines": [], "summary": {"covered_lines": 0, "num_statements": 0, "percent_covered": 100.0, "percent_covered_display": "100.00", "missing_lines": 0, "excluded_lines": 11, "percent_statements_covered": 100.0, "percent_statements_covered_display": "100.00"}, "missing_lines": [], "excluded_lines": [97, 98, 99, 100, 101, 102, 103, 104, 105, 106, 107]}, "AnalyticsRepository.get_cohort_users": {"executed_lines": [], "summary": {"covered_lines": 0, "num_statements": 0, "percent_covered": 100.0, "percent_covered_display": "100.00", "missing_lines": 0, "excluded_lines": 9, "percent_statements_covered": 100.0, "percent_statements_covered_display": "100.00"}, "missing_lines": [], "excluded_lines": [114, 115, 116, 117, 118, 119, 120, 121, 122]}, "AnalyticsRepository.get_active_users": {"executed_lines": [], "summary": {"covered_lines": 0, "num_statements": 0, "percent_covered": 100.0, "percent_covered_display": "100.00", "missing_lines": 0, "excluded_lines": 10, "percent_statements_covered": 100.0, "percent_statements_covered_display": "100.00"}, "missing_lines": [], "excluded_lines": [130, 131, 132, 133, 134, 135, 136, 137, 138, 139]}, "AnalyticsRepository.save_achievement": {"executed_lines": [], "summary": {"covered_lines": 0, "num_statements": 0, "percent_covered": 100.0, "percent_covered_display": "100.00", "missing_lines": 0, "excluded_lines": 9, "percent_statements_covered": 100.0, "percent_statements_covered_display": "100.00"}, "missing_lines": [], "excluded_lines": [149, 150, 151, 152, 153, 154, 155, 156, 157]}, "AnalyticsRepository.get_achievements": {"executed_lines": [], "summary": {"covered_lines": 0, "num_statements": 0, "percent_covered": 100.0, "percent_covered_display": "100.00", "missing_lines": 0, "excluded_lines": 9, "percent_statements_covered": 100.0, "percent_statements_covered_display": "100.00"}, "missing_lines": [], "excluded_lines": [164, 165, 166, 167, 168, 169, 170, 171, 172]}, "": {"executed_lines": [1, 10, 11, 12, 13, 16, 17, 18, 31, 32, 33, 34, 35, 36, 39, 40, 41, 53, 54, 55, 56, 57, 58, 61, 62, 71, 72, 90, 91, 109, 110, 124, 125, 141, 142, 159, 160], "summary": {"covered_lines": 21, "num_statements": 21, "percent_covered": 100.0, "percent_covered_display": "100.00", "missing_lines": 0, "excluded_lines": 38, "percent_statements_covered": 100.0, "percent_statements_covered_display": "100.00"}, "missing_lines": [], "excluded_lines": [71, 72, 73, 74, 75, 76, 77, 90, 91, 92, 93, 94, 95, 96, 109, 110, 111, 112, 113, 124, 125, 126, 127, 128, 129, 141, 142, 143, 144, 145, 146, 147, 148, 159, 160, 161, 162, 163]}}, "classes": {"ScanEvent": {"executed_lines": [], "summary": {"covered_lines": 0, "num_statements": 0, "percent_covered": 100.0, "percent_covered_display": "100.00", "missing_lines": 0, "excluded_lines": 0, "percent_statements_covered": 100.0, "percent_statements_covered_display": "100.00"}, "missing_lines": [], "excluded_lines": []}, "UserActivity": {"executed_lines": [], "summary": {"covered_lines": 0, "num_statements": 0, "percent_covered": 100.0, "percent_covered_display": "100.00", "missing_lines": 0, "excluded_lines": 0, "percent_statements_covered": 100.0, "percent_statements_covered_display": "100.00"}, "missing_lines": [], "excluded_lines": []}, "AnalyticsRepository": {"executed_lines": [], "summary": {"covered_lines": 0, "num_statements": 0, "percent_covered": 100.0, "percent_covered_display": "100.00", "missing_lines": 0, "excluded_lines": 59, "percent_statements_covered": 100.0, "percent_statements_covered_display": "100.00"}, "missing_lines": [], "excluded_lines": [78, 79, 80, 81, 82, 83, 84, 85, 86, 87, 88, 97, 98, 99, 100, 101, 102, 103, 104, 105, 106, 107, 114, 115, 116, 117, 118, 119, 120, 121, 122, 130, 131, 132, 133, 134, 135, 136, 137, 138, 139, 149, 150, 151, 152, 153, 154, 155, 156, 157, 164, 165, 166, 167, 168, 169, 170, 171, 172]}, "": {"executed_lines": [1, 10, 11, 12, 13, 16, 17, 18, 31, 32, 33, 34, 35, 36, 39, 40, 41, 53, 54, 55, 56, 57, 58, 61, 62, 71, 72, 90, 91, 109, 110, 124, 125, 141, 142, 159, 160], "summary": {"covered_lines": 21, "num_statements": 21, "percent_covered": 100.0, "percent_covered_display": "100.00", "missing_lines": 0, "excluded_lines": 38, "percent_statements_covered": 100.0, "percent_statements_covered_display": "100.00"}, "missing_lines": [], "excluded_lines": [71, 72, 73, 74, 75, 76, 77, 90, 91, 92, 93, 94, 95, 96, 109, 110, 111, 112, 113, 124, 125, 126, 127, 128, 129, 141, 142, 143, 144, 145, 146, 147, 148, 159, 160, 161, 162, 163]}}}, "src/raxe/application/analytics/retention_service.py": {"executed_lines": [1, 9, 10, 11, 13, 20, 22, 25, 26, 37, 45, 98, 186], "summary": {"covered_lines": 11, "num_statements": 67, "percent_covered": 16.417910447761194, "percent_covered_display": "16.42", "missing_lines": 56, "excluded_lines": 0, "percent_statements_covered": 16.417910447761194, "percent_statements_covered_display": "16.42"}, "missing_lines": [43, 62, 64, 66, 67, 69, 80, 86, 92, 94, 95, 96, 119, 120, 122, 124, 126, 127, 128, 138, 139, 140, 141, 142, 148, 151, 152, 153, 154, 156, 173, 180, 182, 183, 184, 207, 209, 211, 216, 217, 220, 229, 230, 231, 232, 233, 234, 237, 238, 243, 249, 257, 263, 265, 266, 267], "excluded_lines": [], "functions": {"RetentionService.__init__": {"executed_lines": [], "summary": {"covered_lines": 0, "num_statements": 1, "percent_covered": 0.0, "percent_covered_display": "0.00", "missing_lines": 1, "excluded_lines": 0, "percent_statements_covered": 0.0, "percent_statements_covered_display": "0.00"}, "missing_lines": [43], "excluded_lines": []}, "RetentionService.calculate_user_retention": {"executed_lines": [], "summary": {"covered_lines": 0, "num_statements": 11, "percent_covered": 0.0, "percent_covered_display": "0.00", "missing_lines": 11, "excluded_lines": 0, "percent_statements_covered": 0.0, "percent_statements_covered_display": "0.00"}, "missing_lines": [62, 64, 66, 67, 69, 80, 86, 92, 94, 95, 96], "excluded_lines": []}, "RetentionService.calculate_cohort_retention_metrics": {"executed_lines": [], "summary": {"covered_lines": 0, "num_statements": 23, "percent_covered": 0.0, "percent_covered_display": "0.00", "missing_lines": 23, "excluded_lines": 0, "percent_statements_covered": 0.0, "percent_statements_covered_display": "0.00"}, "missing_lines": [119, 120, 122, 124, 126, 127, 128, 138, 139, 140, 141, 142, 148, 151, 152, 153, 154, 156, 173, 180, 182, 183, 184], "excluded_lines": []}, "RetentionService.calculate_rolling_retention": {"executed_lines": [], "summary": {"covered_lines": 0, "num_statements": 21, "percent_covered": 0.0, "percent_covered_display": "0.00", "missing_lines": 21, "excluded_lines": 0, "percent_statements_covered": 0.0, "percent_statements_covered_display": "0.00"}, "missing_lines": [207, 209, 211, 216, 217, 220, 229, 230, 231, 232, 233, 234, 237, 238, 243, 249, 257, 263, 265, 266, 267], "excluded_lines": []}, "": {"executed_lines": [1, 9, 10, 11, 13, 20, 22, 25, 26, 37, 45, 98, 186], "summary": {"covered_lines": 11, "num_statements": 11, "percent_covered": 100.0, "percent_covered_display": "100.00", "missing_lines": 0, "excluded_lines": 0, "percent_statements_covered": 100.0, "percent_statements_covered_display": "100.00"}, "missing_lines": [], "excluded_lines": []}}, "classes": {"RetentionService": {"executed_lines": [], "summary": {"covered_lines": 0, "num_statements": 56, "percent_covered": 0.0, "percent_covered_display": "0.00", "missing_lines": 56, "excluded_lines": 0, "percent_statements_covered": 0.0, "percent_statements_covered_display": "0.00"}, "missing_lines": [43, 62, 64, 66, 67, 69, 80, 86, 92, 94, 95, 96, 119, 120, 122, 124, 126, 127, 128, 138, 139, 140, 141, 142, 148, 151, 152, 153, 154, 156, 173, 180, 182, 183, 184, 207, 209, 211, 216, 217, 220, 229, 230, 231, 232, 233, 234, 237, 238, 243, 249, 257, 263, 265, 266, 267], "excluded_lines": []}, "": {"executed_lines": [1, 9, 10, 11, 13, 20, 22, 25, 26, 37, 45, 98, 186], "summary": {"covered_lines": 11, "num_statements": 11, "percent_covered": 100.0, "percent_covered_display": "100.00", "missing_lines": 0, "excluded_lines": 0, "percent_statements_covered": 100.0, "percent_statements_covered_display": "100.00"}, "missing_lines": [], "excluded_lines": []}}}, "src/raxe/application/analytics/statistics_service.py": {"executed_lines": [1, 9, 10, 11, 13, 22, 24, 27, 28, 39, 47, 125, 226, 312], "summary": {"covered_lines": 12, "num_statements": 108, "percent_covered": 11.11111111111111, "percent_covered_display": "11.11", "missing_lines": 96, "excluded_lines": 0, "percent_statements_covered": 11.11111111111111, "percent_statements_covered_display": "11.11"}, "missing_lines": [45, 65, 66, 68, 73, 78, 79, 80, 89, 90, 91, 96, 97, 100, 101, 102, 103, 105, 113, 119, 121, 122, 123, 148, 150, 155, 156, 159, 173, 174, 176, 177, 178, 180, 181, 182, 184, 185, 188, 194, 195, 201, 214, 220, 222, 223, 224, 247, 249, 250, 256, 257, 258, 264, 269, 274, 279, 301, 306, 308, 309, 310, 338, 339, 343, 344, 345, 346, 348, 350, 355, 356, 357, 366, 367, 368, 369, 370, 372, 373, 374, 377, 381, 382, 391, 393, 394, 395, 396, 397, 399, 410, 415, 417, 418, 419], "excluded_lines": [], "functions": {"StatisticsService.__init__": {"executed_lines": [], "summary": {"covered_lines": 0, "num_statements": 1, "percent_covered": 0.0, "percent_covered_display": "0.00", "missing_lines": 1, "excluded_lines": 0, "percent_statements_covered": 0.0, "percent_statements_covered_display": "0.00"}, "missing_lines": [45], "excluded_lines": []}, "StatisticsService.calculate_active_users": {"executed_lines": [], "summary": {"covered_lines": 0, "num_statements": 22, "percent_covered": 0.0, "percent_covered_display": "0.00", "missing_lines": 22, "excluded_lines": 0, "percent_statements_covered": 0.0, "percent_statements_covered_display": "0.00"}, "missing_lines": [65, 66, 68, 73, 78, 79, 80, 89, 90, 91, 96, 97, 100, 101, 102, 103, 105, 113, 119, 121, 122, 123], "excluded_lines": []}, "StatisticsService.calculate_usage_stats": {"executed_lines": [], "summary": {"covered_lines": 0, "num_statements": 24, "percent_covered": 0.0, "percent_covered_display": "0.00", "missing_lines": 24, "excluded_lines": 0, "percent_statements_covered": 0.0, "percent_statements_covered_display": "0.00"}, "missing_lines": [148, 150, 155, 156, 159, 173, 174, 176, 177, 178, 180, 181, 182, 184, 185, 188, 194, 195, 201, 214, 220, 222, 223, 224], "excluded_lines": []}, "StatisticsService.calculate_growth_metrics": {"executed_lines": [], "summary": {"covered_lines": 0, "num_statements": 15, "percent_covered": 0.0, "percent_covered_display": "0.00", "missing_lines": 15, "excluded_lines": 0, "percent_statements_covered": 0.0, "percent_statements_covered_display": "0.00"}, "missing_lines": [247, 249, 250, 256, 257, 258, 264, 269, 274, 279, 301, 306, 308, 309, 310], "excluded_lines": []}, "StatisticsService.calculate_user_percentiles": {"executed_lines": [], "summary": {"covered_lines": 0, "num_statements": 29, "percent_covered": 0.0, "percent_covered_display": "0.00", "missing_lines": 29, "excluded_lines": 0, "percent_statements_covered": 0.0, "percent_statements_covered_display": "0.00"}, "missing_lines": [338, 339, 343, 344, 345, 346, 348, 350, 355, 356, 357, 366, 367, 368, 369, 370, 372, 373, 374, 377, 381, 382, 391, 399, 410, 415, 417, 418, 419], "excluded_lines": []}, "StatisticsService.calculate_user_percentiles.percentile": {"executed_lines": [], "summary": {"covered_lines": 0, "num_statements": 5, "percent_covered": 0.0, "percent_covered_display": "0.00", "missing_lines": 5, "excluded_lines": 0, "percent_statements_covered": 0.0, "percent_statements_covered_display": "0.00"}, "missing_lines": [393, 394, 395, 396, 397], "excluded_lines": []}, "": {"executed_lines": [1, 9, 10, 11, 13, 22, 24, 27, 28, 39, 47, 125, 226, 312], "summary": {"covered_lines": 12, "num_statements": 12, "percent_covered": 100.0, "percent_covered_display": "100.00", "missing_lines": 0, "excluded_lines": 0, "percent_statements_covered": 100.0, "percent_statements_covered_display": "100.00"}, "missing_lines": [], "excluded_lines": []}}, "classes": {"StatisticsService": {"executed_lines": [], "summary": {"covered_lines": 0, "num_statements": 96, "percent_covered": 0.0, "percent_covered_display": "0.00", "missing_lines": 96, "excluded_lines": 0, "percent_statements_covered": 0.0, "percent_statements_covered_display": "0.00"}, "missing_lines": [45, 65, 66, 68, 73, 78, 79, 80, 89, 90, 91, 96, 97, 100, 101, 102, 103, 105, 113, 119, 121, 122, 123, 148, 150, 155, 156, 159, 173, 174, 176, 177, 178, 180, 181, 182, 184, 185, 188, 194, 195, 201, 214, 220, 222, 223, 224, 247, 249, 250, 256, 257, 258, 264, 269, 274, 279, 301, 306, 308, 309, 310, 338, 339, 343, 344, 345, 346, 348, 350, 355, 356, 357, 366, 367, 368, 369, 370, 372, 373, 374, 377, 381, 382, 391, 393, 394, 395, 396, 397, 399, 410, 415, 417, 418, 419], "excluded_lines": []}, "": {"executed_lines": [1, 9, 10, 11, 13, 22, 24, 27, 28, 39, 47, 125, 226, 312], "summary": {"covered_lines": 12, "num_statements": 12, "percent_covered": 100.0, "percent_covered_display": "100.00", "missing_lines": 0, "excluded_lines": 0, "percent_statements_covered": 100.0, "percent_statements_covered_display": "100.00"}, "missing_lines": [], "excluded_lines": []}}}, "src/raxe/application/analytics/streak_service.py": {"executed_lines": [1, 9, 10, 11, 13, 15, 17, 20, 21, 32, 40, 101, 171, 228], "summary": {"covered_lines": 12, "num_statements": 66, "percent_covered": 18.181818181818183, "percent_covered_display": "18.18", "missing_lines": 54, "excluded_lines": 0, "percent_statements_covered": 18.181818181818183, "percent_statements_covered_display": "18.18"}, "missing_lines": [38, 61, 62, 64, 66, 71, 72, 73, 82, 88, 95, 97, 98, 99, 122, 123, 125, 128, 133, 134, 135, 138, 139, 140, 146, 147, 156, 161, 165, 167, 168, 169, 195, 196, 201, 206, 209, 215, 217, 222, 224, 225, 226, 253, 254, 256, 258, 263, 269, 271, 277, 279, 280, 283], "excluded_lines": [], "functions": {"StreakService.__init__": {"executed_lines": [], "summary": {"covered_lines": 0, "num_statements": 1, "percent_covered": 0.0, "percent_covered_display": "0.00", "missing_lines": 1, "excluded_lines": 0, "percent_statements_covered": 0.0, "percent_statements_covered_display": "0.00"}, "missing_lines": [38], "excluded_lines": []}, "StreakService.get_user_streak": {"executed_lines": [], "summary": {"covered_lines": 0, "num_statements": 13, "percent_covered": 0.0, "percent_covered_display": "0.00", "missing_lines": 13, "excluded_lines": 0, "percent_statements_covered": 0.0, "percent_statements_covered_display": "0.00"}, "missing_lines": [61, 62, 64, 66, 71, 72, 73, 82, 88, 95, 97, 98, 99], "excluded_lines": []}, "StreakService.get_active_streak_users": {"executed_lines": [], "summary": {"covered_lines": 0, "num_statements": 18, "percent_covered": 0.0, "percent_covered_display": "0.00", "missing_lines": 18, "excluded_lines": 0, "percent_statements_covered": 0.0, "percent_statements_covered_display": "0.00"}, "missing_lines": [122, 123, 125, 128, 133, 134, 135, 138, 139, 140, 146, 147, 156, 161, 165, 167, 168, 169], "excluded_lines": []}, "StreakService.get_streak_leaderboard": {"executed_lines": [], "summary": {"covered_lines": 0, "num_statements": 11, "percent_covered": 0.0, "percent_covered_display": "0.00", "missing_lines": 11, "excluded_lines": 0, "percent_statements_covered": 0.0, "percent_statements_covered_display": "0.00"}, "missing_lines": [195, 196, 201, 206, 209, 215, 217, 222, 224, 225, 226], "excluded_lines": []}, "StreakService.compare_user_streaks": {"executed_lines": [], "summary": {"covered_lines": 0, "num_statements": 11, "percent_covered": 0.0, "percent_covered_display": "0.00", "missing_lines": 11, "excluded_lines": 0, "percent_statements_covered": 0.0, "percent_statements_covered_display": "0.00"}, "missing_lines": [253, 254, 256, 258, 263, 269, 271, 277, 279, 280, 283], "excluded_lines": []}, "": {"executed_lines": [1, 9, 10, 11, 13, 15, 17, 20, 21, 32, 40, 101, 171, 228], "summary": {"covered_lines": 12, "num_statements": 12, "percent_covered": 100.0, "percent_covered_display": "100.00", "missing_lines": 0, "excluded_lines": 0, "percent_statements_covered": 100.0, "percent_statements_covered_display": "100.00"}, "missing_lines": [], "excluded_lines": []}}, "classes": {"StreakService": {"executed_lines": [], "summary": {"covered_lines": 0, "num_statements": 54, "percent_covered": 0.0, "percent_covered_display": "0.00", "missing_lines": 54, "excluded_lines": 0, "percent_statements_covered": 0.0, "percent_statements_covered_display": "0.00"}, "missing_lines": [38, 61, 62, 64, 66, 71, 72, 73, 82, 88, 95, 97, 98, 99, 122, 123, 125, 128, 133, 134, 135, 138, 139, 140, 146, 147, 156, 161, 165, 167, 168, 169, 195, 196, 201, 206, 209, 215, 217, 222, 224, 225, 226, 253, 254, 256, 258, 263, 269, 271, 277, 279, 280, 283], "excluded_lines": []}, "": {"executed_lines": [1, 9, 10, 11, 13, 15, 17, 20, 21, 32, 40, 101, 171, 228], "summary": {"covered_lines": 12, "num_statements": 12, "percent_covered": 100.0, "percent_covered_display": "100.00", "missing_lines": 0, "excluded_lines": 0, "percent_statements_covered": 100.0, "percent_statements_covered_display": "100.00"}, "missing_lines": [], "excluded_lines": []}}}, "src/raxe/application/apply_policy.py": {"executed_lines": [], "summary": {"covered_lines": 0, "num_statements": 59, "percent_covered": 0.0, "percent_covered_display": "0.00", "missing_lines": 59, "excluded_lines": 0, "percent_statements_covered": 0.0, "percent_statements_covered_display": "0.00"}, "missing_lines": [6, 7, 9, 10, 11, 12, 13, 14, 15, 18, 20, 21, 22, 25, 37, 50, 51, 52, 54, 79, 87, 89, 114, 122, 123, 124, 125, 127, 129, 150, 153, 158, 160, 182, 190, 196, 198, 220, 221, 223, 226, 227, 229, 231, 232, 233, 235, 237, 238, 239, 242, 244, 249, 252, 257, 272, 275, 290, 291], "excluded_lines": [], "functions": {"ApplyPolicyUseCase.__init__": {"executed_lines": [], "summary": {"covered_lines": 0, "num_statements": 3, "percent_covered": 0.0, "percent_covered_display": "0.00", "missing_lines": 3, "excluded_lines": 0, "percent_statements_covered": 0.0, "percent_statements_covered_display": "0.00"}, "missing_lines": [50, 51, 52], "excluded_lines": []}, "ApplyPolicyUseCase.apply_to_detection": {"executed_lines": [], "summary": {"covered_lines": 0, "num_statements": 2, "percent_covered": 0.0, "percent_covered_display": "0.00", "missing_lines": 2, "excluded_lines": 0, "percent_statements_covered": 0.0, "percent_statements_covered_display": "0.00"}, "missing_lines": [79, 87], "excluded_lines": []}, "ApplyPolicyUseCase.apply_to_scan_result": {"executed_lines": [], "summary": {"covered_lines": 0, "num_statements": 6, "percent_covered": 0.0, "percent_covered_display": "0.00", "missing_lines": 6, "excluded_lines": 0, "percent_statements_covered": 0.0, "percent_statements_covered_display": "0.00"}, "missing_lines": [114, 122, 123, 124, 125, 127], "excluded_lines": []}, "ApplyPolicyUseCase.load_policies_from_file": {"executed_lines": [], "summary": {"covered_lines": 0, "num_statements": 3, "percent_covered": 0.0, "percent_covered_display": "0.00", "missing_lines": 3, "excluded_lines": 0, "percent_statements_covered": 0.0, "percent_statements_covered_display": "0.00"}, "missing_lines": [150, 153, 158], "excluded_lines": []}, "ApplyPolicyUseCase.load_policies_from_api": {"executed_lines": [], "summary": {"covered_lines": 0, "num_statements": 3, "percent_covered": 0.0, "percent_covered_display": "0.00", "missing_lines": 3, "excluded_lines": 0, "percent_statements_covered": 0.0, "percent_statements_covered_display": "0.00"}, "missing_lines": [182, 190, 196], "excluded_lines": []}, "ApplyPolicyUseCase._load_policies": {"executed_lines": [], "summary": {"covered_lines": 0, "num_statements": 17, "percent_covered": 0.0, "percent_covered_display": "0.00", "missing_lines": 17, "excluded_lines": 0, "percent_statements_covered": 0.0, "percent_statements_covered_display": "0.00"}, "missing_lines": [220, 221, 223, 226, 227, 229, 231, 232, 233, 235, 237, 238, 239, 242, 244, 249, 252], "excluded_lines": []}, "apply_policies_to_detection": {"executed_lines": [], "summary": {"covered_lines": 0, "num_statements": 1, "percent_covered": 0.0, "percent_covered_display": "0.00", "missing_lines": 1, "excluded_lines": 0, "percent_statements_covered": 0.0, "percent_statements_covered_display": "0.00"}, "missing_lines": [272], "excluded_lines": []}, "should_block_detection": {"executed_lines": [], "summary": {"covered_lines": 0, "num_statements": 2, "percent_covered": 0.0, "percent_covered_display": "0.00", "missing_lines": 2, "excluded_lines": 0, "percent_statements_covered": 0.0, "percent_statements_covered_display": "0.00"}, "missing_lines": [290, 291], "excluded_lines": []}, "": {"executed_lines": [], "summary": {"covered_lines": 0, "num_statements": 22, "percent_covered": 0.0, "percent_covered_display": "0.00", "missing_lines": 22, "excluded_lines": 0, "percent_statements_covered": 0.0, "percent_statements_covered_display": "0.00"}, "missing_lines": [6, 7, 9, 10, 11, 12, 13, 14, 15, 18, 20, 21, 22, 25, 37, 54, 89, 129, 160, 198, 257, 275], "excluded_lines": []}}, "classes": {"PolicySource": {"executed_lines": [], "summary": {"covered_lines": 0, "num_statements": 0, "percent_covered": 100.0, "percent_covered_display": "100.00", "missing_lines": 0, "excluded_lines": 0, "percent_statements_covered": 100.0, "percent_statements_covered_display": "100.00"}, "missing_lines": [], "excluded_lines": []}, "ApplyPolicyUseCase": {"executed_lines": [], "summary": {"covered_lines": 0, "num_statements": 34, "percent_covered": 0.0, "percent_covered_display": "0.00", "missing_lines": 34, "excluded_lines": 0, "percent_statements_covered": 0.0, "percent_statements_covered_display": "0.00"}, "missing_lines": [50, 51, 52, 79, 87, 114, 122, 123, 124, 125, 127, 150, 153, 158, 182, 190, 196, 220, 221, 223, 226, 227, 229, 231, 232, 233, 235, 237, 238, 239, 242, 244, 249, 252], "excluded_lines": []}, "": {"executed_lines": [], "summary": {"covered_lines": 0, "num_statements": 25, "percent_covered": 0.0, "percent_covered_display": "0.00", "missing_lines": 25, "excluded_lines": 0, "percent_statements_covered": 0.0, "percent_statements_covered_display": "0.00"}, "missing_lines": [6, 7, 9, 10, 11, 12, 13, 14, 15, 18, 20, 21, 22, 25, 37, 54, 89, 129, 160, 198, 257, 272, 275, 290, 291], "excluded_lines": []}}}, "src/raxe/application/eager_l2.py": {"executed_lines": [1, 27, 29, 30, 31, 33, 34, 35, 36, 41, 43, 46, 47, 64, 66, 95, 96, 97, 98, 99, 101, 108, 109, 110, 113, 114, 116, 124, 132, 146, 147, 152, 153, 154, 156, 157, 158, 159, 160, 161, 163, 175, 178, 180, 186, 187, 189, 192, 198, 201, 204, 212, 238, 270, 295, 299, 301, 302, 325, 327, 328, 357], "summary": {"covered_lines": 60, "num_statements": 87, "percent_covered": 68.96551724137932, "percent_covered_display": "68.97", "missing_lines": 27, "excluded_lines": 0, "percent_statements_covered": 68.96551724137932, "percent_statements_covered_display": "68.97"}, "missing_lines": [134, 135, 136, 142, 143, 176, 224, 226, 234, 235, 236, 240, 242, 245, 252, 253, 254, 256, 262, 264, 296, 336, 337, 345, 348, 354, 389], "excluded_lines": [], "functions": {"EagerL2Detector.__init__": {"executed_lines": [95, 96, 97, 98, 99, 101, 108, 109, 110, 113, 114, 116], "summary": {"covered_lines": 12, "num_statements": 12, "percent_covered": 100.0, "percent_covered_display": "100.00", "missing_lines": 0, "excluded_lines": 0, "percent_statements_covered": 100.0, "percent_statements_covered_display": "100.00"}, "missing_lines": [], "excluded_lines": []}, "EagerL2Detector._initialize_detector": {"executed_lines": [132, 146, 147, 152, 153, 154, 156, 157, 158, 159, 160, 161, 163, 175, 178], "summary": {"covered_lines": 15, "num_statements": 21, "percent_covered": 71.42857142857143, "percent_covered_display": "71.43", "missing_lines": 6, "excluded_lines": 0, "percent_statements_covered": 71.42857142857143, "percent_statements_covered_display": "71.43"}, "missing_lines": [134, 135, 136, 142, 143, 176], "excluded_lines": []}, "EagerL2Detector._load_production_detector": {"executed_lines": [186, 187, 189, 192, 198, 201, 204, 212], "summary": {"covered_lines": 8, "num_statements": 13, "percent_covered": 61.53846153846154, "percent_covered_display": "61.54", "missing_lines": 5, "excluded_lines": 0, "percent_statements_covered": 61.53846153846154, "percent_statements_covered_display": "61.54"}, "missing_lines": [224, 226, 234, 235, 236], "excluded_lines": []}, "EagerL2Detector._load_stub_detector": {"executed_lines": [], "summary": {"covered_lines": 0, "num_statements": 9, "percent_covered": 0.0, "percent_covered_display": "0.00", "missing_lines": 9, "excluded_lines": 0, "percent_statements_covered": 0.0, "percent_statements_covered_display": "0.00"}, "missing_lines": [240, 242, 245, 252, 253, 254, 256, 262, 264], "excluded_lines": []}, "EagerL2Detector.analyze": {"executed_lines": [295, 299], "summary": {"covered_lines": 2, "num_statements": 3, "percent_covered": 66.66666666666667, "percent_covered_display": "66.67", "missing_lines": 1, "excluded_lines": 0, "percent_statements_covered": 66.66666666666667, "percent_statements_covered_display": "66.67"}, "missing_lines": [296], "excluded_lines": []}, "EagerL2Detector.initialization_stats": {"executed_lines": [325], "summary": {"covered_lines": 1, "num_statements": 1, "percent_covered": 100.0, "percent_covered_display": "100.00", "missing_lines": 0, "excluded_lines": 0, "percent_statements_covered": 100.0, "percent_statements_covered_display": "100.00"}, "missing_lines": [], "excluded_lines": []}, "EagerL2Detector.model_info": {"executed_lines": [], "summary": {"covered_lines": 0, "num_statements": 5, "percent_covered": 0.0, "percent_covered_display": "0.00", "missing_lines": 5, "excluded_lines": 0, "percent_statements_covered": 0.0, "percent_statements_covered_display": "0.00"}, "missing_lines": [336, 337, 345, 348, 354], "excluded_lines": []}, "create_eager_l2_detector": {"executed_lines": [], "summary": {"covered_lines": 0, "num_statements": 1, "percent_covered": 0.0, "percent_covered_display": "0.00", "missing_lines": 1, "excluded_lines": 0, "percent_statements_covered": 0.0, "percent_statements_covered_display": "0.00"}, "missing_lines": [389], "excluded_lines": []}, "": {"executed_lines": [1, 27, 29, 30, 31, 33, 34, 35, 36, 41, 43, 46, 47, 64, 66, 124, 180, 238, 270, 301, 302, 327, 328, 357], "summary": {"covered_lines": 22, "num_statements": 22, "percent_covered": 100.0, "percent_covered_display": "100.00", "missing_lines": 0, "excluded_lines": 0, "percent_statements_covered": 100.0, "percent_statements_covered_display": "100.00"}, "missing_lines": [], "excluded_lines": []}}, "classes": {"EagerL2Detector": {"executed_lines": [95, 96, 97, 98, 99, 101, 108, 109, 110, 113, 114, 116, 132, 146, 147, 152, 153, 154, 156, 157, 158, 159, 160, 161, 163, 175, 178, 186, 187, 189, 192, 198, 201, 204, 212, 295, 299, 325], "summary": {"covered_lines": 38, "num_statements": 64, "percent_covered": 59.375, "percent_covered_display": "59.38", "missing_lines": 26, "excluded_lines": 0, "percent_statements_covered": 59.375, "percent_statements_covered_display": "59.38"}, "missing_lines": [134, 135, 136, 142, 143, 176, 224, 226, 234, 235, 236, 240, 242, 245, 252, 253, 254, 256, 262, 264, 296, 336, 337, 345, 348, 354], "excluded_lines": []}, "": {"executed_lines": [1, 27, 29, 30, 31, 33, 34, 35, 36, 41, 43, 46, 47, 64, 66, 124, 180, 238, 270, 301, 302, 327, 328, 357], "summary": {"covered_lines": 22, "num_statements": 23, "percent_covered": 95.65217391304348, "percent_covered_display": "95.65", "missing_lines": 1, "excluded_lines": 0, "percent_statements_covered": 95.65217391304348, "percent_statements_covered_display": "95.65"}, "missing_lines": [389], "excluded_lines": []}}}, "src/raxe/application/lazy_l2.py": {"executed_lines": [], "summary": {"covered_lines": 0, "num_statements": 75, "percent_covered": 0.0, "percent_covered_display": "0.00", "missing_lines": 75, "excluded_lines": 0, "percent_statements_covered": 0.0, "percent_statements_covered_display": "0.00"}, "missing_lines": [42, 44, 45, 46, 47, 49, 52, 60, 62, 78, 79, 87, 88, 89, 90, 91, 93, 100, 109, 113, 114, 117, 118, 119, 120, 123, 124, 126, 127, 128, 130, 131, 133, 139, 140, 142, 148, 150, 151, 152, 155, 157, 158, 159, 165, 166, 177, 179, 181, 182, 184, 195, 196, 197, 203, 205, 206, 208, 209, 217, 218, 220, 221, 229, 230, 232, 249, 252, 254, 255, 263, 264, 273, 276, 281], "excluded_lines": [], "functions": {"LazyL2Detector.__init__": {"executed_lines": [], "summary": {"covered_lines": 0, "num_statements": 8, "percent_covered": 0.0, "percent_covered_display": "0.00", "missing_lines": 8, "excluded_lines": 0, "percent_statements_covered": 0.0, "percent_statements_covered_display": "0.00"}, "missing_lines": [78, 79, 87, 88, 89, 90, 91, 93], "excluded_lines": []}, "LazyL2Detector._find_bundled_model": {"executed_lines": [], "summary": {"covered_lines": 0, "num_statements": 14, "percent_covered": 0.0, "percent_covered_display": "0.00", "missing_lines": 14, "excluded_lines": 0, "percent_statements_covered": 0.0, "percent_statements_covered_display": "0.00"}, "missing_lines": [109, 113, 114, 117, 118, 119, 120, 123, 124, 126, 127, 128, 130, 131], "excluded_lines": []}, "LazyL2Detector._ensure_initialized": {"executed_lines": [], "summary": {"covered_lines": 0, "num_statements": 32, "percent_covered": 0.0, "percent_covered_display": "0.00", "missing_lines": 32, "excluded_lines": 0, "percent_statements_covered": 0.0, "percent_statements_covered_display": "0.00"}, "missing_lines": [139, 140, 142, 148, 150, 151, 152, 155, 157, 158, 159, 165, 166, 177, 179, 181, 182, 184, 195, 196, 197, 203, 205, 206, 208, 209, 217, 218, 220, 221, 229, 230], "excluded_lines": []}, "LazyL2Detector.analyze": {"executed_lines": [], "summary": {"covered_lines": 0, "num_statements": 2, "percent_covered": 0.0, "percent_covered_display": "0.00", "missing_lines": 2, "excluded_lines": 0, "percent_statements_covered": 0.0, "percent_statements_covered_display": "0.00"}, "missing_lines": [249, 252], "excluded_lines": []}, "LazyL2Detector.model_info": {"executed_lines": [], "summary": {"covered_lines": 0, "num_statements": 5, "percent_covered": 0.0, "percent_covered_display": "0.00", "missing_lines": 5, "excluded_lines": 0, "percent_statements_covered": 0.0, "percent_statements_covered_display": "0.00"}, "missing_lines": [263, 264, 273, 276, 281], "excluded_lines": []}, "": {"executed_lines": [], "summary": {"covered_lines": 0, "num_statements": 14, "percent_covered": 0.0, "percent_covered_display": "0.00", "missing_lines": 14, "excluded_lines": 0, "percent_statements_covered": 0.0, "percent_statements_covered_display": "0.00"}, "missing_lines": [42, 44, 45, 46, 47, 49, 52, 60, 62, 100, 133, 232, 254, 255], "excluded_lines": []}}, "classes": {"LazyL2Detector": {"executed_lines": [], "summary": {"covered_lines": 0, "num_statements": 61, "percent_covered": 0.0, "percent_covered_display": "0.00", "missing_lines": 61, "excluded_lines": 0, "percent_statements_covered": 0.0, "percent_statements_covered_display": "0.00"}, "missing_lines": [78, 79, 87, 88, 89, 90, 91, 93, 109, 113, 114, 117, 118, 119, 120, 123, 124, 126, 127, 128, 130, 131, 139, 140, 142, 148, 150, 151, 152, 155, 157, 158, 159, 165, 166, 177, 179, 181, 182, 184, 195, 196, 197, 203, 205, 206, 208, 209, 217, 218, 220, 221, 229, 230, 249, 252, 263, 264, 273, 276, 281], "excluded_lines": []}, "": {"executed_lines": [], "summary": {"covered_lines": 0, "num_statements": 14, "percent_covered": 0.0, "percent_covered_display": "0.00", "missing_lines": 14, "excluded_lines": 0, "percent_statements_covered": 0.0, "percent_statements_covered_display": "0.00"}, "missing_lines": [42, 44, 45, 46, 47, 49, 52, 60, 62, 100, 133, 232, 254, 255], "excluded_lines": []}}}, "src/raxe/application/preloader.py": {"executed_lines": [1, 16, 17, 18, 19, 21, 22, 23, 24, 25, 26, 27, 29, 32, 40, 43, 44, 45, 57, 58, 59, 60, 61, 62, 63, 64, 66, 68, 73, 74, 75, 78, 79, 97, 112, 113, 114, 117, 118, 120, 129, 130, 133, 134, 135, 148, 151, 154, 155, 156, 160, 162, 167, 169, 170, 171, 172, 173, 174, 175, 178, 185, 196, 199, 200, 201, 203, 204, 205, 206, 216, 218, 220, 221, 226, 229, 230, 233, 239, 246, 249, 250, 251, 252, 253, 254, 255, 260, 276, 277, 288, 289, 291, 292, 332, 354, 355], "summary": {"covered_lines": 94, "num_statements": 122, "percent_covered": 77.04918032786885, "percent_covered_display": "77.05", "missing_lines": 28, "excluded_lines": 0, "percent_statements_covered": 77.04918032786885, "percent_statements_covered_display": "77.05"}, "missing_lines": [137, 138, 139, 140, 141, 142, 143, 144, 188, 189, 191, 192, 193, 207, 208, 256, 257, 300, 302, 306, 307, 310, 311, 312, 315, 316, 318, 320], "excluded_lines": [], "functions": {"get_bundled_packs_root": {"executed_lines": [40], "summary": {"covered_lines": 1, "num_statements": 1, "percent_covered": 100.0, "percent_covered_display": "100.00", "missing_lines": 0, "excluded_lines": 0, "percent_statements_covered": 100.0, "percent_statements_covered_display": "100.00"}, "missing_lines": [], "excluded_lines": []}, "PreloadStats.__str__": {"executed_lines": [68, 73, 74, 75], "summary": {"covered_lines": 4, "num_statements": 4, "percent_covered": 100.0, "percent_covered_display": "100.00", "missing_lines": 0, "excluded_lines": 0, "percent_statements_covered": 100.0, "percent_statements_covered_display": "100.00"}, "missing_lines": [], "excluded_lines": []}, "PipelinePreloader.__init__": {"executed_lines": [112, 113, 114, 117, 118], "summary": {"covered_lines": 5, "num_statements": 5, "percent_covered": 100.0, "percent_covered_display": "100.00", "missing_lines": 0, "excluded_lines": 0, "percent_statements_covered": 100.0, "percent_statements_covered_display": "100.00"}, "missing_lines": [], "excluded_lines": []}, "PipelinePreloader.preload": {"executed_lines": [129, 130, 133, 134, 135, 148, 151, 154, 155, 156, 160, 162, 167, 169, 170, 171, 172, 173, 174, 175, 178, 185, 196, 199, 200, 201, 203, 204, 205, 206, 216, 218, 220, 221, 226, 229, 230, 233, 239, 246, 249, 250, 251, 252, 253, 254, 255, 260, 276, 277, 288, 289], "summary": {"covered_lines": 52, "num_statements": 69, "percent_covered": 75.3623188405797, "percent_covered_display": "75.36", "missing_lines": 17, "excluded_lines": 0, "percent_statements_covered": 75.3623188405797, "percent_statements_covered_display": "75.36"}, "missing_lines": [137, 138, 139, 140, 141, 142, 143, 144, 188, 189, 191, 192, 193, 207, 208, 256, 257], "excluded_lines": []}, "PipelinePreloader.create_default_pipeline": {"executed_lines": [], "summary": {"covered_lines": 0, "num_statements": 11, "percent_covered": 0.0, "percent_covered_display": "0.00", "missing_lines": 11, "excluded_lines": 0, "percent_statements_covered": 0.0, "percent_statements_covered_display": "0.00"}, "missing_lines": [300, 302, 306, 307, 310, 311, 312, 315, 316, 318, 320], "excluded_lines": []}, "preload_pipeline": {"executed_lines": [354, 355], "summary": {"covered_lines": 2, "num_statements": 2, "percent_covered": 100.0, "percent_covered_display": "100.00", "missing_lines": 0, "excluded_lines": 0, "percent_statements_covered": 100.0, "percent_statements_covered_display": "100.00"}, "missing_lines": [], "excluded_lines": []}, "": {"executed_lines": [1, 16, 17, 18, 19, 21, 22, 23, 24, 25, 26, 27, 29, 32, 43, 44, 45, 57, 58, 59, 60, 61, 62, 63, 64, 66, 78, 79, 97, 120, 291, 292, 332], "summary": {"covered_lines": 30, "num_statements": 30, "percent_covered": 100.0, "percent_covered_display": "100.00", "missing_lines": 0, "excluded_lines": 0, "percent_statements_covered": 100.0, "percent_statements_covered_display": "100.00"}, "missing_lines": [], "excluded_lines": []}}, "classes": {"PreloadStats": {"executed_lines": [68, 73, 74, 75], "summary": {"covered_lines": 4, "num_statements": 4, "percent_covered": 100.0, "percent_covered_display": "100.00", "missing_lines": 0, "excluded_lines": 0, "percent_statements_covered": 100.0, "percent_statements_covered_display": "100.00"}, "missing_lines": [], "excluded_lines": []}, "PipelinePreloader": {"executed_lines": [112, 113, 114, 117, 118, 129, 130, 133, 134, 135, 148, 151, 154, 155, 156, 160, 162, 167, 169, 170, 171, 172, 173, 174, 175, 178, 185, 196, 199, 200, 201, 203, 204, 205, 206, 216, 218, 220, 221, 226, 229, 230, 233, 239, 246, 249, 250, 251, 252, 253, 254, 255, 260, 276, 277, 288, 289], "summary": {"covered_lines": 57, "num_statements": 85, "percent_covered": 67.05882352941177, "percent_covered_display": "67.06", "missing_lines": 28, "excluded_lines": 0, "percent_statements_covered": 67.05882352941177, "percent_statements_covered_display": "67.06"}, "missing_lines": [137, 138, 139, 140, 141, 142, 143, 144, 188, 189, 191, 192, 193, 207, 208, 256, 257, 300, 302, 306, 307, 310, 311, 312, 315, 316, 318, 320], "excluded_lines": []}, "": {"executed_lines": [1, 16, 17, 18, 19, 21, 22, 23, 24, 25, 26, 27, 29, 32, 40, 43, 44, 45, 57, 58, 59, 60, 61, 62, 63, 64, 66, 78, 79, 97, 120, 291, 292, 332, 354, 355], "summary": {"covered_lines": 33, "num_statements": 33, "percent_covered": 100.0, "percent_covered_display": "100.00", "missing_lines": 0, "excluded_lines": 0, "percent_statements_covered": 100.0, "percent_statements_covered_display": "100.00"}, "missing_lines": [], "excluded_lines": []}}}, "src/raxe/application/scan_merger.py": {"executed_lines": [1, 13, 14, 16, 17, 18, 21, 22, 23, 34, 35, 36, 37, 38, 40, 42, 47, 48, 54, 55, 59, 61, 62, 64, 66, 67, 69, 70, 71, 73, 74, 80, 82, 83, 87, 88, 94, 95, 99, 100, 106, 107, 111, 127, 128, 158, 180, 181, 190, 198, 215, 221, 222, 223, 225, 233, 258, 261, 262, 265, 266, 269, 270, 272, 273, 276, 278, 290, 291, 292, 294, 295, 296, 297, 303, 313, 321], "summary": {"covered_lines": 74, "num_statements": 108, "percent_covered": 68.51851851851852, "percent_covered_display": "68.52", "missing_lines": 34, "excluded_lines": 0, "percent_statements_covered": 68.51851851851852, "percent_statements_covered_display": "68.52"}, "missing_lines": [43, 85, 90, 91, 92, 97, 102, 103, 104, 109, 117, 118, 119, 121, 135, 136, 138, 143, 144, 145, 146, 147, 149, 150, 152, 153, 164, 174, 175, 177, 293, 298, 299, 301], "excluded_lines": [], "functions": {"CombinedScanResult.__post_init__": {"executed_lines": [42], "summary": {"covered_lines": 1, "num_statements": 2, "percent_covered": 50.0, "percent_covered_display": "50.00", "missing_lines": 1, "excluded_lines": 0, "percent_statements_covered": 50.0, "percent_statements_covered_display": "50.00"}, "missing_lines": [43], "excluded_lines": []}, "CombinedScanResult.has_threats": {"executed_lines": [54, 55, 59], "summary": {"covered_lines": 3, "num_statements": 3, "percent_covered": 100.0, "percent_covered_display": "100.00", "missing_lines": 0, "excluded_lines": 0, "percent_statements_covered": 100.0, "percent_statements_covered_display": "100.00"}, "missing_lines": [], "excluded_lines": []}, "CombinedScanResult.l1_detection_count": {"executed_lines": [64], "summary": {"covered_lines": 1, "num_statements": 1, "percent_covered": 100.0, "percent_covered_display": "100.00", "missing_lines": 0, "excluded_lines": 0, "percent_statements_covered": 100.0, "percent_statements_covered_display": "100.00"}, "missing_lines": [], "excluded_lines": []}, "CombinedScanResult.l2_prediction_count": {"executed_lines": [69, 70, 71], "summary": {"covered_lines": 3, "num_statements": 3, "percent_covered": 100.0, "percent_covered_display": "100.00", "missing_lines": 0, "excluded_lines": 0, "percent_statements_covered": 100.0, "percent_statements_covered_display": "100.00"}, "missing_lines": [], "excluded_lines": []}, "CombinedScanResult.total_threat_count": {"executed_lines": [80], "summary": {"covered_lines": 1, "num_statements": 1, "percent_covered": 100.0, "percent_covered_display": "100.00", "missing_lines": 0, "excluded_lines": 0, "percent_statements_covered": 100.0, "percent_statements_covered_display": "100.00"}, "missing_lines": [], "excluded_lines": []}, "CombinedScanResult.l1_processing_ms": {"executed_lines": [], "summary": {"covered_lines": 0, "num_statements": 1, "percent_covered": 0.0, "percent_covered_display": "0.00", "missing_lines": 1, "excluded_lines": 0, "percent_statements_covered": 0.0, "percent_statements_covered_display": "0.00"}, "missing_lines": [85], "excluded_lines": []}, "CombinedScanResult.l2_processing_ms": {"executed_lines": [], "summary": {"covered_lines": 0, "num_statements": 3, "percent_covered": 0.0, "percent_covered_display": "0.00", "missing_lines": 3, "excluded_lines": 0, "percent_statements_covered": 0.0, "percent_statements_covered_display": "0.00"}, "missing_lines": [90, 91, 92], "excluded_lines": []}, "CombinedScanResult.l1_detections": {"executed_lines": [], "summary": {"covered_lines": 0, "num_statements": 1, "percent_covered": 0.0, "percent_covered_display": "0.00", "missing_lines": 1, "excluded_lines": 0, "percent_statements_covered": 0.0, "percent_statements_covered_display": "0.00"}, "missing_lines": [97], "excluded_lines": []}, "CombinedScanResult.l2_predictions": {"executed_lines": [], "summary": {"covered_lines": 0, "num_statements": 3, "percent_covered": 0.0, "percent_covered_display": "0.00", "missing_lines": 3, "excluded_lines": 0, "percent_statements_covered": 0.0, "percent_statements_covered_display": "0.00"}, "missing_lines": [102, 103, 104], "excluded_lines": []}, "CombinedScanResult.plugin_detection_count": {"executed_lines": [], "summary": {"covered_lines": 0, "num_statements": 1, "percent_covered": 0.0, "percent_covered_display": "0.00", "missing_lines": 1, "excluded_lines": 0, "percent_statements_covered": 0.0, "percent_statements_covered_display": "0.00"}, "missing_lines": [109], "excluded_lines": []}, "CombinedScanResult.layer_breakdown": {"executed_lines": [], "summary": {"covered_lines": 0, "num_statements": 4, "percent_covered": 0.0, "percent_covered_display": "0.00", "missing_lines": 4, "excluded_lines": 0, "percent_statements_covered": 0.0, "percent_statements_covered_display": "0.00"}, "missing_lines": [117, 118, 119, 121], "excluded_lines": []}, "CombinedScanResult.threat_summary": {"executed_lines": [], "summary": {"covered_lines": 0, "num_statements": 12, "percent_covered": 0.0, "percent_covered_display": "0.00", "missing_lines": 12, "excluded_lines": 0, "percent_statements_covered": 0.0, "percent_statements_covered_display": "0.00"}, "missing_lines": [135, 136, 138, 143, 144, 145, 146, 147, 149, 150, 152, 153], "excluded_lines": []}, "CombinedScanResult.to_dict": {"executed_lines": [], "summary": {"covered_lines": 0, "num_statements": 4, "percent_covered": 0.0, "percent_covered_display": "0.00", "missing_lines": 4, "excluded_lines": 0, "percent_statements_covered": 0.0, "percent_statements_covered_display": "0.00"}, "missing_lines": [164, 174, 175, 177], "excluded_lines": []}, "ScanMerger.merge": {"executed_lines": [215, 221, 222, 223, 225], "summary": {"covered_lines": 5, "num_statements": 5, "percent_covered": 100.0, "percent_covered_display": "100.00", "missing_lines": 0, "excluded_lines": 0, "percent_statements_covered": 100.0, "percent_statements_covered_display": "100.00"}, "missing_lines": [], "excluded_lines": []}, "ScanMerger._calculate_combined_severity": {"executed_lines": [258, 261, 262, 265, 266, 269, 270, 272, 273, 276], "summary": {"covered_lines": 10, "num_statements": 10, "percent_covered": 100.0, "percent_covered_display": "100.00", "missing_lines": 0, "excluded_lines": 0, "percent_statements_covered": 100.0, "percent_statements_covered_display": "100.00"}, "missing_lines": [], "excluded_lines": []}, "ScanMerger._map_confidence_to_severity": {"executed_lines": [290, 291, 292, 294, 295, 296, 297], "summary": {"covered_lines": 7, "num_statements": 11, "percent_covered": 63.63636363636363, "percent_covered_display": "63.64", "missing_lines": 4, "excluded_lines": 0, "percent_statements_covered": 63.63636363636363, "percent_statements_covered_display": "63.64"}, "missing_lines": [293, 298, 299, 301], "excluded_lines": []}, "ScanMerger._max_severity": {"executed_lines": [313, 321], "summary": {"covered_lines": 2, "num_statements": 2, "percent_covered": 100.0, "percent_covered_display": "100.00", "missing_lines": 0, "excluded_lines": 0, "percent_statements_covered": 100.0, "percent_statements_covered_display": "100.00"}, "missing_lines": [], "excluded_lines": []}, "": {"executed_lines": [1, 13, 14, 16, 17, 18, 21, 22, 23, 34, 35, 36, 37, 38, 40, 47, 48, 61, 62, 66, 67, 73, 74, 82, 83, 87, 88, 94, 95, 99, 100, 106, 107, 111, 127, 128, 158, 180, 181, 190, 198, 233, 278, 303], "summary": {"covered_lines": 41, "num_statements": 41, "percent_covered": 100.0, "percent_covered_display": "100.00", "missing_lines": 0, "excluded_lines": 0, "percent_statements_covered": 100.0, "percent_statements_covered_display": "100.00"}, "missing_lines": [], "excluded_lines": []}}, "classes": {"CombinedScanResult": {"executed_lines": [42, 54, 55, 59, 64, 69, 70, 71, 80], "summary": {"covered_lines": 9, "num_statements": 39, "percent_covered": 23.076923076923077, "percent_covered_display": "23.08", "missing_lines": 30, "excluded_lines": 0, "percent_statements_covered": 23.076923076923077, "percent_statements_covered_display": "23.08"}, "missing_lines": [43, 85, 90, 91, 92, 97, 102, 103, 104, 109, 117, 118, 119, 121, 135, 136, 138, 143, 144, 145, 146, 147, 149, 150, 152, 153, 164, 174, 175, 177], "excluded_lines": []}, "ScanMerger": {"executed_lines": [215, 221, 222, 223, 225, 258, 261, 262, 265, 266, 269, 270, 272, 273, 276, 290, 291, 292, 294, 295, 296, 297, 313, 321], "summary": {"covered_lines": 24, "num_statements": 28, "percent_covered": 85.71428571428571, "percent_covered_display": "85.71", "missing_lines": 4, "excluded_lines": 0, "percent_statements_covered": 85.71428571428571, "percent_statements_covered_display": "85.71"}, "missing_lines": [293, 298, 299, 301], "excluded_lines": []}, "": {"executed_lines": [1, 13, 14, 16, 17, 18, 21, 22, 23, 34, 35, 36, 37, 38, 40, 47, 48, 61, 62, 66, 67, 73, 74, 82, 83, 87, 88, 94, 95, 99, 100, 106, 107, 111, 127, 128, 158, 180, 181, 190, 198, 233, 278, 303], "summary": {"covered_lines": 41, "num_statements": 41, "percent_covered": 100.0, "percent_covered_display": "100.00", "missing_lines": 0, "excluded_lines": 0, "percent_statements_covered": 100.0, "percent_statements_covered_display": "100.00"}, "missing_lines": [], "excluded_lines": []}}}, "src/raxe/application/scan_pipeline.py": {"executed_lines": [1, 16, 17, 18, 19, 21, 22, 23, 24, 25, 26, 27, 28, 31, 32, 34, 35, 36, 38, 41, 42, 43, 58, 59, 60, 61, 62, 63, 64, 65, 66, 67, 68, 70, 72, 75, 76, 78, 80, 81, 83, 84, 87, 88, 90, 92, 104, 129, 130, 156, 192, 193, 194, 195, 196, 197, 198, 199, 200, 201, 202, 203, 204, 205, 208, 209, 219, 220, 221, 223, 589, 616, 630, 675, 743, 799, 800, 810, 811, 815], "summary": {"covered_lines": 77, "num_statements": 284, "percent_covered": 27.112676056338028, "percent_covered_display": "27.11", "missing_lines": 207, "excluded_lines": 0, "percent_statements_covered": 27.112676056338028, "percent_statements_covered_display": "27.11"}, "missing_lines": [33, 73, 85, 98, 110, 210, 211, 212, 213, 214, 215, 216, 257, 258, 259, 260, 263, 265, 266, 267, 269, 270, 272, 273, 275, 276, 279, 282, 283, 284, 288, 289, 290, 291, 292, 295, 298, 299, 300, 301, 302, 303, 305, 306, 309, 310, 319, 320, 321, 322, 323, 325, 326, 333, 334, 335, 336, 339, 340, 341, 343, 344, 345, 346, 348, 354, 356, 357, 367, 372, 373, 374, 375, 376, 378, 379, 382, 384, 386, 397, 398, 399, 400, 401, 402, 403, 404, 405, 406, 407, 408, 409, 410, 411, 412, 415, 418, 427, 428, 432, 433, 442, 443, 444, 445, 446, 447, 448, 449, 451, 457, 460, 461, 470, 485, 486, 488, 495, 496, 499, 502, 505, 506, 507, 508, 511, 526, 527, 529, 530, 538, 539, 540, 541, 546, 550, 552, 555, 557, 558, 560, 563, 564, 565, 566, 567, 570, 571, 572, 573, 574, 577, 578, 579, 580, 581, 584, 585, 587, 606, 607, 608, 613, 614, 628, 639, 640, 642, 643, 645, 646, 648, 650, 651, 653, 655, 659, 661, 663, 667, 669, 671, 672, 673, 694, 695, 697, 699, 733, 739, 741, 767, 781, 782, 785, 786, 788, 789, 792, 793, 794, 797, 806, 807, 808, 813, 821], "excluded_lines": [], "functions": {"ScanPipelineResult.__post_init__": {"executed_lines": [72], "summary": {"covered_lines": 1, "num_statements": 2, "percent_covered": 50.0, "percent_covered_display": "50.00", "missing_lines": 1, "excluded_lines": 0, "percent_statements_covered": 50.0, "percent_statements_covered_display": "50.00"}, "missing_lines": [73], "excluded_lines": []}, "ScanPipelineResult.has_threats": {"executed_lines": [78], "summary": {"covered_lines": 1, "num_statements": 1, "percent_covered": 100.0, "percent_covered_display": "100.00", "missing_lines": 0, "excluded_lines": 0, "percent_statements_covered": 100.0, "percent_statements_covered_display": "100.00"}, "missing_lines": [], "excluded_lines": []}, "ScanPipelineResult.severity": {"executed_lines": [83, 84], "summary": {"covered_lines": 2, "num_statements": 3, "percent_covered": 66.66666666666667, "percent_covered_display": "66.67", "missing_lines": 1, "excluded_lines": 0, "percent_statements_covered": 66.66666666666667, "percent_statements_covered_display": "66.67"}, "missing_lines": [85], "excluded_lines": []}, "ScanPipelineResult.total_detections": {"executed_lines": [90], "summary": {"covered_lines": 1, "num_statements": 1, "percent_covered": 100.0, "percent_covered_display": "100.00", "missing_lines": 0, "excluded_lines": 0, "percent_statements_covered": 100.0, "percent_statements_covered_display": "100.00"}, "missing_lines": [], "excluded_lines": []}, "ScanPipelineResult.layer_breakdown": {"executed_lines": [], "summary": {"covered_lines": 0, "num_statements": 1, "percent_covered": 0.0, "percent_covered_display": "0.00", "missing_lines": 1, "excluded_lines": 0, "percent_statements_covered": 0.0, "percent_statements_covered_display": "0.00"}, "missing_lines": [98], "excluded_lines": []}, "ScanPipelineResult.to_dict": {"executed_lines": [], "summary": {"covered_lines": 0, "num_statements": 1, "percent_covered": 0.0, "percent_covered_display": "0.00", "missing_lines": 1, "excluded_lines": 0, "percent_statements_covered": 0.0, "percent_statements_covered_display": "0.00"}, "missing_lines": [110], "excluded_lines": []}, "ScanPipeline.__init__": {"executed_lines": [192, 193, 194, 195, 196, 197, 198, 199, 200, 201, 202, 203, 204, 205, 208, 209, 219, 220, 221], "summary": {"covered_lines": 19, "num_statements": 26, "percent_covered": 73.07692307692308, "percent_covered_display": "73.08", "missing_lines": 7, "excluded_lines": 0, "percent_statements_covered": 73.07692307692308, "percent_statements_covered_display": "73.08"}, "missing_lines": [210, 211, 212, 213, 214, 215, 216], "excluded_lines": []}, "ScanPipeline.scan": {"executed_lines": [], "summary": {"covered_lines": 0, "num_statements": 147, "percent_covered": 0.0, "percent_covered_display": "0.00", "missing_lines": 147, "excluded_lines": 0, "percent_statements_covered": 0.0, "percent_statements_covered_display": "0.00"}, "missing_lines": [257, 258, 259, 260, 263, 265, 266, 267, 269, 270, 272, 273, 275, 276, 279, 282, 283, 284, 288, 289, 290, 291, 292, 295, 298, 299, 300, 301, 302, 303, 305, 306, 309, 310, 319, 320, 321, 322, 323, 325, 326, 333, 334, 335, 336, 339, 340, 341, 343, 344, 345, 346, 348, 354, 356, 357, 367, 372, 373, 374, 375, 376, 378, 379, 382, 384, 386, 397, 398, 399, 400, 401, 402, 403, 404, 405, 406, 407, 408, 409, 410, 411, 412, 415, 418, 427, 428, 432, 433, 442, 443, 444, 445, 446, 447, 448, 449, 451, 457, 460, 461, 470, 485, 486, 488, 495, 496, 499, 502, 505, 506, 507, 508, 511, 526, 527, 529, 530, 538, 539, 540, 541, 546, 550, 552, 555, 557, 558, 560, 563, 564, 565, 566, 567, 570, 571, 572, 573, 574, 577, 578, 579, 580, 581, 584, 585, 587], "excluded_lines": []}, "ScanPipeline.scan_batch": {"executed_lines": [], "summary": {"covered_lines": 0, "num_statements": 5, "percent_covered": 0.0, "percent_covered_display": "0.00", "missing_lines": 5, "excluded_lines": 0, "percent_statements_covered": 0.0, "percent_statements_covered_display": "0.00"}, "missing_lines": [606, 607, 608, 613, 614], "excluded_lines": []}, "ScanPipeline._hash_text": {"executed_lines": [], "summary": {"covered_lines": 0, "num_statements": 1, "percent_covered": 0.0, "percent_covered_display": "0.00", "missing_lines": 1, "excluded_lines": 0, "percent_statements_covered": 0.0, "percent_statements_covered_display": "0.00"}, "missing_lines": [628], "excluded_lines": []}, "ScanPipeline._validate_telemetry_event": {"executed_lines": [], "summary": {"covered_lines": 0, "num_statements": 19, "percent_covered": 0.0, "percent_covered_display": "0.00", "missing_lines": 19, "excluded_lines": 0, "percent_statements_covered": 0.0, "percent_statements_covered_display": "0.00"}, "missing_lines": [639, 640, 642, 643, 645, 646, 648, 650, 651, 653, 655, 659, 661, 663, 667, 669, 671, 672, 673], "excluded_lines": []}, "ScanPipeline._send_telemetry_v2": {"executed_lines": [], "summary": {"covered_lines": 0, "num_statements": 7, "percent_covered": 0.0, "percent_covered_display": "0.00", "missing_lines": 7, "excluded_lines": 0, "percent_statements_covered": 0.0, "percent_statements_covered_display": "0.00"}, "missing_lines": [694, 695, 697, 699, 733, 739, 741], "excluded_lines": []}, "ScanPipeline._send_telemetry": {"executed_lines": [], "summary": {"covered_lines": 0, "num_statements": 11, "percent_covered": 0.0, "percent_covered_display": "0.00", "missing_lines": 11, "excluded_lines": 0, "percent_statements_covered": 0.0, "percent_statements_covered_display": "0.00"}, "missing_lines": [767, 781, 782, 785, 786, 788, 789, 792, 793, 794, 797], "excluded_lines": []}, "ScanPipeline.average_scan_time_ms": {"executed_lines": [], "summary": {"covered_lines": 0, "num_statements": 3, "percent_covered": 0.0, "percent_covered_display": "0.00", "missing_lines": 3, "excluded_lines": 0, "percent_statements_covered": 0.0, "percent_statements_covered_display": "0.00"}, "missing_lines": [806, 807, 808], "excluded_lines": []}, "ScanPipeline.scan_count": {"executed_lines": [], "summary": {"covered_lines": 0, "num_statements": 1, "percent_covered": 0.0, "percent_covered_display": "0.00", "missing_lines": 1, "excluded_lines": 0, "percent_statements_covered": 0.0, "percent_statements_covered_display": "0.00"}, "missing_lines": [813], "excluded_lines": []}, "ScanPipeline.get_stats": {"executed_lines": [], "summary": {"covered_lines": 0, "num_statements": 1, "percent_covered": 0.0, "percent_covered_display": "0.00", "missing_lines": 1, "excluded_lines": 0, "percent_statements_covered": 0.0, "percent_statements_covered_display": "0.00"}, "missing_lines": [821], "excluded_lines": []}, "": {"executed_lines": [1, 16, 17, 18, 19, 21, 22, 23, 24, 25, 26, 27, 28, 31, 32, 34, 35, 36, 38, 41, 42, 43, 58, 59, 60, 61, 62, 63, 64, 65, 66, 67, 68, 70, 75, 76, 80, 81, 87, 88, 92, 104, 129, 130, 156, 223, 589, 616, 630, 675, 743, 799, 800, 810, 811, 815], "summary": {"covered_lines": 53, "num_statements": 54, "percent_covered": 98.14814814814815, "percent_covered_display": "98.15", "missing_lines": 1, "excluded_lines": 0, "percent_statements_covered": 98.14814814814815, "percent_statements_covered_display": "98.15"}, "missing_lines": [33], "excluded_lines": []}}, "classes": {"ScanPipelineResult": {"executed_lines": [72, 78, 83, 84, 90], "summary": {"covered_lines": 5, "num_statements": 9, "percent_covered": 55.55555555555556, "percent_covered_display": "55.56", "missing_lines": 4, "excluded_lines": 0, "percent_statements_covered": 55.55555555555556, "percent_statements_covered_display": "55.56"}, "missing_lines": [73, 85, 98, 110], "excluded_lines": []}, "ScanPipeline": {"executed_lines": [192, 193, 194, 195, 196, 197, 198, 199, 200, 201, 202, 203, 204, 205, 208, 209, 219, 220, 221], "summary": {"covered_lines": 19, "num_statements": 221, "percent_covered": 8.597285067873303, "percent_covered_display": "8.60", "missing_lines": 202, "excluded_lines": 0, "percent_statements_covered": 8.597285067873303, "percent_statements_covered_display": "8.60"}, "missing_lines": [210, 211, 212, 213, 214, 215, 216, 257, 258, 259, 260, 263, 265, 266, 267, 269, 270, 272, 273, 275, 276, 279, 282, 283, 284, 288, 289, 290, 291, 292, 295, 298, 299, 300, 301, 302, 303, 305, 306, 309, 310, 319, 320, 321, 322, 323, 325, 326, 333, 334, 335, 336, 339, 340, 341, 343, 344, 345, 346, 348, 354, 356, 357, 367, 372, 373, 374, 375, 376, 378, 379, 382, 384, 386, 397, 398, 399, 400, 401, 402, 403, 404, 405, 406, 407, 408, 409, 410, 411, 412, 415, 418, 427, 428, 432, 433, 442, 443, 444, 445, 446, 447, 448, 449, 451, 457, 460, 461, 470, 485, 486, 488, 495, 496, 499, 502, 505, 506, 507, 508, 511, 526, 527, 529, 530, 538, 539, 540, 541, 546, 550, 552, 555, 557, 558, 560, 563, 564, 565, 566, 567, 570, 571, 572, 573, 574, 577, 578, 579, 580, 581, 584, 585, 587, 606, 607, 608, 613, 614, 628, 639, 640, 642, 643, 645, 646, 648, 650, 651, 653, 655, 659, 661, 663, 667, 669, 671, 672, 673, 694, 695, 697, 699, 733, 739, 741, 767, 781, 782, 785, 786, 788, 789, 792, 793, 794, 797, 806, 807, 808, 813, 821], "excluded_lines": []}, "": {"executed_lines": [1, 16, 17, 18, 19, 21, 22, 23, 24, 25, 26, 27, 28, 31, 32, 34, 35, 36, 38, 41, 42, 43, 58, 59, 60, 61, 62, 63, 64, 65, 66, 67, 68, 70, 75, 76, 80, 81, 87, 88, 92, 104, 129, 130, 156, 223, 589, 616, 630, 675, 743, 799, 800, 810, 811, 815], "summary": {"covered_lines": 53, "num_statements": 54, "percent_covered": 98.14814814814815, "percent_covered_display": "98.15", "missing_lines": 1, "excluded_lines": 0, "percent_statements_covered": 98.14814814814815, "percent_statements_covered_display": "98.15"}, "missing_lines": [33], "excluded_lines": []}}}, "src/raxe/application/scan_pipeline_async.py": {"executed_lines": [1, 24, 25, 26, 27, 28, 29, 31, 32, 33, 34, 35, 36, 37, 39, 42, 43, 44, 45, 46, 47, 48, 49, 50, 51, 52, 53, 54, 57, 58, 59, 60, 61, 62, 63, 64, 65, 66, 68, 69, 73, 74, 78, 79, 84, 85, 103, 131, 132, 133, 134, 135, 136, 137, 138, 139, 140, 142, 150, 176, 179, 183, 186, 190, 191, 194, 197, 198, 199, 200, 201, 202, 205, 207, 208, 213, 214, 215, 221, 222, 223, 224, 228, 229, 230, 231, 232, 238, 239, 240, 242, 244, 245, 246, 247, 255, 256, 260, 261, 262, 263, 264, 270, 271, 274, 275, 276, 279, 294, 297, 304, 305, 308, 311, 325, 336, 346, 352, 353, 360, 369, 370, 378, 388, 391, 393, 399, 401, 403, 405, 413, 415], "summary": {"covered_lines": 128, "num_statements": 143, "percent_covered": 89.5104895104895, "percent_covered_display": "89.51", "missing_lines": 15, "excluded_lines": 0, "percent_statements_covered": 89.5104895104895, "percent_statements_covered_display": "89.51"}, "missing_lines": [71, 76, 81, 177, 180, 184, 185, 187, 188, 235, 265, 266, 267, 295, 389], "excluded_lines": [], "functions": {"AsyncScanPipelineResult.has_threats": {"executed_lines": [], "summary": {"covered_lines": 0, "num_statements": 1, "percent_covered": 0.0, "percent_covered_display": "0.00", "missing_lines": 1, "excluded_lines": 0, "percent_statements_covered": 0.0, "percent_statements_covered_display": "0.00"}, "missing_lines": [71], "excluded_lines": []}, "AsyncScanPipelineResult.l1_detections": {"executed_lines": [], "summary": {"covered_lines": 0, "num_statements": 1, "percent_covered": 0.0, "percent_covered_display": "0.00", "missing_lines": 1, "excluded_lines": 0, "percent_statements_covered": 0.0, "percent_statements_covered_display": "0.00"}, "missing_lines": [76], "excluded_lines": []}, "AsyncScanPipelineResult.l2_detections": {"executed_lines": [], "summary": {"covered_lines": 0, "num_statements": 1, "percent_covered": 0.0, "percent_covered_display": "0.00", "missing_lines": 1, "excluded_lines": 0, "percent_statements_covered": 0.0, "percent_statements_covered_display": "0.00"}, "missing_lines": [81], "excluded_lines": []}, "AsyncScanPipeline.__init__": {"executed_lines": [131, 132, 133, 134, 135, 136, 137, 138, 139, 140, 142], "summary": {"covered_lines": 11, "num_statements": 11, "percent_covered": 100.0, "percent_covered_display": "100.00", "missing_lines": 0, "excluded_lines": 0, "percent_statements_covered": 100.0, "percent_statements_covered_display": "100.00"}, "missing_lines": [], "excluded_lines": []}, "AsyncScanPipeline.scan": {"executed_lines": [176, 179, 183, 186, 190, 191, 194, 197, 198, 199, 200, 201, 202, 205, 207, 208, 213, 214, 215, 221, 222, 223, 224, 228, 229, 230, 231, 232, 238, 239, 240, 242, 244, 245, 246, 247, 255, 256, 260, 261, 262, 263, 264, 270, 271, 274, 275, 276, 279, 294, 297, 304, 305, 308, 311, 325, 336], "summary": {"covered_lines": 57, "num_statements": 68, "percent_covered": 83.82352941176471, "percent_covered_display": "83.82", "missing_lines": 11, "excluded_lines": 0, "percent_statements_covered": 83.82352941176471, "percent_statements_covered_display": "83.82"}, "missing_lines": [177, 180, 184, 185, 187, 188, 235, 265, 266, 267, 295], "excluded_lines": []}, "AsyncScanPipeline._run_l1_async": {"executed_lines": [352, 353], "summary": {"covered_lines": 2, "num_statements": 2, "percent_covered": 100.0, "percent_covered_display": "100.00", "missing_lines": 0, "excluded_lines": 0, "percent_statements_covered": 100.0, "percent_statements_covered_display": "100.00"}, "missing_lines": [], "excluded_lines": []}, "AsyncScanPipeline._run_l2_async": {"executed_lines": [369, 370], "summary": {"covered_lines": 2, "num_statements": 2, "percent_covered": 100.0, "percent_covered_display": "100.00", "missing_lines": 0, "excluded_lines": 0, "percent_statements_covered": 100.0, "percent_statements_covered_display": "100.00"}, "missing_lines": [], "excluded_lines": []}, "AsyncScanPipeline._should_cancel_l2": {"executed_lines": [388, 391, 393, 399, 401], "summary": {"covered_lines": 5, "num_statements": 6, "percent_covered": 83.33333333333333, "percent_covered_display": "83.33", "missing_lines": 1, "excluded_lines": 0, "percent_statements_covered": 83.33333333333333, "percent_statements_covered_display": "83.33"}, "missing_lines": [389], "excluded_lines": []}, "AsyncScanPipeline._create_empty_l1_result": {"executed_lines": [405], "summary": {"covered_lines": 1, "num_statements": 1, "percent_covered": 100.0, "percent_covered_display": "100.00", "missing_lines": 0, "excluded_lines": 0, "percent_statements_covered": 100.0, "percent_statements_covered_display": "100.00"}, "missing_lines": [], "excluded_lines": []}, "AsyncScanPipeline._hash_text": {"executed_lines": [415], "summary": {"covered_lines": 1, "num_statements": 1, "percent_covered": 100.0, "percent_covered_display": "100.00", "missing_lines": 0, "excluded_lines": 0, "percent_statements_covered": 100.0, "percent_statements_covered_display": "100.00"}, "missing_lines": [], "excluded_lines": []}, "": {"executed_lines": [1, 24, 25, 26, 27, 28, 29, 31, 32, 33, 34, 35, 36, 37, 39, 42, 43, 44, 45, 46, 47, 48, 49, 50, 51, 52, 53, 54, 57, 58, 59, 60, 61, 62, 63, 64, 65, 66, 68, 69, 73, 74, 78, 79, 84, 85, 103, 150, 346, 360, 378, 403, 413], "summary": {"covered_lines": 49, "num_statements": 49, "percent_covered": 100.0, "percent_covered_display": "100.00", "missing_lines": 0, "excluded_lines": 0, "percent_statements_covered": 100.0, "percent_statements_covered_display": "100.00"}, "missing_lines": [], "excluded_lines": []}}, "classes": {"AsyncScanMetrics": {"executed_lines": [], "summary": {"covered_lines": 0, "num_statements": 0, "percent_covered": 100.0, "percent_covered_display": "100.00", "missing_lines": 0, "excluded_lines": 0, "percent_statements_covered": 100.0, "percent_statements_covered_display": "100.00"}, "missing_lines": [], "excluded_lines": []}, "AsyncScanPipelineResult": {"executed_lines": [], "summary": {"covered_lines": 0, "num_statements": 3, "percent_covered": 0.0, "percent_covered_display": "0.00", "missing_lines": 3, "excluded_lines": 0, "percent_statements_covered": 0.0, "percent_statements_covered_display": "0.00"}, "missing_lines": [71, 76, 81], "excluded_lines": []}, "AsyncScanPipeline": {"executed_lines": [131, 132, 133, 134, 135, 136, 137, 138, 139, 140, 142, 176, 179, 183, 186, 190, 191, 194, 197, 198, 199, 200, 201, 202, 205, 207, 208, 213, 214, 215, 221, 222, 223, 224, 228, 229, 230, 231, 232, 238, 239, 240, 242, 244, 245, 246, 247, 255, 256, 260, 261, 262, 263, 264, 270, 271, 274, 275, 276, 279, 294, 297, 304, 305, 308, 311, 325, 336, 352, 353, 369, 370, 388, 391, 393, 399, 401, 405, 415], "summary": {"covered_lines": 79, "num_statements": 91, "percent_covered": 86.81318681318682, "percent_covered_display": "86.81", "missing_lines": 12, "excluded_lines": 0, "percent_statements_covered": 86.81318681318682, "percent_statements_covered_display": "86.81"}, "missing_lines": [177, 180, 184, 185, 187, 188, 235, 265, 266, 267, 295, 389], "excluded_lines": []}, "": {"executed_lines": [1, 24, 25, 26, 27, 28, 29, 31, 32, 33, 34, 35, 36, 37, 39, 42, 43, 44, 45, 46, 47, 48, 49, 50, 51, 52, 53, 54, 57, 58, 59, 60, 61, 62, 63, 64, 65, 66, 68, 69, 73, 74, 78, 79, 84, 85, 103, 150, 346, 360, 378, 403, 413], "summary": {"covered_lines": 49, "num_statements": 49, "percent_covered": 100.0, "percent_covered_display": "100.00", "missing_lines": 0, "excluded_lines": 0, "percent_statements_covered": 100.0, "percent_statements_covered_display": "100.00"}, "missing_lines": [], "excluded_lines": []}}}, "src/raxe/application/telemetry_manager.py": {"executed_lines": [1, 9, 10, 11, 12, 13, 14, 16, 17, 18, 19, 21, 24, 25, 35, 69, 95, 105, 121, 160, 222, 245, 269, 291, 311, 316, 345, 349], "summary": {"covered_lines": 26, "num_statements": 143, "percent_covered": 18.181818181818183, "percent_covered_display": "18.18", "missing_lines": 117, "excluded_lines": 0, "percent_statements_covered": 18.181818181818183, "percent_statements_covered_display": "18.18"}, "missing_lines": [49, 50, 51, 52, 54, 55, 56, 57, 58, 61, 64, 65, 67, 72, 78, 79, 87, 97, 102, 103, 107, 109, 110, 112, 113, 116, 118, 119, 123, 124, 126, 128, 132, 133, 136, 139, 140, 141, 142, 144, 146, 150, 155, 157, 158, 177, 178, 181, 182, 184, 186, 187, 188, 191, 201, 204, 211, 212, 214, 216, 217, 218, 219, 220, 224, 227, 228, 229, 230, 231, 232, 235, 236, 237, 240, 241, 243, 247, 248, 251, 252, 255, 256, 257, 260, 261, 264, 265, 267, 271, 272, 274, 275, 283, 288, 289, 298, 299, 301, 309, 313, 314, 323, 324, 326, 329, 332, 333, 334, 335, 338, 339, 340, 341, 343, 347, 351], "excluded_lines": [], "functions": {"TelemetryManager.__init__": {"executed_lines": [], "summary": {"covered_lines": 0, "num_statements": 13, "percent_covered": 0.0, "percent_covered_display": "0.00", "missing_lines": 13, "excluded_lines": 0, "percent_statements_covered": 0.0, "percent_statements_covered_display": "0.00"}, "missing_lines": [49, 50, 51, 52, 54, 55, 56, 57, 58, 61, 64, 65, 67], "excluded_lines": []}, "TelemetryManager._init_components": {"executed_lines": [], "summary": {"covered_lines": 0, "num_statements": 4, "percent_covered": 0.0, "percent_covered_display": "0.00", "missing_lines": 4, "excluded_lines": 0, "percent_statements_covered": 0.0, "percent_statements_covered_display": "0.00"}, "missing_lines": [72, 78, 79, 87], "excluded_lines": []}, "TelemetryManager._start_flush_thread": {"executed_lines": [], "summary": {"covered_lines": 0, "num_statements": 3, "percent_covered": 0.0, "percent_covered_display": "0.00", "missing_lines": 3, "excluded_lines": 0, "percent_statements_covered": 0.0, "percent_statements_covered_display": "0.00"}, "missing_lines": [97, 102, 103], "excluded_lines": []}, "TelemetryManager._flush_loop": {"executed_lines": [], "summary": {"covered_lines": 0, "num_statements": 8, "percent_covered": 0.0, "percent_covered_display": "0.00", "missing_lines": 8, "excluded_lines": 0, "percent_statements_covered": 0.0, "percent_statements_covered_display": "0.00"}, "missing_lines": [107, 109, 110, 112, 113, 116, 118, 119], "excluded_lines": []}, "TelemetryManager._flush_
[...]
d_lines": 0, "num_statements": 6, "percent_covered": 0.0, "percent_covered_display": "0.00", "missing_lines": 6, "excluded_lines": 0, "percent_statements_covered": 0.0, "percent_statements_covered_display": "0.00"}, "missing_lines": [274, 275, 276, 277, 280, 281], "excluded_lines": []}, "LatencyTracker.get_percentile": {"executed_lines": [], "summary": {"covered_lines": 0, "num_statements": 7, "percent_covered": 0.0, "percent_covered_display": "0.00", "missing_lines": 7, "excluded_lines": 0, "percent_statements_covered": 0.0, "percent_statements_covered_display": "0.00"}, "missing_lines": [292, 293, 294, 296, 297, 298, 299], "excluded_lines": []}, "LatencyTracker.p50": {"executed_lines": [], "summary": {"covered_lines": 0, "num_statements": 1, "percent_covered": 0.0, "percent_covered_display": "0.00", "missing_lines": 1, "excluded_lines": 0, "percent_statements_covered": 0.0, "percent_statements_covered_display": "0.00"}, "missing_lines": [304], "excluded_lines": []}, "LatencyTracker.p95": {"executed_lines": [], "summary": {"covered_lines": 0, "num_statements": 1, "percent_covered": 0.0, "percent_covered_display": "0.00", "missing_lines": 1, "excluded_lines": 0, "percent_statements_covered": 0.0, "percent_statements_covered_display": "0.00"}, "missing_lines": [309], "excluded_lines": []}, "LatencyTracker.p99": {"executed_lines": [], "summary": {"covered_lines": 0, "num_statements": 1, "percent_covered": 0.0, "percent_covered_display": "0.00", "missing_lines": 1, "excluded_lines": 0, "percent_statements_covered": 0.0, "percent_statements_covered_display": "0.00"}, "missing_lines": [314], "excluded_lines": []}, "LatencyTracker.average": {"executed_lines": [], "summary": {"covered_lines": 0, "num_statements": 4, "percent_covered": 0.0, "percent_covered_display": "0.00", "missing_lines": 4, "excluded_lines": 0, "percent_statements_covered": 0.0, "percent_statements_covered_display": "0.00"}, "missing_lines": [319, 320, 321, 322], "excluded_lines": []}, "LatencyTracker.get_stats": {"executed_lines": [], "summary": {"covered_lines": 0, "num_statements": 1, "percent_covered": 0.0, "percent_covered_display": "0.00", "missing_lines": 1, "excluded_lines": 0, "percent_statements_covered": 0.0, "percent_statements_covered_display": "0.00"}, "missing_lines": [326], "excluded_lines": []}, "PerformanceMonitor.__init__": {"executed_lines": [], "summary": {"covered_lines": 0, "num_statements": 5, "percent_covered": 0.0, "percent_covered_display": "0.00", "missing_lines": 5, "excluded_lines": 0, "percent_statements_covered": 0.0, "percent_statements_covered_display": "0.00"}, "missing_lines": [349, 350, 355, 356, 357], "excluded_lines": []}, "PerformanceMonitor.should_check": {"executed_lines": [], "summary": {"covered_lines": 0, "num_statements": 19, "percent_covered": 0.0, "percent_covered_display": "0.00", "missing_lines": 19, "excluded_lines": 0, "percent_statements_covered": 0.0, "percent_statements_covered_display": "0.00"}, "missing_lines": [367, 369, 371, 373, 374, 375, 377, 379, 380, 381, 383, 385, 386, 388, 391, 393, 394, 395, 397], "excluded_lines": []}, "PerformanceMonitor.record_latency": {"executed_lines": [], "summary": {"covered_lines": 0, "num_statements": 1, "percent_covered": 0.0, "percent_covered_display": "0.00", "missing_lines": 1, "excluded_lines": 0, "percent_statements_covered": 0.0, "percent_statements_covered_display": "0.00"}, "missing_lines": [405], "excluded_lines": []}, "PerformanceMonitor.get_stats": {"executed_lines": [], "summary": {"covered_lines": 0, "num_statements": 1, "percent_covered": 0.0, "percent_covered_display": "0.00", "missing_lines": 1, "excluded_lines": 0, "percent_statements_covered": 0.0, "percent_statements_covered_display": "0.00"}, "missing_lines": [409], "excluded_lines": []}, "": {"executed_lines": [1, 17, 18, 19, 20, 21, 22, 24, 27, 28, 30, 31, 32, 33, 36, 37, 39, 40, 41, 44, 45, 46, 56, 57, 58, 59, 60, 61, 64, 65, 66, 69, 70, 71, 74, 75, 99, 125, 170, 182, 193, 201, 209, 210, 215, 216, 220, 221, 225, 234, 249, 250, 256, 268, 283, 301, 302, 306, 307, 311, 312, 316, 317, 324, 336, 337, 343, 359, 399, 407], "summary": {"covered_lines": 61, "num_statements": 61, "percent_covered": 100.0, "percent_covered_display": "100.00", "missing_lines": 0, "excluded_lines": 0, "percent_statements_covered": 100.0, "percent_statements_covered_display": "100.00"}, "missing_lines": [], "excluded_lines": []}}, "classes": {"PerformanceMode": {"executed_lines": [], "summary": {"covered_lines": 0, "num_statements": 0, "percent_covered": 100.0, "percent_covered_display": "100.00", "missing_lines": 0, "excluded_lines": 0, "percent_statements_covered": 100.0, "percent_statements_covered_display": "100.00"}, "missing_lines": [], "excluded_lines": []}, "CircuitState": {"executed_lines": [], "summary": {"covered_lines": 0, "num_statements": 0, "percent_covered": 100.0, "percent_covered_display": "100.00", "missing_lines": 0, "excluded_lines": 0, "percent_statements_covered": 100.0, "percent_statements_covered_display": "100.00"}, "missing_lines": [], "excluded_lines": []}, "PerformanceConfig": {"executed_lines": [], "summary": {"covered_lines": 0, "num_statements": 0, "percent_covered": 100.0, "percent_covered_display": "100.00", "missing_lines": 0, "excluded_lines": 0, "percent_statements_covered": 100.0, "percent_statements_covered_display": "100.00"}, "missing_lines": [], "excluded_lines": []}, "CircuitBreakerError": {"executed_lines": [], "summary": {"covered_lines": 0, "num_statements": 0, "percent_covered": 100.0, "percent_covered_display": "100.00", "missing_lines": 0, "excluded_lines": 0, "percent_statements_covered": 100.0, "percent_statements_covered_display": "100.00"}, "missing_lines": [], "excluded_lines": []}, "PerformanceDegradedError": {"executed_lines": [], "summary": {"covered_lines": 0, "num_statements": 0, "percent_covered": 100.0, "percent_covered_display": "100.00", "missing_lines": 0, "excluded_lines": 0, "percent_statements_covered": 100.0, "percent_statements_covered_display": "100.00"}, "missing_lines": [], "excluded_lines": []}, "CircuitBreaker": {"executed_lines": [], "summary": {"covered_lines": 0, "num_statements": 59, "percent_covered": 0.0, "percent_covered_display": "0.00", "missing_lines": 59, "excluded_lines": 0, "percent_statements_covered": 0.0, "percent_statements_covered_display": "0.00"}, "missing_lines": [113, 114, 115, 118, 119, 120, 121, 122, 123, 140, 142, 144, 145, 146, 148, 154, 155, 156, 159, 162, 163, 164, 165, 166, 167, 168, 172, 173, 174, 177, 178, 179, 180, 184, 185, 186, 187, 190, 191, 195, 196, 198, 199, 203, 204, 206, 207, 212, 213, 218, 223, 227, 228, 229, 230, 231, 232, 236, 237], "excluded_lines": []}, "LatencyTracker": {"executed_lines": [], "summary": {"covered_lines": 0, "num_statements": 26, "percent_covered": 0.0, "percent_covered_display": "0.00", "missing_lines": 26, "excluded_lines": 0, "percent_statements_covered": 0.0, "percent_statements_covered_display": "0.00"}, "missing_lines": [262, 263, 264, 265, 266, 274, 275, 276, 277, 280, 281, 292, 293, 294, 296, 297, 298, 299, 304, 309, 314, 319, 320, 321, 322, 326], "excluded_lines": []}, "PerformanceMonitor": {"executed_lines": [], "summary": {"covered_lines": 0, "num_statements": 26, "percent_covered": 0.0, "percent_covered_display": "0.00", "missing_lines": 26, "excluded_lines": 0, "percent_statements_covered": 0.0, "percent_statements_covered_display": "0.00"}, "missing_lines": [349, 350, 355, 356, 357, 367, 369, 371, 373, 374, 375, 377, 379, 380, 381, 383, 385, 386, 388, 391, 393, 394, 395, 397, 405, 409], "excluded_lines": []}, "": {"executed_lines": [1, 17, 18, 19, 20, 21, 22, 24, 27, 28, 30, 31, 32, 33, 36, 37, 39, 40, 41, 44, 45, 46, 56, 57, 58, 59, 60, 61, 64, 65, 66, 69, 70, 71, 74, 75, 99, 125, 170, 182, 193, 201, 209, 210, 215, 216, 220, 221, 225, 234, 249, 250, 256, 268, 283, 301, 302, 306, 307, 311, 312, 316, 317, 324, 336, 337, 343, 359, 399, 407], "summary": {"covered_lines": 61, "num_statements": 61, "percent_covered": 100.0, "percent_covered_display": "100.00", "missing_lines": 0, "excluded_lines": 0, "percent_statements_covered": 100.0, "percent_statements_covered_display": "100.00"}, "missing_lines": [], "excluded_lines": []}}}, "src/raxe/utils/profiler.py": {"executed_lines": [1, 6, 7, 8, 10, 11, 12, 15, 16, 17, 25, 26, 27, 28, 31, 32, 33, 42, 43, 44, 45, 46, 48, 49, 56, 57, 63, 64, 73, 74, 75, 85, 86, 87, 88, 89, 90, 92, 93, 99, 100, 106, 107, 113, 152, 184, 185, 190, 204, 249, 300], "summary": {"covered_lines": 46, "num_statements": 134, "percent_covered": 34.32835820895522, "percent_covered_display": "34.33", "missing_lines": 88, "excluded_lines": 0, "percent_statements_covered": 34.32835820895522, "percent_statements_covered_display": "34.33"}, "missing_lines": [51, 52, 53, 54, 59, 60, 61, 66, 95, 96, 97, 102, 103, 104, 109, 110, 111, 119, 122, 123, 126, 127, 128, 133, 134, 139, 140, 145, 146, 150, 158, 161, 163, 164, 166, 167, 169, 170, 172, 173, 176, 177, 178, 179, 181, 201, 202, 221, 222, 225, 228, 229, 230, 233, 234, 235, 236, 238, 240, 259, 260, 261, 262, 264, 265, 268, 269, 270, 271, 272, 274, 277, 278, 279, 281, 283, 290, 292, 310, 311, 319, 322, 325, 326, 327, 328, 330, 333], "excluded_lines": [], "functions": {"LayerProfile.cache_hit_rate": {"executed_lines": [], "summary": {"covered_lines": 0, "num_statements": 4, "percent_covered": 0.0, "percent_covered_display": "0.00", "missing_lines": 4, "excluded_lines": 0, "percent_statements_covered": 0.0, "percent_statements_covered_display": "0.00"}, "missing_lines": [51, 52, 53, 54], "excluded_lines": []}, "LayerProfile.average_rule_time_ms": {"executed_lines": [], "summary": {"covered_lines": 0, "num_statements": 3, "percent_covered": 0.0, "percent_covered_display": "0.00", "missing_lines": 3, "excluded_lines": 0, "percent_statements_covered": 0.0, "percent_statements_covered_display": "0.00"}, "missing_lines": [59, 60, 61], "excluded_lines": []}, "LayerProfile.slowest_rules": {"executed_lines": [], "summary": {"covered_lines": 0, "num_statements": 1, "percent_covered": 0.0, "percent_covered_display": "0.00", "missing_lines": 1, "excluded_lines": 0, "percent_statements_covered": 0.0, "percent_statements_covered_display": "0.00"}, "missing_lines": [66], "excluded_lines": []}, "ProfileResult.l1_percentage": {"executed_lines": [], "summary": {"covered_lines": 0, "num_statements": 3, "percent_covered": 0.0, "percent_covered_display": "0.00", "missing_lines": 3, "excluded_lines": 0, "percent_statements_covered": 0.0, "percent_statements_covered_display": "0.00"}, "missing_lines": [95, 96, 97], "excluded_lines": []}, "ProfileResult.l2_percentage": {"executed_lines": [], "summary": {"covered_lines": 0, "num_statements": 3, "percent_covered": 0.0, "percent_covered_display": "0.00", "missing_lines": 3, "excluded_lines": 0, "percent_statements_covered": 0.0, "percent_statements_covered_display": "0.00"}, "missing_lines": [102, 103, 104], "excluded_lines": []}, "ProfileResult.overhead_percentage": {"executed_lines": [], "summary": {"covered_lines": 0, "num_statements": 3, "percent_covered": 0.0, "percent_covered_display": "0.00", "missing_lines": 3, "excluded_lines": 0, "percent_statements_covered": 0.0, "percent_statements_covered_display": "0.00"}, "missing_lines": [109, 110, 111], "excluded_lines": []}, "ProfileResult.identify_bottlenecks": {"executed_lines": [], "summary": {"covered_lines": 0, "num_statements": 13, "percent_covered": 0.0, "percent_covered_display": "0.00", "missing_lines": 13, "excluded_lines": 0, "percent_statements_covered": 0.0, "percent_statements_covered_display": "0.00"}, "missing_lines": [119, 122, 123, 126, 127, 128, 133, 134, 139, 140, 145, 146, 150], "excluded_lines": []}, "ProfileResult.get_recommendations": {"executed_lines": [], "summary": {"covered_lines": 0, "num_statements": 15, "percent_covered": 0.0, "percent_covered_display": "0.00", "missing_lines": 15, "excluded_lines": 0, "percent_statements_covered": 0.0, "percent_statements_covered_display": "0.00"}, "missing_lines": [158, 161, 163, 164, 166, 167, 169, 170, 172, 173, 176, 177, 178, 179, 181], "excluded_lines": []}, "ScanProfiler.__init__": {"executed_lines": [], "summary": {"covered_lines": 0, "num_statements": 2, "percent_covered": 0.0, "percent_covered_display": "0.00", "missing_lines": 2, "excluded_lines": 0, "percent_statements_covered": 0.0, "percent_statements_covered_display": "0.00"}, "missing_lines": [201, 202], "excluded_lines": []}, "ScanProfiler.profile_scan": {"executed_lines": [], "summary": {"covered_lines": 0, "num_statements": 12, "percent_covered": 0.0, "percent_covered_display": "0.00", "missing_lines": 12, "excluded_lines": 0, "percent_statements_covered": 0.0, "percent_statements_covered_display": "0.00"}, "missing_lines": [221, 222, 225, 228, 229, 230, 233, 234, 235, 236, 238, 240], "excluded_lines": []}, "ScanProfiler._profile_l1": {"executed_lines": [], "summary": {"covered_lines": 0, "num_statements": 19, "percent_covered": 0.0, "percent_covered_display": "0.00", "missing_lines": 19, "excluded_lines": 0, "percent_statements_covered": 0.0, "percent_statements_covered_display": "0.00"}, "missing_lines": [259, 260, 261, 262, 264, 265, 268, 269, 270, 271, 272, 274, 277, 278, 279, 281, 283, 290, 292], "excluded_lines": []}, "ScanProfiler._profile_l2": {"executed_lines": [], "summary": {"covered_lines": 0, "num_statements": 10, "percent_covered": 0.0, "percent_covered_display": "0.00", "missing_lines": 10, "excluded_lines": 0, "percent_statements_covered": 0.0, "percent_statements_covered_display": "0.00"}, "missing_lines": [310, 311, 319, 322, 325, 326, 327, 328, 330, 333], "excluded_lines": []}, "": {"executed_lines": [1, 6, 7, 8, 10, 11, 12, 15, 16, 17, 25, 26, 27, 28, 31, 32, 33, 42, 43, 44, 45, 46, 48, 49, 56, 57, 63, 64, 73, 74, 75, 85, 86, 87, 88, 89, 90, 92, 93, 99, 100, 106, 107, 113, 152, 184, 185, 190, 204, 249, 300], "summary": {"covered_lines": 46, "num_statements": 46, "percent_covered": 100.0, "percent_covered_display": "100.00", "missing_lines": 0, "excluded_lines": 0, "percent_statements_covered": 100.0, "percent_statements_covered_display": "100.00"}, "missing_lines": [], "excluded_lines": []}}, "classes": {"RuleProfile": {"executed_lines": [], "summary": {"covered_lines": 0, "num_statements": 0, "percent_covered": 100.0, "percent_covered_display": "100.00", "missing_lines": 0, "excluded_lines": 0, "percent_statements_covered": 100.0, "percent_statements_covered_display": "100.00"}, "missing_lines": [], "excluded_lines": []}, "LayerProfile": {"executed_lines": [], "summary": {"covered_lines": 0, "num_statements": 8, "percent_covered": 0.0, "percent_covered_display": "0.00", "missing_lines": 8, "excluded_lines": 0, "percent_statements_covered": 0.0, "percent_statements_covered_display": "0.00"}, "missing_lines": [51, 52, 53, 54, 59, 60, 61, 66], "excluded_lines": []}, "ProfileResult": {"executed_lines": [], "summary": {"covered_lines": 0, "num_statements": 37, "percent_covered": 0.0, "percent_covered_display": "0.00", "missing_lines": 37, "excluded_lines": 0, "percent_statements_covered": 0.0, "percent_statements_covered_display": "0.00"}, "missing_lines": [95, 96, 97, 102, 103, 104, 109, 110, 111, 119, 122, 123, 126, 127, 128, 133, 134, 139, 140, 145, 146, 150, 158, 161, 163, 164, 166, 167, 169, 170, 172, 173, 176, 177, 178, 179, 181], "excluded_lines": []}, "ScanProfiler": {"executed_lines": [], "summary": {"covered_lines": 0, "num_statements": 43, "percent_covered": 0.0, "percent_covered_display": "0.00", "missing_lines": 43, "excluded_lines": 0, "percent_statements_covered": 0.0, "percent_statements_covered_display": "0.00"}, "missing_lines": [201, 202, 221, 222, 225, 228, 229, 230, 233, 234, 235, 236, 238, 240, 259, 260, 261, 262, 264, 265, 268, 269, 270, 271, 272, 274, 277, 278, 279, 281, 283, 290, 292, 310, 311, 319, 322, 325, 326, 327, 328, 330, 333], "excluded_lines": []}, "": {"executed_lines": [1, 6, 7, 8, 10, 11, 12, 15, 16, 17, 25, 26, 27, 28, 31, 32, 33, 42, 43, 44, 45, 46, 48, 49, 56, 57, 63, 64, 73, 74, 75, 85, 86, 87, 88, 89, 90, 92, 93, 99, 100, 106, 107, 113, 152, 184, 185, 190, 204, 249, 300], "summary": {"covered_lines": 46, "num_statements": 46, "percent_covered": 100.0, "percent_covered_display": "100.00", "missing_lines": 0, "excluded_lines": 0, "percent_statements_covered": 100.0, "percent_statements_covered_display": "100.00"}, "missing_lines": [], "excluded_lines": []}}}, "src/raxe/utils/validators.py": {"executed_lines": [1, 8, 11, 12, 13, 16, 87, 105, 138], "summary": {"covered_lines": 7, "num_statements": 45, "percent_covered": 15.555555555555555, "percent_covered_display": "15.56", "missing_lines": 38, "excluded_lines": 0, "percent_statements_covered": 15.555555555555555, "percent_statements_covered_display": "15.56"}, "missing_lines": [43, 44, 46, 47, 50, 51, 57, 58, 60, 61, 67, 68, 70, 71, 73, 74, 79, 80, 81, 82, 98, 99, 101, 102, 124, 125, 127, 128, 132, 133, 155, 156, 158, 159, 162, 163, 169, 170], "excluded_lines": [], "functions": {"validate_date_range": {"executed_lines": [], "summary": {"covered_lines": 0, "num_statements": 20, "percent_covered": 0.0, "percent_covered_display": "0.00", "missing_lines": 20, "excluded_lines": 0, "percent_statements_covered": 0.0, "percent_statements_covered_display": "0.00"}, "missing_lines": [43, 44, 46, 47, 50, 51, 57, 58, 60, 61, 67, 68, 70, 71, 73, 74, 79, 80, 81, 82], "excluded_lines": []}, "validate_positive_integer": {"executed_lines": [], "summary": {"covered_lines": 0, "num_statements": 4, "percent_covered": 0.0, "percent_covered_display": "0.00", "missing_lines": 4, "excluded_lines": 0, "percent_statements_covered": 0.0, "percent_statements_covered_display": "0.00"}, "missing_lines": [98, 99, 101, 102], "excluded_lines": []}, "validate_string_length": {"executed_lines": [], "summary": {"covered_lines": 0, "num_statements": 6, "percent_covered": 0.0, "percent_covered_display": "0.00", "missing_lines": 6, "excluded_lines": 0, "percent_statements_covered": 0.0, "percent_statements_covered_display": "0.00"}, "missing_lines": [124, 125, 127, 128, 132, 133], "excluded_lines": []}, "validate_sql_identifier": {"executed_lines": [], "summary": {"covered_lines": 0, "num_statements": 8, "percent_covered": 0.0, "percent_covered_display": "0.00", "missing_lines": 8, "excluded_lines": 0, "percent_statements_covered": 0.0, "percent_statements_covered_display": "0.00"}, "missing_lines": [155, 156, 158, 159, 162, 163, 169, 170], "excluded_lines": []}, "": {"executed_lines": [1, 8, 11, 12, 13, 16, 87, 105, 138], "summary": {"covered_lines": 7, "num_statements": 7, "percent_covered": 100.0, "percent_covered_display": "100.00", "missing_lines": 0, "excluded_lines": 0, "percent_statements_covered": 100.0, "percent_statements_covered_display": "100.00"}, "missing_lines": [], "excluded_lines": []}}, "classes": {"ValidationError": {"executed_lines": [], "summary": {"covered_lines": 0, "num_statements": 0, "percent_covered": 100.0, "percent_covered_display": "100.00", "missing_lines": 0, "excluded_lines": 0, "percent_statements_covered": 100.0, "percent_statements_covered_display": "100.00"}, "missing_lines": [], "excluded_lines": []}, "": {"executed_lines": [1, 8, 11, 12, 13, 16, 87, 105, 138], "summary": {"covered_lines": 7, "num_statements": 45, "percent_covered": 15.555555555555555, "percent_covered_display": "15.56", "missing_lines": 38, "excluded_lines": 0, "percent_statements_covered": 15.555555555555555, "percent_statements_covered_display": "15.56"}, "missing_lines": [43, 44, 46, 47, 50, 51, 57, 58, 60, 61, 67, 68, 70, 71, 73, 74, 79, 80, 81, 82, 98, 99, 101, 102, 124, 125, 127, 128, 132, 133, 155, 156, 158, 159, 162, 163, 169, 170], "excluded_lines": []}}}}, "totals": {"covered_lines": 3391, "num_statements": 12169, "percent_covered": 27.865888733667514, "percent_covered_display": "27.87", "missing_lines": 8778, "excluded_lines": 272, "percent_statements_covered": 27.865888733667514, "percent_statements_covered_display": "27.87"}}