{"meta": {"format": 3, "version": "7.12.0", "timestamp": "2025-11-22T19:45:44.064406", "branch_coverage": false, "show_contexts": false}, "files": {"src/raxe/application/ab_testing.py": {"executed_lines": [1, 5, 6, 7, 8, 10, 13, 14, 16, 17, 20, 21, 22, 24, 25, 26, 28, 30, 31, 34, 35, 38, 39, 41, 47, 48, 49, 53, 69, 70, 73, 74, 75, 76, 79, 82, 83, 86, 89, 91, 92, 94, 104, 107, 110, 113, 114, 116, 118, 134, 141, 147, 151, 156, 158, 167, 169, 170], "summary": {"covered_lines": 54, "num_statements": 54, "percent_covered": 100.0, "percent_covered_display": "100.00", "missing_lines": 0, "excluded_lines": 0, "percent_statements_covered": 100.0, "percent_statements_covered_display": "100.00"}, "missing_lines": [], "excluded_lines": [], "functions": {"ABTestConfig.__post_init__": {"executed_lines": [30, 31, 34, 35], "summary": {"covered_lines": 4, "num_statements": 4, "percent_covered": 100.0, "percent_covered_display": "100.00", "missing_lines": 0, "excluded_lines": 0, "percent_statements_covered": 100.0, "percent_statements_covered_display": "100.00"}, "missing_lines": [], "excluded_lines": []}, "ABTestManager.__init__": {"executed_lines": [47, 48, 49], "summary": {"covered_lines": 3, "num_statements": 3, "percent_covered": 100.0, "percent_covered_display": "100.00", "missing_lines": 0, "excluded_lines": 0, "percent_statements_covered": 100.0, "percent_statements_covered_display": "100.00"}, "missing_lines": [], "excluded_lines": []}, "ABTestManager.get_detector_mode": {"executed_lines": [69, 70, 73, 74, 75, 76, 79, 82, 83, 86, 89, 91, 92], "summary": {"covered_lines": 13, "num_statements": 13, "percent_covered": 100.0, "percent_covered_display": "100.00", "missing_lines": 0, "excluded_lines": 0, "percent_statements_covered": 100.0, "percent_statements_covered_display": "100.00"}, "missing_lines": [], "excluded_lines": []}, "ABTestManager._calculate_cohort": {"executed_lines": [104, 107, 110, 113, 114, 116], "summary": {"covered_lines": 6, "num_statements": 6, "percent_covered": 100.0, "percent_covered_display": "100.00", "missing_lines": 0, "excluded_lines": 0, "percent_statements_covered": 100.0, "percent_statements_covered_display": "100.00"}, "missing_lines": [], "excluded_lines": []}, "ABTestManager.record_outcome": {"executed_lines": [134], "summary": {"covered_lines": 1, "num_statements": 1, "percent_covered": 100.0, "percent_covered_display": "100.00", "missing_lines": 0, "excluded_lines": 0, "percent_statements_covered": 100.0, "percent_statements_covered_display": "100.00"}, "missing_lines": [], "excluded_lines": []}, "ABTestManager.get_cohort_stats": {"executed_lines": [147, 151, 156, 158], "summary": {"covered_lines": 4, "num_statements": 4, "percent_covered": 100.0, "percent_covered_display": "100.00", "missing_lines": 0, "excluded_lines": 0, "percent_statements_covered": 100.0, "percent_statements_covered_display": "100.00"}, "missing_lines": [], "excluded_lines": []}, "ABTestManager.clear_cache": {"executed_lines": [169, 170], "summary": {"covered_lines": 2, "num_statements": 2, "percent_covered": 100.0, "percent_covered_display": "100.00", "missing_lines": 0, "excluded_lines": 0, "percent_statements_covered": 100.0, "percent_statements_covered_display": "100.00"}, "missing_lines": [], "excluded_lines": []}, "": {"executed_lines": [1, 5, 6, 7, 8, 10, 13, 14, 16, 17, 20, 21, 22, 24, 25, 26, 28, 38, 39, 41, 53, 94, 118, 141, 167], "summary": {"covered_lines": 21, "num_statements": 21, "percent_covered": 100.0, "percent_covered_display": "100.00", "missing_lines": 0, "excluded_lines": 0, "percent_statements_covered": 100.0, "percent_statements_covered_display": "100.00"}, "missing_lines": [], "excluded_lines": []}}, "classes": {"DetectorMode": {"executed_lines": [], "summary": {"covered_lines": 0, "num_statements": 0, "percent_covered": 100.0, "percent_covered_display": "100.00", "missing_lines": 0, "excluded_lines": 0, "percent_statements_covered": 100.0, "percent_statements_covered_display": "100.00"}, "missing_lines": [], "excluded_lines": []}, "ABTestConfig": {"executed_lines": [30, 31, 34, 35], "summary": {"covered_lines": 4, "num_statements": 4, "percent_covered": 100.0, "percent_covered_display": "100.00", "missing_lines": 0, "excluded_lines": 0, "percent_statements_covered": 100.0, "percent_statements_covered_display": "100.00"}, "missing_lines": [], "excluded_lines": []}, "ABTestManager": {"executed_lines": [47, 48, 49, 69, 70, 73, 74, 75, 76, 79, 82, 83, 86, 89, 91, 92, 104, 107, 110, 113, 114, 116, 134, 147, 151, 156, 158, 169, 170], "summary": {"covered_lines": 29, "num_statements": 29, "percent_covered": 100.0, "percent_covered_display": "100.00", "missing_lines": 0, "excluded_lines": 0, "percent_statements_covered": 100.0, "percent_statements_covered_display": "100.00"}, "missing_lines": [], "excluded_lines": []}, "": {"executed_lines": [1, 5, 6, 7, 8, 10, 13, 14, 16, 17, 20, 21, 22, 24, 25, 26, 28, 38, 39, 41, 53, 94, 118, 141, 167], "summary": {"covered_lines": 21, "num_statements": 21, "percent_covered": 100.0, "percent_covered_display": "100.00", "missing_lines": 0, "excluded_lines": 0, "percent_statements_covered": 100.0, "percent_statements_covered_display": "100.00"}, "missing_lines": [], "excluded_lines": []}}}, "src/raxe/application/analytics/achievement_service.py": {"executed_lines": [1, 9, 10, 11, 13, 22, 24, 27, 28, 39, 48, 56, 157, 260, 294, 328, 430], "summary": {"covered_lines": 15, "num_statements": 105, "percent_covered": 14.285714285714286, "percent_covered_display": "14.29", "missing_lines": 90, "excluded_lines": 0, "percent_statements_covered": 14.285714285714286, "percent_statements_covered_display": "14.29"}, "missing_lines": [45, 46, 54, 77, 79, 81, 82, 85, 88, 90, 93, 94, 97, 106, 113, 114, 117, 122, 123, 124, 125, 126, 129, 130, 144, 149, 151, 152, 155, 175, 177, 179, 180, 190, 192, 195, 196, 198, 207, 214, 220, 246, 252, 254, 255, 258, 274, 283, 288, 290, 291, 292, 308, 317, 322, 324, 325, 326, 351, 353, 354, 355, 358, 360, 361, 371, 373, 376, 377, 379, 388, 395, 397, 398, 399, 400, 402, 404, 406, 417, 422, 424, 425, 428, 439, 440, 441, 442, 443, 444], "excluded_lines": [], "functions": {"AchievementService.__init__": {"executed_lines": [], "summary": {"covered_lines": 0, "num_statements": 2, "percent_covered": 0.0, "percent_covered_display": "0.00", "missing_lines": 2, "excluded_lines": 0, "percent_statements_covered": 0.0, "percent_statements_covered_display": "0.00"}, "missing_lines": [45, 46], "excluded_lines": []}, "AchievementService.set_streak_service": {"executed_lines": [], "summary": {"covered_lines": 0, "num_statements": 1, "percent_covered": 0.0, "percent_covered_display": "0.00", "missing_lines": 1, "excluded_lines": 0, "percent_statements_covered": 0.0, "percent_statements_covered_display": "0.00"}, "missing_lines": [54], "excluded_lines": []}, "AchievementService.evaluate_user_achievements": {"executed_lines": [], "summary": {"covered_lines": 0, "num_statements": 26, "percent_covered": 0.0, "percent_covered_display": "0.00", "missing_lines": 26, "excluded_lines": 0, "percent_statements_covered": 0.0, "percent_statements_covered_display": "0.00"}, "missing_lines": [77, 79, 81, 82, 85, 88, 90, 93, 94, 97, 106, 113, 114, 117, 122, 123, 124, 125, 126, 129, 130, 144, 149, 151, 152, 155], "excluded_lines": []}, "AchievementService.get_user_achievement_summary": {"executed_lines": [], "summary": {"covered_lines": 0, "num_statements": 17, "percent_covered": 0.0, "percent_covered_display": "0.00", "missing_lines": 17, "excluded_lines": 0, "percent_statements_covered": 0.0, "percent_statements_covered_display": "0.00"}, "missing_lines": [175, 177, 179, 180, 190, 192, 195, 196, 198, 207, 214, 220, 246, 252, 254, 255, 258], "excluded_lines": []}, "AchievementService.get_recent_unlocks": {"executed_lines": [], "summary": {"covered_lines": 0, "num_statements": 6, "percent_covered": 0.0, "percent_covered_display": "0.00", "missing_lines": 6, "excluded_lines": 0, "percent_statements_covered": 0.0, "percent_statements_covered_display": "0.00"}, "missing_lines": [274, 283, 288, 290, 291, 292], "excluded_lines": []}, "AchievementService.get_achievement_leaderboard": {"executed_lines": [], "summary": {"covered_lines": 0, "num_statements": 6, "percent_covered": 0.0, "percent_covered_display": "0.00", "missing_lines": 6, "excluded_lines": 0, "percent_statements_covered": 0.0, "percent_statements_covered_display": "0.00"}, "missing_lines": [308, 317, 322, 324, 325, 326], "excluded_lines": []}, "AchievementService.get_achievement_progress": {"executed_lines": [], "summary": {"covered_lines": 0, "num_statements": 26, "percent_covered": 0.0, "percent_covered_display": "0.00", "missing_lines": 26, "excluded_lines": 0, "percent_statements_covered": 0.0, "percent_statements_covered_display": "0.00"}, "missing_lines": [351, 353, 354, 355, 358, 360, 361, 371, 373, 376, 377, 379, 388, 395, 397, 398, 399, 400, 402, 404, 406, 417, 422, 424, 425, 428], "excluded_lines": []}, "AchievementService._extract_threshold": {"executed_lines": [], "summary": {"covered_lines": 0, "num_statements": 6, "percent_covered": 0.0, "percent_covered_display": "0.00", "missing_lines": 6, "excluded_lines": 0, "percent_statements_covered": 0.0, "percent_statements_covered_display": "0.00"}, "missing_lines": [439, 440, 441, 442, 443, 444], "excluded_lines": []}, "": {"executed_lines": [1, 9, 10, 11, 13, 22, 24, 27, 28, 39, 48, 56, 157, 260, 294, 328, 430], "summary": {"covered_lines": 15, "num_statements": 15, "percent_covered": 100.0, "percent_covered_display": "100.00", "missing_lines": 0, "excluded_lines": 0, "percent_statements_covered": 100.0, "percent_statements_covered_display": "100.00"}, "missing_lines": [], "excluded_lines": []}}, "classes": {"AchievementService": {"executed_lines": [], "summary": {"covered_lines": 0, "num_statements": 90, "percent_covered": 0.0, "percent_covered_display": "0.00", "missing_lines": 90, "excluded_lines": 0, "percent_statements_covered": 0.0, "percent_statements_covered_display": "0.00"}, "missing_lines": [45, 46, 54, 77, 79, 81, 82, 85, 88, 90, 93, 94, 97, 106, 113, 114, 117, 122, 123, 124, 125, 126, 129, 130, 144, 149, 151, 152, 155, 175, 177, 179, 180, 190, 192, 195, 196, 198, 207, 214, 220, 246, 252, 254, 255, 258, 274, 283, 288, 290, 291, 292, 308, 317, 322, 324, 325, 326, 351, 353, 354, 355, 358, 360, 361, 371, 373, 376, 377, 379, 388, 395, 397, 398, 399, 400, 402, 404, 406, 417, 422, 424, 425, 428, 439, 440, 441, 442, 443, 444], "excluded_lines": []}, "": {"executed_lines": [1, 9, 10, 11, 13, 22, 24, 27, 28, 39, 48, 56, 157, 260, 294, 328, 430], "summary": {"covered_lines": 15, "num_statements": 15, "percent_covered": 100.0, "percent_covered_display": "100.00", "missing_lines": 0, "excluded_lines": 0, "percent_statements_covered": 100.0, "percent_statements_covered_display": "100.00"}, "missing_lines": [], "excluded_lines": []}}}, "src/raxe/application/analytics/repositories.py": {"executed_lines": [1, 10, 11, 12, 13, 16, 17, 18, 31, 32, 33, 34, 35, 36, 39, 40, 41, 53, 54, 55, 56, 57, 58, 61, 62, 71, 72, 90, 91, 109, 110, 124, 125, 141, 142, 159, 160], "summary": {"covered_lines": 21, "num_statements": 21, "percent_covered": 100.0, "percent_covered_display": "100.00", "missing_lines": 0, "excluded_lines": 97, "percent_statements_covered": 100.0, "percent_statements_covered_display": "100.00"}, "missing_lines": [], "excluded_lines": [71, 72, 73, 74, 75, 76, 77, 78, 79, 80, 81, 82, 83, 84, 85, 86, 87, 88, 90, 91, 92, 93, 94, 95, 96, 97, 98, 99, 100, 101, 102, 103, 104, 105, 106, 107, 109, 110, 111, 112, 113, 114, 115, 116, 117, 118, 119, 120, 121, 122, 124, 125, 126, 127, 128, 129, 130, 131, 132, 133, 134, 135, 136, 137, 138, 139, 141, 142, 143, 144, 145, 146, 147, 148, 149, 150, 151, 152, 153, 154, 155, 156, 157, 159, 160, 161, 162, 163, 164, 165, 166, 167, 168, 169, 170, 171, 172], "functions": {"AnalyticsRepository.get_scan_events": {"executed_lines": [], "summary": {"covered_lines": 0, "num_statements": 0, "percent_covered": 100.0, "percent_covered_display": "100.00", "missing_lines": 0, "excluded_lines": 11, "percent_statements_covered": 100.0, "percent_statements_covered_display": "100.00"}, "missing_lines": [], "excluded_lines": [78, 79, 80, 81, 82, 83, 84, 85, 86, 87, 88]}, "AnalyticsRepository.get_user_activity": {"executed_lines": [], "summary": {"covered_lines": 0, "num_statements": 0, "percent_covered": 100.0, "percent_covered_display": "100.00", "missing_lines": 0, "excluded_lines": 11, "percent_statements_covered": 100.0, "percent_statements_covered_display": "100.00"}, "missing_lines": [], "excluded_lines": [97, 98, 99, 100, 101, 102, 103, 104, 105, 106, 107]}, "AnalyticsRepository.get_cohort_users": {"executed_lines": [], "summary": {"covered_lines": 0, "num_statements": 0, "percent_covered": 100.0, "percent_covered_display": "100.00", "missing_lines": 0, "excluded_lines": 9, "percent_statements_covered": 100.0, "percent_statements_covered_display": "100.00"}, "missing_lines": [], "excluded_lines": [114, 115, 116, 117, 118, 119, 120, 121, 122]}, "AnalyticsRepository.get_active_users": {"executed_lines": [], "summary": {"covered_lines": 0, "num_statements": 0, "percent_covered": 100.0, "percent_covered_display": "100.00", "missing_lines": 0, "excluded_lines": 10, "percent_statements_covered": 100.0, "percent_statements_covered_display": "100.00"}, "missing_lines": [], "excluded_lines": [130, 131, 132, 133, 134, 135, 136, 137, 138, 139]}, "AnalyticsRepository.save_achievement": {"executed_lines": [], "summary": {"covered_lines": 0, "num_statements": 0, "percent_covered": 100.0, "percent_covered_display": "100.00", "missing_lines": 0, "excluded_lines": 9, "percent_statements_covered": 100.0, "percent_statements_covered_display": "100.00"}, "missing_lines": [], "excluded_lines": [149, 150, 151, 152, 153, 154, 155, 156, 157]}, "AnalyticsRepository.get_achievements": {"executed_lines": [], "summary": {"covered_lines": 0, "num_statements": 0, "percent_covered": 100.0, "percent_covered_display": "100.00", "missing_lines": 0, "excluded_lines": 9, "percent_statements_covered": 100.0, "percent_statements_covered_display": "100.00"}, "missing_lines": [], "excluded_lines": [164, 165, 166, 167, 168, 169, 170, 171, 172]}, "": {"executed_lines": [1, 10, 11, 12, 13, 16, 17, 18, 31, 32, 33, 34, 35, 36, 39, 40, 41, 53, 54, 55, 56, 57, 58, 61, 62, 71, 72, 90, 91, 109, 110, 124, 125, 141, 142, 159, 160], "summary": {"covered_lines": 21, "num_statements": 21, "percent_covered": 100.0, "percent_covered_display": "100.00", "missing_lines": 0, "excluded_lines": 38, "percent_statements_covered": 100.0, "percent_statements_covered_display": "100.00"}, "missing_lines": [], "excluded_lines": [71, 72, 73, 74, 75, 76, 77, 90, 91, 92, 93, 94, 95, 96, 109, 110, 111, 112, 113, 124, 125, 126, 127, 128, 129, 141, 142, 143, 144, 145, 146, 147, 148, 159, 160, 161, 162, 163]}}, "classes": {"ScanEvent": {"executed_lines": [], "summary": {"covered_lines": 0, "num_statements": 0, "percent_covered": 100.0, "percent_covered_display": "100.00", "missing_lines": 0, "excluded_lines": 0, "percent_statements_covered": 100.0, "percent_statements_covered_display": "100.00"}, "missing_lines": [], "excluded_lines": []}, "UserActivity": {"executed_lines": [], "summary": {"covered_lines": 0, "num_statements": 0, "percent_covered": 100.0, "percent_covered_display": "100.00", "missing_lines": 0, "excluded_lines": 0, "percent_statements_covered": 100.0, "percent_statements_covered_display": "100.00"}, "missing_lines": [], "excluded_lines": []}, "AnalyticsRepository": {"executed_lines": [], "summary": {"covered_lines": 0, "num_statements": 0, "percent_covered": 100.0, "percent_covered_display": "100.00", "missing_lines": 0, "excluded_lines": 59, "percent_statements_covered": 100.0, "percent_statements_covered_display": "100.00"}, "missing_lines": [], "excluded_lines": [78, 79, 80, 81, 82, 83, 84, 85, 86, 87, 88, 97, 98, 99, 100, 101, 102, 103, 104, 105, 106, 107, 114, 115, 116, 117, 118, 119, 120, 121, 122, 130, 131, 132, 133, 134, 135, 136, 137, 138, 139, 149, 150, 151, 152, 153, 154, 155, 156, 157, 164, 165, 166, 167, 168, 169, 170, 171, 172]}, "": {"executed_lines": [1, 10, 11, 12, 13, 16, 17, 18, 31, 32, 33, 34, 35, 36, 39, 40, 41, 53, 54, 55, 56, 57, 58, 61, 62, 71, 72, 90, 91, 109, 110, 124, 125, 141, 142, 159, 160], "summary": {"covered_lines": 21, "num_statements": 21, "percent_covered": 100.0, "percent_covered_display": "100.00", "missing_lines": 0, "excluded_lines": 38, "percent_statements_covered": 100.0, "percent_statements_covered_display": "100.00"}, "missing_lines": [], "excluded_lines": [71, 72, 73, 74, 75, 76, 77, 90, 91, 92, 93, 94, 95, 96, 109, 110, 111, 112, 113, 124, 125, 126, 127, 128, 129, 141, 142, 143, 144, 145, 146, 147, 148, 159, 160, 161, 162, 163]}}}, "src/raxe/application/analytics/retention_service.py": {"executed_lines": [1, 9, 10, 11, 13, 20, 22, 25, 26, 37, 43, 45, 62, 64, 66, 67, 69, 80, 86, 92, 94, 95, 96, 98, 119, 120, 122, 124, 126, 127, 128, 138, 139, 140, 141, 142, 148, 151, 152, 153, 154, 156, 173, 180, 186, 207, 209, 211, 216, 229, 230, 231, 232, 233, 234, 237, 238, 243, 249, 257, 263], "summary": {"covered_lines": 59, "num_statements": 67, "percent_covered": 88.05970149253731, "percent_covered_display": "88.06", "missing_lines": 8, "excluded_lines": 0, "percent_statements_covered": 88.05970149253731, "percent_statements_covered_display": "88.06"}, "missing_lines": [182, 183, 184, 217, 220, 265, 266, 267], "excluded_lines": [], "functions": {"RetentionService.__init__": {"executed_lines": [43], "summary": {"covered_lines": 1, "num_statements": 1, "percent_covered": 100.0, "percent_covered_display": "100.00", "missing_lines": 0, "excluded_lines": 0, "percent_statements_covered": 100.0, "percent_statements_covered_display": "100.00"}, "missing_lines": [], "excluded_lines": []}, "RetentionService.calculate_user_retention": {"executed_lines": [62, 64, 66, 67, 69, 80, 86, 92, 94, 95, 96], "summary": {"covered_lines": 11, "num_statements": 11, "percent_covered": 100.0, "percent_covered_display": "100.00", "missing_lines": 0, "excluded_lines": 0, "percent_statements_covered": 100.0, "percent_statements_covered_display": "100.00"}, "missing_lines": [], "excluded_lines": []}, "RetentionService.calculate_cohort_retention_metrics": {"executed_lines": [119, 120, 122, 124, 126, 127, 128, 138, 139, 140, 141, 142, 148, 151, 152, 153, 154, 156, 173, 180], "summary": {"covered_lines": 20, "num_statements": 23, "percent_covered": 86.95652173913044, "percent_covered_display": "86.96", "missing_lines": 3, "excluded_lines": 0, "percent_statements_covered": 86.95652173913044, "percent_statements_covered_display": "86.96"}, "missing_lines": [182, 183, 184], "excluded_lines": []}, "RetentionService.calculate_rolling_retention": {"executed_lines": [207, 209, 211, 216, 229, 230, 231, 232, 233, 234, 237, 238, 243, 249, 257, 263], "summary": {"covered_lines": 16, "num_statements": 21, "percent_covered": 76.19047619047619, "percent_covered_display": "76.19", "missing_lines": 5, "excluded_lines": 0, "percent_statements_covered": 76.19047619047619, "percent_statements_covered_display": "76.19"}, "missing_lines": [217, 220, 265, 266, 267], "excluded_lines": []}, "": {"executed_lines": [1, 9, 10, 11, 13, 20, 22, 25, 26, 37, 45, 98, 186], "summary": {"covered_lines": 11, "num_statements": 11, "percent_covered": 100.0, "percent_covered_display": "100.00", "missing_lines": 0, "excluded_lines": 0, "percent_statements_covered": 100.0, "percent_statements_covered_display": "100.00"}, "missing_lines": [], "excluded_lines": []}}, "classes": {"RetentionService": {"executed_lines": [43, 62, 64, 66, 67, 69, 80, 86, 92, 94, 95, 96, 119, 120, 122, 124, 126, 127, 128, 138, 139, 140, 141, 142, 148, 151, 152, 153, 154, 156, 173, 180, 207, 209, 211, 216, 229, 230, 231, 232, 233, 234, 237, 238, 243, 249, 257, 263], "summary": {"covered_lines": 48, "num_statements": 56, "percent_covered": 85.71428571428571, "percent_covered_display": "85.71", "missing_lines": 8, "excluded_lines": 0, "percent_statements_covered": 85.71428571428571, "percent_statements_covered_display": "85.71"}, "missing_lines": [182, 183, 184, 217, 220, 265, 266, 267], "excluded_lines": []}, "": {"executed_lines": [1, 9, 10, 11, 13, 20, 22, 25, 26, 37, 45, 98, 186], "summary": {"covered_lines": 11, "num_statements": 11, "percent_covered": 100.0, "percent_covered_display": "100.00", "missing_lines": 0, "excluded_lines": 0, "percent_statements_covered": 100.0, "percent_statements_covered_display": "100.00"}, "missing_lines": [], "excluded_lines": []}}}, "src/raxe/application/analytics/statistics_service.py": {"executed_lines": [1, 9, 10, 11, 13, 22, 24, 27, 28, 39, 47, 125, 226, 312], "summary": {"covered_lines": 12, "num_statements": 108, "percent_covered": 11.11111111111111, "percent_covered_display": "11.11", "missing_lines": 96, "excluded_lines": 0, "percent_statements_covered": 11.11111111111111, "percent_statements_covered_display": "11.11"}, "missing_lines": [45, 65, 66, 68, 73, 78, 79, 80, 89, 90, 91, 96, 97, 100, 101, 102, 103, 105, 113, 119, 121, 122, 123, 148, 150, 155, 156, 159, 173, 174, 176, 177, 178, 180, 181, 182, 184, 185, 188, 194, 195, 201, 214, 220, 222, 223, 224, 247, 249, 250, 256, 257, 258, 264, 269, 274, 279, 301, 306, 308, 309, 310, 338, 339, 343, 344, 345, 346, 348, 350, 355, 356, 357, 366, 367, 368, 369, 370, 372, 373, 374, 377, 381, 382, 391, 393, 394, 395, 396, 397, 399, 410, 415, 417, 418, 419], "excluded_lines": [], "functions": {"StatisticsService.__init__": {"executed_lines": [], "summary": {"covered_lines": 0, "num_statements": 1, "percent_covered": 0.0, "percent_covered_display": "0.00", "missing_lines": 1, "excluded_lines": 0, "percent_statements_covered": 0.0, "percent_statements_covered_display": "0.00"}, "missing_lines": [45], "excluded_lines": []}, "StatisticsService.calculate_active_users": {"executed_lines": [], "summary": {"covered_lines": 0, "num_statements": 22, "percent_covered": 0.0, "percent_covered_display": "0.00", "missing_lines": 22, "excluded_lines": 0, "percent_statements_covered": 0.0, "percent_statements_covered_display": "0.00"}, "missing_lines": [65, 66, 68, 73, 78, 79, 80, 89, 90, 91, 96, 97, 100, 101, 102, 103, 105, 113, 119, 121, 122, 123], "excluded_lines": []}, "StatisticsService.calculate_usage_stats": {"executed_lines": [], "summary": {"covered_lines": 0, "num_statements": 24, "percent_covered": 0.0, "percent_covered_display": "0.00", "missing_lines": 24, "excluded_lines": 0, "percent_statements_covered": 0.0, "percent_statements_covered_display": "0.00"}, "missing_lines": [148, 150, 155, 156, 159, 173, 174, 176, 177, 178, 180, 181, 182, 184, 185, 188, 194, 195, 201, 214, 220, 222, 223, 224], "excluded_lines": []}, "StatisticsService.calculate_growth_metrics": {"executed_lines": [], "summary": {"covered_lines": 0, "num_statements": 15, "percent_covered": 0.0, "percent_covered_display": "0.00", "missing_lines": 15, "excluded_lines": 0, "percent_statements_covered": 0.0, "percent_statements_covered_display": "0.00"}, "missing_lines": [247, 249, 250, 256, 257, 258, 264, 269, 274, 279, 301, 306, 308, 309, 310], "excluded_lines": []}, "StatisticsService.calculate_user_percentiles": {"executed_lines": [], "summary": {"covered_lines": 0, "num_statements": 29, "percent_covered": 0.0, "percent_covered_display": "0.00", "missing_lines": 29, "excluded_lines": 0, "percent_statements_covered": 0.0, "percent_statements_covered_display": "0.00"}, "missing_lines": [338, 339, 343, 344, 345, 346, 348, 350, 355, 356, 357, 366, 367, 368, 369, 370, 372, 373, 374, 377, 381, 382, 391, 399, 410, 415, 417, 418, 419], "excluded_lines": []}, "StatisticsService.calculate_user_percentiles.percentile": {"executed_lines": [], "summary": {"covered_lines": 0, "num_statements": 5, "percent_covered": 0.0, "percent_covered_display": "0.00", "missing_lines": 5, "excluded_lines": 0, "percent_statements_covered": 0.0, "percent_statements_covered_display": "0.00"}, "missing_lines": [393, 394, 395, 396, 397], "excluded_lines": []}, "": {"executed_lines": [1, 9, 10, 11, 13, 22, 24, 27, 28, 39, 47, 125, 226, 312], "summary": {"covered_lines": 12, "num_statements": 12, "percent_covered": 100.0, "percent_covered_display": "100.00", "missing_lines": 0, "excluded_lines": 0, "percent_statements_covered": 100.0, "percent_statements_covered_display": "100.00"}, "missing_lines": [], "excluded_lines": []}}, "classes": {"StatisticsService": {"executed_lines": [], "summary": {"covered_lines": 0, "num_statements": 96, "percent_covered": 0.0, "percent_covered_display": "0.00", "missing_lines": 96, "excluded_lines": 0, "percent_statements_covered": 0.0, "percent_statements_covered_display": "0.00"}, "missing_lines": [45, 65, 66, 68, 73, 78, 79, 80, 89, 90, 91, 96, 97, 100, 101, 102, 103, 105, 113, 119, 121, 122, 123, 148, 150, 155, 156, 159, 173, 174, 176, 177, 178, 180, 181, 182, 184, 185, 188, 194, 195, 201, 214, 220, 222, 223, 224, 247, 249, 250, 256, 257, 258, 264, 269, 274, 279, 301, 306, 308, 309, 310, 338, 339, 343, 344, 345, 346, 348, 350, 355, 356, 357, 366, 367, 368, 369, 370, 372, 373, 374, 377, 381, 382, 391, 393, 394, 395, 396, 397, 399, 410, 415, 417, 418, 419], "excluded_lines": []}, "": {"executed_lines": [1, 9, 10, 11, 13, 22, 24, 27, 28, 39, 47, 125, 226, 312], "summary": {"covered_lines": 12, "num_statements": 12, "percent_covered": 100.0, "percent_covered_display": "100.00", "missing_lines": 0, "excluded_lines": 0, "percent_statements_covered": 100.0, "percent_statements_covered_display": "100.00"}, "missing_lines": [], "excluded_lines": []}}}, "src/raxe/application/analytics/streak_service.py": {"executed_lines": [1, 9, 10, 11, 13, 15, 17, 20, 21, 32, 40, 101, 171, 228], "summary": {"covered_lines": 12, "num_statements": 66, "percent_covered": 18.181818181818183, "percent_covered_display": "18.18", "missing_lines": 54, "excluded_lines": 0, "percent_statements_covered": 18.181818181818183, "percent_statements_covered_display": "18.18"}, "missing_lines": [38, 61, 62, 64, 66, 71, 72, 73, 82, 88, 95, 97, 98, 99, 122, 123, 125, 128, 133, 134, 135, 138, 139, 140, 146, 147, 156, 161, 165, 167, 168, 169, 195, 196, 201, 206, 209, 215, 217, 222, 224, 225, 226, 253, 254, 256, 258, 263, 269, 271, 277, 279, 280, 283], "excluded_lines": [], "functions": {"StreakService.__init__": {"executed_lines": [], "summary": {"covered_lines": 0, "num_statements": 1, "percent_covered": 0.0, "percent_covered_display": "0.00", "missing_lines": 1, "excluded_lines": 0, "percent_statements_covered": 0.0, "percent_statements_covered_display": "0.00"}, "missing_lines": [38], "excluded_lines": []}, "StreakService.get_user_streak": {"executed_lines": [], "summary": {"covered_lines": 0, "num_statements": 13, "percent_covered": 0.0, "percent_covered_display": "0.00", "missing_lines": 13, "excluded_lines": 0, "percent_statements_covered": 0.0, "percent_statements_covered_display": "0.00"}, "missing_lines": [61, 62, 64, 66, 71, 72, 73, 82, 88, 95, 97, 98, 99], "excluded_lines": []}, "StreakService.get_active_streak_users": {"executed_lines": [], "summary": {"covered_lines": 0, "num_statements": 18, "percent_covered": 0.0, "percent_covered_display": "0.00", "missing_lines": 18, "excluded_lines": 0, "percent_statements_covered": 0.0, "percent_statements_covered_display": "0.00"}, "missing_lines": [122, 123, 125, 128, 133, 134, 135, 138, 139, 140, 146, 147, 156, 161, 165, 167, 168, 169], "excluded_lines": []}, "StreakService.get_streak_leaderboard": {"executed_lines": [], "summary": {"covered_lines": 0, "num_statements": 11, "percent_covered": 0.0, "percent_covered_display": "0.00", "missing_lines": 11, "excluded_lines": 0, "percent_statements_covered": 0.0, "percent_statements_covered_display": "0.00"}, "missing_lines": [195, 196, 201, 206, 209, 215, 217, 222, 224, 225, 226], "excluded_lines": []}, "StreakService.compare_user_streaks": {"executed_lines": [], "summary": {"covered_lines": 0, "num_statements": 11, "percent_covered": 0.0, "percent_covered_display": "0.00", "missing_lines": 11, "excluded_lines": 0, "percent_statements_covered": 0.0, "percent_statements_covered_display": "0.00"}, "missing_lines": [253, 254, 256, 258, 263, 269, 271, 277, 279, 280, 283], "excluded_lines": []}, "": {"executed_lines": [1, 9, 10, 11, 13, 15, 17, 20, 21, 32, 40, 101, 171, 228], "summary": {"covered_lines": 12, "num_statements": 12, "percent_covered": 100.0, "percent_covered_display": "100.00", "missing_lines": 0, "excluded_lines": 0, "percent_statements_covered": 100.0, "percent_statements_covered_display": "100.00"}, "missing_lines": [], "excluded_lines": []}}, "classes": {"StreakService": {"executed_lines": [], "summary": {"covered_lines": 0, "num_statements": 54, "percent_covered": 0.0, "percent_covered_display": "0.00", "missing_lines": 54, "excluded_lines": 0, "percent_statements_covered": 0.0, "percent_statements_covered_display": "0.00"}, "missing_lines": [38, 61, 62, 64, 66, 71, 72, 73, 82, 88, 95, 97, 98, 99, 122, 123, 125, 128, 133, 134, 135, 138, 139, 140, 146, 147, 156, 161, 165, 167, 168, 169, 195, 196, 201, 206, 209, 215, 217, 222, 224, 225, 226, 253, 254, 256, 258, 263, 269, 271, 277, 279, 280, 283], "excluded_lines": []}, "": {"executed_lines": [1, 9, 10, 11, 13, 15, 17, 20, 21, 32, 40, 101, 171, 228], "summary": {"covered_lines": 12, "num_statements": 12, "percent_covered": 100.0, "percent_covered_display": "100.00", "missing_lines": 0, "excluded_lines": 0, "percent_statements_covered": 100.0, "percent_statements_covered_display": "100.00"}, "missing_lines": [], "excluded_lines": []}}}, "src/raxe/application/apply_policy.py": {"executed_lines": [1, 6, 7, 9, 10, 11, 12, 13, 14, 15, 18, 19, 20, 21, 22, 25, 26, 37, 50, 51, 52, 54, 79, 87, 89, 129, 150, 153, 158, 160, 198, 220, 221, 226, 227, 229, 231, 237, 238, 242, 249, 257, 275], "summary": {"covered_lines": 40, "num_statements": 59, "percent_covered": 67.79661016949153, "percent_covered_display": "67.80", "missing_lines": 19, "excluded_lines": 0, "percent_statements_covered": 67.79661016949153, "percent_statements_covered_display": "67.80"}, "missing_lines": [114, 122, 123, 124, 125, 127, 182, 190, 196, 223, 232, 233, 235, 239, 244, 252, 272, 290, 291], "excluded_lines": [], "functions": {"ApplyPolicyUseCase.__init__": {"executed_lines": [50, 51, 52], "summary": {"covered_lines": 3, "num_statements": 3, "percent_covered": 100.0, "percent_covered_display": "100.00", "missing_lines": 0, "excluded_lines": 0, "percent_statements_covered": 100.0, "percent_statements_covered_display": "100.00"}, "missing_lines": [], "excluded_lines": []}, "ApplyPolicyUseCase.apply_to_detection": {"executed_lines": [79, 87], "summary": {"covered_lines": 2, "num_statements": 2, "percent_covered": 100.0, "percent_covered_display": "100.00", "missing_lines": 0, "excluded_lines": 0, "percent_statements_covered": 100.0, "percent_statements_covered_display": "100.00"}, "missing_lines": [], "excluded_lines": []}, "ApplyPolicyUseCase.apply_to_scan_result": {"executed_lines": [], "summary": {"covered_lines": 0, "num_statements": 6, "percent_covered": 0.0, "percent_covered_display": "0.00", "missing_lines": 6, "excluded_lines": 0, "percent_statements_covered": 0.0, "percent_statements_covered_display": "0.00"}, "missing_lines": [114, 122, 123, 124, 125, 127], "excluded_lines": []}, "ApplyPolicyUseCase.load_policies_from_file": {"executed_lines": [150, 153, 158], "summary": {"covered_lines": 3, "num_statements": 3, "percent_covered": 100.0, "percent_covered_display": "100.00", "missing_lines": 0, "excluded_lines": 0, "percent_statements_covered": 100.0, "percent_statements_covered_display": "100.00"}, "missing_lines": [], "excluded_lines": []}, "ApplyPolicyUseCase.load_policies_from_api": {"executed_lines": [], "summary": {"covered_lines": 0, "num_statements": 3, "percent_covered": 0.0, "percent_covered_display": "0.00", "missing_lines": 3, "excluded_lines": 0, "percent_statements_covered": 0.0, "percent_statements_covered_display": "0.00"}, "missing_lines": [182, 190, 196], "excluded_lines": []}, "ApplyPolicyUseCase._load_policies": {"executed_lines": [220, 221, 226, 227, 229, 231, 237, 238, 242, 249], "summary": {"covered_lines": 10, "num_statements": 17, "percent_covered": 58.8235294117647, "percent_covered_display": "58.82", "missing_lines": 7, "excluded_lines": 0, "percent_statements_covered": 58.8235294117647, "percent_statements_covered_display": "58.82"}, "missing_lines": [223, 232, 233, 235, 239, 244, 252], "excluded_lines": []}, "apply_policies_to_detection": {"executed_lines": [], "summary": {"covered_lines": 0, "num_statements": 1, "percent_covered": 0.0, "percent_covered_display": "0.00", "missing_lines": 1, "excluded_lines": 0, "percent_statements_covered": 0.0, "percent_statements_covered_display": "0.00"}, "missing_lines": [272], "excluded_lines": []}, "should_block_detection": {"executed_lines": [], "summary": {"covered_lines": 0, "num_statements": 2, "percent_covered": 0.0, "percent_covered_display": "0.00", "missing_lines": 2, "excluded_lines": 0, "percent_statements_covered": 0.0, "percent_statements_covered_display": "0.00"}, "missing_lines": [290, 291], "excluded_lines": []}, "": {"executed_lines": [1, 6, 7, 9, 10, 11, 12, 13, 14, 15, 18, 19, 20, 21, 22, 25, 26, 37, 54, 89, 129, 160, 198, 257, 275], "summary": {"covered_lines": 22, "num_statements": 22, "percent_covered": 100.0, "percent_covered_display": "100.00", "missing_lines": 0, "excluded_lines": 0, "percent_statements_covered": 100.0, "percent_statements_covered_display": "100.00"}, "missing_lines": [], "excluded_lines": []}}, "classes": {"PolicySource": {"executed_lines": [], "summary": {"covered_lines": 0, "num_statements": 0, "percent_covered": 100.0, "percent_covered_display": "100.00", "missing_lines": 0, "excluded_lines": 0, "percent_statements_covered": 100.0, "percent_statements_covered_display": "100.00"}, "missing_lines": [], "excluded_lines": []}, "ApplyPolicyUseCase": {"executed_lines": [50, 51, 52, 79, 87, 150, 153, 158, 220, 221, 226, 227, 229, 231, 237, 238, 242, 249], "summary": {"covered_lines": 18, "num_statements": 34, "percent_covered": 52.94117647058823, "percent_covered_display": "52.94", "missing_lines": 16, "excluded_lines": 0, "percent_statements_covered": 52.94117647058823, "percent_statements_covered_display": "52.94"}, "missing_lines": [114, 122, 123, 124, 125, 127, 182, 190, 196, 223, 232, 233, 235, 239, 244, 252], "excluded_lines": []}, "": {"executed_lines": [1, 6, 7, 9, 10, 11, 12, 13, 14, 15, 18, 19, 20, 21, 22, 25, 26, 37, 54, 89, 129, 160, 198, 257, 275], "summary": {"covered_lines": 22, "num_statements": 25, "percent_covered": 88.0, "percent_covered_display": "88.00", "missing_lines": 3, "excluded_lines": 0, "percent_statements_covered": 88.0, "percent_statements_covered_display": "88.00"}, "missing_lines": [272, 290, 291], "excluded_lines": []}}}, "src/raxe/application/eager_l2.py": {"executed_lines": [1, 27, 29, 30, 31, 33, 34, 35, 36, 41, 43, 46, 47, 64, 66, 95, 96, 97, 98, 99, 101, 108, 109, 110, 113, 114, 116, 123, 131, 133, 134, 135, 140, 141, 144, 146, 148, 149, 152, 153, 154, 155, 157, 158, 169, 225, 230, 231, 232, 234, 235, 236, 237, 238, 240, 250, 251, 253, 255, 261, 262, 265, 266, 267, 268, 270, 272, 277, 279, 290, 291, 292, 295, 297, 299, 300, 312, 315, 318, 326, 351, 353, 355, 358, 364, 365, 366, 368, 374, 376, 382, 407, 411, 413, 414, 435, 437, 438, 446, 455, 458, 463, 466], "summary": {"covered_lines": 101, "num_statements": 130, "percent_covered": 77.6923076923077, "percent_covered_display": "77.69", "missing_lines": 29, "excluded_lines": 0, "percent_statements_covered": 77.6923076923077, "percent_statements_covered_display": "77.69"}, "missing_lines": [159, 160, 165, 166, 170, 172, 175, 176, 177, 183, 184, 185, 188, 191, 200, 205, 207, 208, 216, 284, 307, 337, 339, 347, 348, 349, 408, 447, 498], "excluded_lines": [], "functions": {"EagerL2Detector.__init__": {"executed_lines": [95, 96, 97, 98, 99, 101, 108, 109, 110, 113, 114, 116], "summary": {"covered_lines": 12, "num_statements": 12, "percent_covered": 100.0, "percent_covered_display": "100.00", "missing_lines": 0, "excluded_lines": 0, "percent_statements_covered": 100.0, "percent_statements_covered_display": "100.00"}, "missing_lines": [], "excluded_lines": []}, "EagerL2Detector._initialize_detector": {"executed_lines": [131, 133, 134, 135, 140, 141, 144, 146, 148, 149, 152, 153, 154, 155, 157, 158, 169, 225, 230, 231, 232, 234, 235, 236, 237, 238, 240, 250, 251, 253], "summary": {"covered_lines": 30, "num_statements": 49, "percent_covered": 61.224489795918366, "percent_covered_display": "61.22", "missing_lines": 19, "excluded_lines": 0, "percent_statements_covered": 61.224489795918366, "percent_statements_covered_display": "61.22"}, "missing_lines": [159, 160, 165, 166, 170, 172, 175, 176, 177, 183, 184, 185, 188, 191, 200, 205, 207, 208, 216], "excluded_lines": []}, "EagerL2Detector._load_production_detector": {"executed_lines": [261, 262, 265, 266, 267, 268, 270, 272, 277, 279, 290, 291, 292, 295, 297, 299, 300, 312, 315, 318, 326], "summary": {"covered_lines": 21, "num_statements": 28, "percent_covered": 75.0, "percent_covered_display": "75.00", "missing_lines": 7, "excluded_lines": 0, "percent_statements_covered": 75.0, "percent_statements_covered_display": "75.00"}, "missing_lines": [284, 307, 337, 339, 347, 348, 349], "excluded_lines": []}, "EagerL2Detector._load_stub_detector": {"executed_lines": [353, 355, 358, 364, 365, 366, 368, 374, 376], "summary": {"covered_lines": 9, "num_statements": 9, "percent_covered": 100.0, "percent_covered_display": "100.00", "missing_lines": 0, "excluded_lines": 0, "percent_statements_covered": 100.0, "percent_statements_covered_display": "100.00"}, "missing_lines": [], "excluded_lines": []}, "EagerL2Detector.analyze": {"executed_lines": [407, 411], "summary": {"covered_lines": 2, "num_statements": 3, "percent_covered": 66.66666666666667, "percent_covered_display": "66.67", "missing_lines": 1, "excluded_lines": 0, "percent_statements_covered": 66.66666666666667, "percent_statements_covered_display": "66.67"}, "missing_lines": [408], "excluded_lines": []}, "EagerL2Detector.initialization_stats": {"executed_lines": [435], "summary": {"covered_lines": 1, "num_statements": 1, "percent_covered": 100.0, "percent_covered_display": "100.00", "missing_lines": 0, "excluded_lines": 0, "percent_statements_covered": 100.0, "percent_statements_covered_display": "100.00"}, "missing_lines": [], "excluded_lines": []}, "EagerL2Detector.model_info": {"executed_lines": [446, 455, 458, 463], "summary": {"covered_lines": 4, "num_statements": 5, "percent_covered": 80.0, "percent_covered_display": "80.00", "missing_lines": 1, "excluded_lines": 0, "percent_statements_covered": 80.0, "percent_statements_covered_display": "80.00"}, "missing_lines": [447], "excluded_lines": []}, "create_eager_l2_detector": {"executed_lines": [], "summary": {"covered_lines": 0, "num_statements": 1, "percent_covered": 0.0, "percent_covered_display": "0.00", "missing_lines": 1, "excluded_lines": 0, "percent_statements_covered": 0.0, "percent_statements_covered_display": "0.00"}, "missing_lines": [498], "excluded_lines": []}, "": {"executed_lines": [1, 27, 29, 30, 31, 33, 34, 35, 36, 41, 43, 46, 47, 64, 66, 123, 255, 351, 382, 413, 414, 437, 438, 466], "summary": {"covered_lines": 22, "num_statements": 22, "percent_covered": 100.0, "percent_covered_display": "100.00", "missing_lines": 0, "excluded_lines": 0, "percent_statements_covered": 100.0, "percent_statements_covered_display": "100.00"}, "missing_lines": [], "excluded_lines": []}}, "classes": {"EagerL2Detector": {"executed_lines": [95, 96, 97, 98, 99, 101, 108, 109, 110, 113, 114, 116, 131, 133, 134, 135, 140, 141, 144, 146, 148, 149, 152, 153, 154, 155, 157, 158, 169, 225, 230, 231, 232, 234, 235, 236, 237, 238, 240, 250, 251, 253, 261, 262, 265, 266, 267, 268, 270, 272, 277, 279, 290, 291, 292, 295, 297, 299, 300, 312, 315, 318, 326, 353, 355, 358, 364, 365, 366, 368, 374, 376, 407, 411, 435, 446, 455, 458, 463], "summary": {"covered_lines": 79, "num_statements": 107, "percent_covered": 73.83177570093459, "percent_covered_display": "73.83", "missing_lines": 28, "excluded_lines": 0, "percent_statements_covered": 73.83177570093459, "percent_statements_covered_display": "73.83"}, "missing_lines": [159, 160, 165, 166, 170, 172, 175, 176, 177, 183, 184, 185, 188, 191, 200, 205, 207, 208, 216, 284, 307, 337, 339, 347, 348, 349, 408, 447], "excluded_lines": []}, "": {"executed_lines": [1, 27, 29, 30, 31, 33, 34, 35, 36, 41, 43, 46, 47, 64, 66, 123, 255, 351, 382, 413, 414, 437, 438, 466], "summary": {"covered_lines": 22, "num_statements": 23, "percent_covered": 95.65217391304348, "percent_covered_display": "95.65", "missing_lines": 1, "excluded_lines": 0, "percent_statements_covered": 95.65217391304348, "percent_statements_covered_display": "95.65"}, "missing_lines": [498], "excluded_lines": []}}}, "src/raxe/application/preloader.py": {"executed_lines": [1, 16, 17, 18, 19, 21, 22, 23, 24, 25, 26, 27, 29, 32, 40, 43, 44, 45, 57, 58, 59, 60, 61, 62, 63, 64, 66, 68, 73, 74, 75, 78, 79, 97, 112, 113, 114, 117, 118, 120, 129, 130, 133, 134, 135, 137, 138, 141, 142, 143, 144, 148, 151, 154, 155, 156, 160, 162, 167, 169, 170, 171, 172, 173, 174, 175, 178, 185, 196, 199, 200, 201, 203, 204, 205, 206, 216, 218, 220, 221, 226, 229, 230, 233, 239, 245, 248, 249, 250, 251, 252, 253, 254, 259, 275, 276, 287, 288, 290, 291, 324, 346, 347], "summary": {"covered_lines": 100, "num_statements": 117, "percent_covered": 85.47008547008546, "percent_covered_display": "85.47", "missing_lines": 17, "excluded_lines": 0, "percent_statements_covered": 85.47008547008546, "percent_statements_covered_display": "85.47"}, "missing_lines": [139, 140, 188, 189, 191, 192, 193, 207, 208, 255, 256, 299, 301, 305, 306, 310, 312], "excluded_lines": [], "functions": {"get_bundled_packs_root": {"executed_lines": [40], "summary": {"covered_lines": 1, "num_statements": 1, "percent_covered": 100.0, "percent_covered_display": "100.00", "missing_lines": 0, "excluded_lines": 0, "percent_statements_covered": 100.0, "percent_statements_covered_display": "100.00"}, "missing_lines": [], "excluded_lines": []}, "PreloadStats.__str__": {"executed_lines": [68, 73, 74, 75], "summary": {"covered_lines": 4, "num_statements": 4, "percent_covered": 100.0, "percent_covered_display": "100.00", "missing_lines": 0, "excluded_lines": 0, "percent_statements_covered": 100.0, "percent_statements_covered_display": "100.00"}, "missing_lines": [], "excluded_lines": []}, "PipelinePreloader.__init__": {"executed_lines": [112, 113, 114, 117, 118], "summary": {"covered_lines": 5, "num_statements": 5, "percent_covered": 100.0, "percent_covered_display": "100.00", "missing_lines": 0, "excluded_lines": 0, "percent_statements_covered": 100.0, "percent_statements_covered_display": "100.00"}, "missing_lines": [], "excluded_lines": []}, "PipelinePreloader.preload": {"executed_lines": [129, 130, 133, 134, 135, 137, 138, 141, 142, 143, 144, 148, 151, 154, 155, 156, 160, 162, 167, 169, 170, 171, 172, 173, 174, 175, 178, 185, 196, 199, 200, 201, 203, 204, 205, 206, 216, 218, 220, 221, 226, 229, 230, 233, 239, 245, 248, 249, 250, 251, 252, 253, 254, 259, 275, 276, 287, 288], "summary": {"covered_lines": 58, "num_statements": 69, "percent_covered": 84.05797101449275, "percent_covered_display": "84.06", "missing_lines": 11, "excluded_lines": 0, "percent_statements_covered": 84.05797101449275, "percent_statements_covered_display": "84.06"}, "missing_lines": [139, 140, 188, 189, 191, 192, 193, 207, 208, 255, 256], "excluded_lines": []}, "PipelinePreloader.create_default_pipeline": {"executed_lines": [], "summary": {"covered_lines": 0, "num_statements": 6, "percent_covered": 0.0, "percent_covered_display": "0.00", "missing_lines": 6, "excluded_lines": 0, "percent_statements_covered": 0.0, "percent_statements_covered_display": "0.00"}, "missing_lines": [299, 301, 305, 306, 310, 312], "excluded_lines": []}, "preload_pipeline": {"executed_lines": [346, 347], "summary": {"covered_lines": 2, "num_statements": 2, "percent_covered": 100.0, "percent_covered_display": "100.00", "missing_lines": 0, "excluded_lines": 0, "percent_statements_covered": 100.0, "percent_statements_covered_display": "100.00"}, "missing_lines": [], "excluded_lines": []}, "": {"executed_lines": [1, 16, 17, 18, 19, 21, 22, 23, 24, 25, 26, 27, 29, 32, 43, 44, 45, 57, 58, 59, 60, 61, 62, 63, 64, 66, 78, 79, 97, 120, 290, 291, 324], "summary": {"covered_lines": 30, "num_statements": 30, "percent_covered": 100.0, "percent_covered_display": "100.00", "missing_lines": 0, "excluded_lines": 0, "percent_statements_covered": 100.0, "percent_statements_covered_display": "100.00"}, "missing_lines": [], "excluded_lines": []}}, "classes": {"PreloadStats": {"executed_lines": [68, 73, 74, 75], "summary": {"covered_lines": 4, "num_statements": 4, "percent_covered": 100.0, "percent_covered_display": "100.00", "missing_lines": 0, "excluded_lines": 0, "percent_statements_covered": 100.0, "percent_statements_covered_display": "100.00"}, "missing_lines": [], "excluded_lines": []}, "PipelinePreloader": {"executed_lines": [112, 113, 114, 117, 118, 129, 130, 133, 134, 135, 137, 138, 141, 142, 143, 144, 148, 151, 154, 155, 156, 160, 162, 167, 169, 170, 171, 172, 173, 174, 175, 178, 185, 196, 199, 200, 201, 203, 204, 205, 206, 216, 218, 220, 221, 226, 229, 230, 233, 239, 245, 248, 249, 250, 251, 252, 253, 254, 259, 275, 276, 287, 288], "summary": {"covered_lines": 63, "num_statements": 80, "percent_covered": 78.75, "percent_covered_display": "78.75", "missing_lines": 17, "excluded_lines": 0, "percent_statements_covered": 78.75, "percent_statements_covered_display": "78.75"}, "missing_lines": [139, 140, 188, 189, 191, 192, 193, 207, 208, 255, 256, 299, 301, 305, 306, 310, 312], "excluded_lines": []}, "": {"executed_lines": [1, 16, 17, 18, 19, 21, 22, 23, 24, 25, 26, 27, 29, 32, 40, 43, 44, 45, 57, 58, 59, 60, 61, 62, 63, 64, 66, 78, 79, 97, 120, 290, 291, 324, 346, 347], "summary": {"covered_lines": 33, "num_statements": 33, "percent_covered": 100.0, "percent_covered_display": "100.00", "missing_lines": 0, "excluded_lines": 0, "percent_statements_covered": 100.0, "percent_statements_covered_display": "100.00"}, "missing_lines": [], "excluded_lines": []}}}, "src/raxe/application/scan_merger.py": {"executed_lines": [1, 13, 14, 16, 17, 18, 21, 22, 23, 34, 35, 36, 37, 38, 40, 42, 43, 47, 48, 54, 55, 59, 61, 62, 64, 66, 67, 69, 70, 71, 73, 74, 80, 82, 83, 85, 87, 88, 90, 91, 92, 94, 95, 99, 100, 106, 107, 109, 111, 117, 118, 119, 121, 127, 128, 135, 136, 138, 143, 144, 145, 146, 147, 149, 150, 152, 153, 158, 164, 174, 175, 177, 180, 181, 190, 198, 215, 221, 222, 223, 225, 233, 258, 261, 262, 265, 266, 269, 270, 272, 273, 276, 278, 290, 291, 292, 293, 294, 295, 296, 297, 298, 299, 301, 303, 313, 321], "summary": {"covered_lines": 104, "num_statements": 108, "percent_covered": 96.29629629629629, "percent_covered_display": "96.30", "missing_lines": 4, "excluded_lines": 0, "percent_statements_covered": 96.29629629629629, "percent_statements_covered_display": "96.30"}, "missing_lines": [97, 102, 103, 104], "excluded_lines": [], "functions": {"CombinedScanResult.__post_init__": {"executed_lines": [42, 43], "summary": {"covered_lines": 2, "num_statements": 2, "percent_covered": 100.0, "percent_covered_display": "100.00", "missing_lines": 0, "excluded_lines": 0, "percent_statements_covered": 100.0, "percent_statements_covered_display": "100.00"}, "missing_lines": [], "excluded_lines": []}, "CombinedScanResult.has_threats": {"executed_lines": [54, 55, 59], "summary": {"covered_lines": 3, "num_statements": 3, "percent_covered": 100.0, "percent_covered_display": "100.00", "missing_lines": 0, "excluded_lines": 0, "percent_statements_covered": 100.0, "percent_statements_covered_display": "100.00"}, "missing_lines": [], "excluded_lines": []}, "CombinedScanResult.l1_detection_count": {"executed_lines": [64], "summary": {"covered_lines": 1, "num_statements": 1, "percent_covered": 100.0, "percent_covered_display": "100.00", "missing_lines": 0, "excluded_lines": 0, "percent_statements_covered": 100.0, "percent_statements_covered_display": "100.00"}, "missing_lines": [], "excluded_lines": []}, "CombinedScanResult.l2_prediction_count": {"executed_lines": [69, 70, 71], "summary": {"covered_lines": 3, "num_statements": 3, "percent_covered": 100.0, "percent_covered_display": "100.00", "missing_lines": 0, "excluded_lines": 0, "percent_statements_covered": 100.0, "percent_statements_covered_display": "100.00"}, "missing_lines": [], "excluded_lines": []}, "CombinedScanResult.total_threat_count": {"executed_lines": [80], "summary": {"covered_lines": 1, "num_statements": 1, "percent_covered": 100.0, "percent_covered_display": "100.00", "missing_lines": 0, "excluded_lines": 0, "percent_statements_covered": 100.0, "percent_statements_covered_display": "100.00"}, "missing_lines": [], "excluded_lines": []}, "CombinedScanResult.l1_processing_ms": {"executed_lines": [85], "summary": {"covered_lines": 1, "num_statements": 1, "percent_covered": 100.0, "percent_covered_display": "100.00", "missing_lines": 0, "excluded_lines": 0, "percent_statements_covered": 100.0, "percent_statements_covered_display": "100.00"}, "missing_lines": [], "excluded_lines": []}, "CombinedScanResult.l2_processing_ms": {"executed_lines": [90, 91, 92], "summary": {"covered_lines": 3, "num_statements": 3, "percent_covered": 100.0, "percent_covered_display": "100.00", "missing_lines": 0, "excluded_lines": 0, "percent_statements_covered": 100.0, "percent_statements_covered_display": "100.00"}, "missing_lines": [], "excluded_lines": []}, "CombinedScanResult.l1_detections": {"executed_lines": [], "summary": {"covered_lines": 0, "num_statements": 1, "percent_covered": 0.0, "percent_covered_display": "0.00", "missing_lines": 1, "excluded_lines": 0, "percent_statements_covered": 0.0, "percent_statements_covered_display": "0.00"}, "missing_lines": [97], "excluded_lines": []}, "CombinedScanResult.l2_predictions": {"executed_lines": [], "summary": {"covered_lines": 0, "num_statements": 3, "percent_covered": 0.0, "percent_covered_display": "0.00", "missing_lines": 3, "excluded_lines": 0, "percent_statements_covered": 0.0, "percent_statements_covered_display": "0.00"}, "missing_lines": [102, 103, 104], "excluded_lines": []}, "CombinedScanResult.plugin_detection_count": {"executed_lines": [109], "summary": {"covered_lines": 1, "num_statements": 1, "percent_covered": 100.0, "percent_covered_display": "100.00", "missing_lines": 0, "excluded_lines": 0, "percent_statements_covered": 100.0, "percent_statements_covered_display": "100.00"}, "missing_lines": [], "excluded_lines": []}, "CombinedScanResult.layer_breakdown": {"executed_lines": [117, 118, 119, 121], "summary": {"covered_lines": 4, "num_statements": 4, "percent_covered": 100.0, "percent_covered_display": "100.00", "missing_lines": 0, "excluded_lines": 0, "percent_statements_covered": 100.0, "percent_statements_covered_display": "100.00"}, "missing_lines": [], "excluded_lines": []}, "CombinedScanResult.threat_summary": {"executed_lines": [135, 136, 138, 143, 144, 145, 146, 147, 149, 150, 152, 153], "summary": {"covered_lines": 12, "num_statements": 12, "percent_covered": 100.0, "percent_covered_display": "100.00", "missing_lines": 0, "excluded_lines": 0, "percent_statements_covered": 100.0, "percent_statements_covered_display": "100.00"}, "missing_lines": [], "excluded_lines": []}, "CombinedScanResult.to_dict": {"executed_lines": [164, 174, 175, 177], "summary": {"covered_lines": 4, "num_statements": 4, "percent_covered": 100.0, "percent_covered_display": "100.00", "missing_lines": 0, "excluded_lines": 0, "percent_statements_covered": 100.0, "percent_statements_covered_display": "100.00"}, "missing_lines": [], "excluded_lines": []}, "ScanMerger.merge": {"executed_lines": [215, 221, 222, 223, 225], "summary": {"covered_lines": 5, "num_statements": 5, "percent_covered": 100.0, "percent_covered_display": "100.00", "missing_lines": 0, "excluded_lines": 0, "percent_statements_covered": 100.0, "percent_statements_covered_display": "100.00"}, "missing_lines": [], "excluded_lines": []}, "ScanMerger._calculate_combined_severity": {"executed_lines": [258, 261, 262, 265, 266, 269, 270, 272, 273, 276], "summary": {"covered_lines": 10, "num_statements": 10, "percent_covered": 100.0, "percent_covered_display": "100.00", "missing_lines": 0, "excluded_lines": 0, "percent_statements_covered": 100.0, "percent_statements_covered_display": "100.00"}, "missing_lines": [], "excluded_lines": []}, "ScanMerger._map_confidence_to_severity": {"executed_lines": [290, 291, 292, 293, 294, 295, 296, 297, 298, 299, 301], "summary": {"covered_lines": 11, "num_statements": 11, "percent_covered": 100.0, "percent_covered_display": "100.00", "missing_lines": 0, "excluded_lines": 0, "percent_statements_covered": 100.0, "percent_statements_covered_display": "100.00"}, "missing_lines": [], "excluded_lines": []}, "ScanMerger._max_severity": {"executed_lines": [313, 321], "summary": {"covered_lines": 2, "num_statements": 2, "percent_covered": 100.0, "percent_covered_display": "100.00", "missing_lines": 0, "excluded_lines": 0, "percent_statements_covered": 100.0, "percent_statements_covered_display": "100.00"}, "missing_lines": [], "excluded_lines": []}, "": {"executed_lines": [1, 13, 14, 16, 17, 18, 21, 22, 23, 34, 35, 36, 37, 38, 40, 47, 48, 61, 62, 66, 67, 73, 74, 82, 83, 87, 88, 94, 95, 99, 100, 106, 107, 111, 127, 128, 158, 180, 181, 190, 198, 233, 278, 303], "summary": {"covered_lines": 41, "num_statements": 41, "percent_covered": 100.0, "percent_covered_display": "100.00", "missing_lines": 0, "excluded_lines": 0, "percent_statements_covered": 100.0, "percent_statements_covered_display": "100.00"}, "missing_lines": [], "excluded_lines": []}}, "classes": {"CombinedScanResult": {"executed_lines": [42, 43, 54, 55, 59, 64, 69, 70, 71, 80, 85, 90, 91, 92, 109, 117, 118, 119, 121, 135, 136, 138, 143, 144, 145, 146, 147, 149, 150, 152, 153, 164, 174, 175, 177], "summary": {"covered_lines": 35, "num_statements": 39, "percent_covered": 89.74358974358974, "percent_covered_display": "89.74", "missing_lines": 4, "excluded_lines": 0, "percent_statements_covered": 89.74358974358974, "percent_statements_covered_display": "89.74"}, "missing_lines": [97, 102, 103, 104], "excluded_lines": []}, "ScanMerger": {"executed_lines": [215, 221, 222, 223, 225, 258, 261, 262, 265, 266, 269, 270, 272, 273, 276, 290, 291, 292, 293, 294, 295, 296, 297, 298, 299, 301, 313, 321], "summary": {"covered_lines": 28, "num_statements": 28, "percent_covered": 100.0, "percent_covered_display": "100.00", "missing_lines": 0, "excluded_lines": 0, "percent_statements_covered": 100.0, "percent_statements_covered_display": "100.00"}, "missing_lines": [], "excluded_lines": []}, "": {"executed_lines": [1, 13, 14, 16, 17, 18, 21, 22, 23, 34, 35, 36, 37, 38, 40, 47, 48, 61, 62, 66, 67, 73, 74, 82, 83, 87, 88, 94, 95, 99, 100, 106, 107, 111, 127, 128, 158, 180, 181, 190, 198, 233, 278, 303], "summary": {"covered_lines": 41, "num_statements": 41, "percent_covered": 100.0, "percent_covered_display": "100.00", "missing_lines": 0, "excluded_lines": 0, "percent_statements_covered": 100.0, "percent_statements_covered_display": "100.00"}, "missing_lines": [], "excluded_lines": []}}}, "src/raxe/application/scan_pipeline.py": {"executed_lines": [1, 16, 17, 18, 19, 21, 22, 23, 24, 25, 26, 27, 28, 31, 32, 34, 35, 36, 38, 41, 42, 43, 58, 59, 60, 61, 62, 63, 64, 65, 66, 67, 68, 70, 72, 75, 76, 78, 80, 81, 83, 84, 85, 87, 88, 90, 92, 98, 104, 110, 129, 130, 156, 192, 193, 194, 195, 196, 197, 198, 199, 200, 201, 202, 203, 204, 205, 208, 209, 210, 211, 212, 213, 219, 220, 221, 223, 257, 258, 259, 260, 263, 265, 266, 267, 269, 270, 272, 273, 275, 276, 279, 282, 295, 303, 304, 305, 306, 310, 311, 314, 315, 324, 325, 344, 345, 346, 348, 349, 350, 351, 353, 359, 361, 362, 372, 377, 378, 379, 383, 384, 387, 389, 391, 402, 403, 404, 405, 406, 407, 408, 409, 410, 411, 412, 413, 414, 416, 417, 420, 421, 423, 432, 433, 437, 438, 447, 448, 449, 450, 465, 466, 475, 490, 491, 493, 502, 509, 512, 515, 516, 517, 518, 521, 536, 565, 568, 570, 573, 580, 587, 594, 595, 597, 599, 616, 617, 618, 623, 624, 626, 652, 655, 656, 657, 660, 663, 664, 665, 666, 668, 670, 672, 684, 688, 689, 692, 693, 694, 695, 696, 697, 698, 699, 700, 701, 704, 705, 707, 708, 710, 712, 724, 726, 735, 738, 739, 741, 742, 744, 746, 747, 771, 839, 863, 877, 878, 881, 882, 888, 889, 895, 896, 902, 904, 906, 907, 911, 917], "summary": {"covered_lines": 236, "num_statements": 315, "percent_covered": 74.92063492063492, "percent_covered_display": "74.92", "missing_lines": 79, "excluded_lines": 0, "percent_statements_covered": 74.92063492063492, "percent_statements_covered_display": "74.92"}, "missing_lines": [33, 73, 214, 215, 216, 283, 284, 288, 289, 290, 291, 292, 307, 308, 326, 327, 328, 330, 331, 338, 339, 340, 341, 380, 381, 415, 451, 452, 453, 454, 456, 462, 537, 539, 540, 548, 549, 550, 551, 556, 560, 562, 567, 574, 575, 576, 577, 581, 582, 583, 584, 588, 589, 590, 591, 736, 749, 751, 755, 757, 759, 763, 765, 767, 768, 769, 790, 791, 793, 795, 829, 835, 837, 884, 885, 890, 893, 903, 909], "excluded_lines": [], "functions": {"ScanPipelineResult.__post_init__": {"executed_lines": [72], "summary": {"covered_lines": 1, "num_statements": 2, "percent_covered": 50.0, "percent_covered_display": "50.00", "missing_lines": 1, "excluded_lines": 0, "percent_statements_covered": 50.0, "percent_statements_covered_display": "50.00"}, "missing_lines": [73], "excluded_lines": []}, "ScanPipelineResult.has_threats": {"executed_lines": [78], "summary": {"covered_lines": 1, "num_statements": 1, "percent_covered": 100.0, "percent_covered_display": "100.00", "missing_lines": 0, "excluded_lines": 0, "percent_statements_covered": 100.0, "percent_statements_covered_display": "100.00"}, "missing_lines": [], "excluded_lines": []}, "ScanPipelineResult.severity": {"executed_lines": [83, 84, 85], "summary": {"covered_lines": 3, "num_statements": 3, "percent_covered": 100.0, "percent_covered_display": "100.00", "missing_lines": 0, "excluded_lines": 0, "percent_statements_covered": 100.0, "percent_statements_covered_display": "100.00"}, "missing_lines": [], "excluded_lines": []}, "ScanPipelineResult.total_detections": {"executed_lines": [90], "summary": {"covered_lines": 1, "num_statements": 1, "percent_covered": 100.0, "percent_covered_display": "100.00", "missing_lines": 0, "excluded_lines": 0, "percent_statements_covered": 100.0, "percent_statements_covered_display": "100.00"}, "missing_lines": [], "excluded_lines": []}, "ScanPipelineResult.layer_breakdown": {"executed_lines": [98], "summary": {"covered_lines": 1, "num_statements": 1, "percent_covered": 100.0, "percent_covered_display": "100.00", "missing_lines": 0, "excluded_lines": 0, "percent_statements_covered": 100.0, "percent_statements_covered_display": "100.00"}, "missing_lines": [], "excluded_lines": []}, "ScanPipelineResult.to_dict": {"executed_lines": [110], "summary": {"covered_lines": 1, "num_statements": 1, "percent_covered": 100.0, "percent_covered_display": "100.00", "missing_lines": 0, "excluded_lines": 0, "percent_statements_covered": 100.0, "percent_statements_covered_display": "100.00"}, "missing_lines": [], "excluded_lines": []}, "ScanPipeline.__init__": {"executed_lines": [192, 193, 194, 195, 196, 197, 198, 199, 200, 201, 202, 203, 204, 205, 208, 209, 210, 211, 212, 213, 219, 220, 221], "summary": {"covered_lines": 23, "num_statements": 26, "percent_covered": 88.46153846153847, "percent_covered_display": "88.46", "missing_lines": 3, "excluded_lines": 0, "percent_statements_covered": 88.46153846153847, "percent_statements_covered_display": "88.46"}, "missing_lines": [214, 215, 216], "excluded_lines": []}, "ScanPipeline.scan": {"executed_lines": [257, 258, 259, 260, 263, 265, 266, 267, 269, 270, 272, 273, 275, 276, 279, 282, 295, 303, 304, 305, 306, 310, 311, 314, 315, 324, 325, 344, 345, 346, 348, 349, 350, 351, 353, 359, 361, 362, 372, 377, 378, 379, 383, 384, 387, 389, 391, 402, 403, 404, 405, 406, 407, 408, 409, 410, 411, 412, 413, 414, 416, 417, 420, 421, 423, 432, 433, 437, 438, 447, 448, 449, 450, 465, 466, 475, 490, 491, 493, 502, 509, 512, 515, 516, 517, 518, 521, 536, 565, 568, 570, 573, 580, 587, 594, 595, 597], "summary": {"covered_lines": 97, "num_statements": 147, "percent_covered": 65.98639455782313, "percent_covered_display": "65.99", "missing_lines": 50, "excluded_lines": 0, "percent_statements_covered": 65.98639455782313, "percent_statements_covered_display": "65.99"}, "missing_lines": [283, 284, 288, 289, 290, 291, 292, 307, 308, 326, 327, 328, 330, 331, 338, 339, 340, 341, 380, 381, 415, 451, 452, 453, 454, 456, 462, 537, 539, 540, 548, 549, 550, 551, 556, 560, 562, 567, 574, 575, 576, 577, 581, 582, 583, 584, 588, 589, 590, 591], "excluded_lines": []}, "ScanPipeline.scan_batch": {"executed_lines": [616, 617, 618, 623, 624], "summary": {"covered_lines": 5, "num_statements": 5, "percent_covered": 100.0, "percent_covered_display": "100.00", "missing_lines": 0, "excluded_lines": 0, "percent_statements_covered": 100.0, "percent_statements_covered_display": "100.00"}, "missing_lines": [], "excluded_lines": []}, "ScanPipeline._evaluate_policy": {"executed_lines": [652, 655, 656, 657, 660, 663, 664, 665, 666, 668, 670], "summary": {"covered_lines": 11, "num_statements": 11, "percent_covered": 100.0, "percent_covered_display": "100.00", "missing_lines": 0, "excluded_lines": 0, "percent_statements_covered": 100.0, "percent_statements_covered_display": "100.00"}, "missing_lines": [], "excluded_lines": []}, "ScanPipeline._should_block_on_l2": {"executed_lines": [684, 688, 689, 692, 693, 694, 695, 696, 697, 698, 699, 700, 701, 704, 705, 707, 708, 710], "summary": {"covered_lines": 18, "num_statements": 18, "percent_covered": 100.0, "percent_covered_display": "100.00", "missing_lines": 0, "excluded_lines": 0, "percent_statements_covered": 100.0, "percent_statements_covered_display": "100.00"}, "missing_lines": [], "excluded_lines": []}, "ScanPipeline._hash_text": {"executed_lines": [724], "summary": {"covered_lines": 1, "num_statements": 1, "percent_covered": 100.0, "percent_covered_display": "100.00", "missing_lines": 0, "excluded_lines": 0, "percent_statements_covered": 100.0, "percent_statements_covered_display": "100.00"}, "missing_lines": [], "excluded_lines": []}, "ScanPipeline._validate_telemetry_event": {"executed_lines": [735, 738, 739, 741, 742, 744, 746, 747], "summary": {"covered_lines": 8, "num_statements": 19, "percent_covered": 42.10526315789474, "percent_covered_display": "42.11", "missing_lines": 11, "excluded_lines": 0, "percent_statements_covered": 42.10526315789474, "percent_statements_covered_display": "42.11"}, "missing_lines": [736, 749, 751, 755, 757, 759, 763, 765, 767, 768, 769], "excluded_lines": []}, "ScanPipeline._send_telemetry_v2": {"executed_lines": [], "summary": {"covered_lines": 0, "num_statements": 7, "percent_covered": 0.0, "percent_covered_display": "0.00", "missing_lines": 7, "excluded_lines": 0, "percent_statements_covered": 0.0, "percent_statements_covered_display": "0.00"}, "missing_lines": [790, 791, 793, 795, 829, 835, 837], "excluded_lines": []}, "ScanPipeline._send_telemetry": {"executed_lines": [863, 877, 878, 881, 882, 888, 889], "summary": {"covered_lines": 7, "num_statements": 11, "percent_covered": 63.63636363636363, "percent_covered_display": "63.64", "missing_lines": 4, "excluded_lines": 0, "percent_statements_covered": 63.63636363636363, "percent_statements_covered_display": "63.64"}, "missing_lines": [884, 885, 890, 893], "excluded_lines": []}, "ScanPipeline.average_scan_time_ms": {"executed_lines": [902, 904], "summary": {"covered_lines": 2, "num_statements": 3, "percent_covered": 66.66666666666667, "percent_covered_display": "66.67", "missing_lines": 1, "excluded_lines": 0, "percent_statements_covered": 66.66666666666667, "percent_statements_covered_display": "66.67"}, "missing_lines": [903], "excluded_lines": []}, "ScanPipeline.scan_count": {"executed_lines": [], "summary": {"covered_lines": 0, "num_statements": 1, "percent_covered": 0.0, "percent_covered_display": "0.00", "missing_lines": 1, "excluded_lines": 0, "percent_statements_covered": 0.0, "percent_statements_covered_display": "0.00"}, "missing_lines": [909], "excluded_lines": []}, "ScanPipeline.get_stats": {"executed_lines": [917], "summary": {"covered_lines": 1, "num_statements": 1, "percent_covered": 100.0, "percent_covered_display": "100.00", "missing_lines": 0, "excluded_lines": 0, "percent_statements_covered": 100.0, "percent_statements_covered_display": "100.00"}, "missing_lines": [], "excluded_lines": []}, "": {"executed_lines": [1, 16, 17, 18, 19, 21, 22, 23, 24, 25, 26, 27, 28, 31, 32, 34, 35, 36, 38, 41, 42, 43, 58, 59, 60, 61, 62, 63, 64, 65, 66, 67, 68, 70, 75, 76, 80, 81, 87, 88, 92, 104, 129, 130, 156, 223, 599, 626, 672, 712, 726, 771, 839, 895, 896, 906, 907, 911], "summary": {"covered_lines": 55, "num_statements": 56, "percent_covered": 98.21428571428571, "percent_covered_display": "98.21", "missing_lines": 1, "excluded_lines": 0, "percent_statements_covered": 98.21428571428571, "percent_statements_covered_display": "98.21"}, "missing_lines": [33], "excluded_lines": []}}, "classes": {"ScanPipelineResult": {"executed_lines": [72, 78, 83, 84, 85, 90, 98, 110], "summary": {"covered_lines": 8, "num_statements": 9, "percent_covered": 88.88888888888889, "percent_covered_display": "88.89", "missing_lines": 1, "excluded_lines": 0, "percent_statements_covered": 88.88888888888889, "percent_statements_covered_display": "88.89"}, "missing_lines": [73], "excluded_lines": []}, "ScanPipeline": {"executed_lines": [192, 193, 194, 195, 196, 197, 198, 199, 200, 201, 202, 203, 204, 205, 208, 209, 210, 211, 212, 213, 219, 220, 221, 257, 258, 259, 260, 263, 265, 266, 267, 269, 270, 272, 273, 275, 276, 279, 282, 295, 303, 304, 305, 306, 310, 311, 314, 315, 324, 325, 344, 345, 346, 348, 349, 350, 351, 353, 359, 361, 362, 372, 377, 378, 379, 383, 384, 387, 389, 391, 402, 403, 404, 405, 406, 407, 408, 409, 410, 411, 412, 413, 414, 416, 417, 420, 421, 423, 432, 433, 437, 438, 447, 448, 449, 450, 465, 466, 475, 490, 491, 493, 502, 509, 512, 515, 516, 517, 518, 521, 536, 565, 568, 570, 573, 580, 587, 594, 595, 597, 616, 617, 618, 623, 624, 652, 655, 656, 657, 660, 663, 664, 665, 666, 668, 670, 684, 688, 689, 692, 693, 694, 695, 696, 697, 698, 699, 700, 701, 704, 705, 707, 708, 710, 724, 735, 738, 739, 741, 742, 744, 746, 747, 863, 877, 878, 881, 882, 888, 889, 902, 904, 917], "summary": {"covered_lines": 173, "num_statements": 250, "percent_covered": 69.2, "percent_covered_display": "69.20", "missing_lines": 77, "excluded_lines": 0, "percent_statements_covered": 69.2, "percent_statements_covered_display": "69.20"}, "missing_lines": [214, 215, 216, 283, 284, 288, 289, 290, 291, 292, 307, 308, 326, 327, 328, 330, 331, 338, 339, 340, 341, 380, 381, 415, 451, 452, 453, 454, 456, 462, 537, 539, 540, 548, 549, 550, 551, 556, 560, 562, 567, 574, 575, 576, 577, 581, 582, 583, 584, 588, 589, 590, 591, 736, 749, 751, 755, 757, 759, 763, 765, 767, 768, 769, 790, 791, 793, 795, 829, 835, 837, 884, 885, 890, 893, 903, 909], "excluded_lines": []}, "": {"executed_lines": [1, 16, 17, 18, 19, 21, 22, 23, 24, 25, 26, 27, 28, 31, 32, 34, 35, 36, 38, 41, 42, 43, 58, 59, 60, 61, 62, 63, 64, 65, 66, 67, 68, 70, 75, 76, 80, 81, 87, 88, 92, 104, 129, 130, 156, 223, 599, 626, 672, 712, 726, 771, 839, 895, 896, 906, 907, 911], "summary": {"covered_lines": 55, "num_statements": 56, "percent_covered": 98.21428571428571, "percent_covered_display": "98.21", "missing_lines": 1, "excluded_lines": 0, "percent_statements_covered": 98.21428571428571, "percent_statements_covered_display": "98.21"}, "missing_lines": [33], "excluded_lines": []}}}, "src/raxe/application/scan_pipeline_async.py": {"executed_lines": [1, 24, 25, 26, 27, 28, 29, 31, 32, 33, 34, 35, 36, 37, 39, 42, 43, 44, 45, 46, 47, 48, 49, 50, 51, 52, 53, 54, 57, 58, 59, 60, 61, 62, 63, 64, 65, 66, 68, 69, 73, 74, 78, 79, 84, 85, 103, 131, 132, 133, 134, 135, 136, 137, 138, 139, 140, 142, 150, 176, 179, 180, 183, 184, 185, 186, 187, 188, 190, 191, 194, 197, 198, 199, 200, 201, 202, 205, 207, 208, 213, 214, 215, 221, 222, 223, 224, 228, 229, 230, 231, 232, 235, 238, 239, 240, 242, 255, 256, 260, 261, 262, 263, 264, 270, 271, 274, 275, 276, 279, 294, 295, 297, 304, 305, 308, 311, 325, 336, 346, 352, 353, 360, 369, 370, 378, 388, 389, 403, 405, 413, 415], "summary": {"covered_lines": 128, "num_statements": 143, "percent_covered": 89.5104895104895, "percent_covered_display": "89.51", "missing_lines": 15, "excluded_lines": 0, "percent_statements_covered": 89.5104895104895, "percent_statements_covered_display": "89.51"}, "missing_lines": [71, 76, 81, 177, 244, 245, 246, 247, 265, 266, 267, 391, 393, 399, 401], "excluded_lines": [], "functions": {"AsyncScanPipelineResult.has_threats": {"executed_lines": [], "summary": {"covered_lines": 0, "num_statements": 1, "percent_covered": 0.0, "percent_covered_display": "0.00", "missing_lines": 1, "excluded_lines": 0, "percent_statements_covered": 0.0, "percent_statements_covered_display": "0.00"}, "missing_lines": [71], "excluded_lines": []}, "AsyncScanPipelineResult.l1_detections": {"executed_lines": [], "summary": {"covered_lines": 0, "num_statements": 1, "percent_covered": 0.0, "percent_covered_display": "0.00", "missing_lines": 1, "excluded_lines": 0, "percent_statements_covered": 0.0, "percent_statements_covered_display": "0.00"}, "missing_lines": [76], "excluded_lines": []}, "AsyncScanPipelineResult.l2_detections": {"executed_lines": [], "summary": {"covered_lines": 0, "num_statements": 1, "percent_covered": 0.0, "percent_covered_display": "0.00", "missing_lines": 1, "excluded_lines": 0, "percent_statements_covered": 0.0, "percent_statements_covered_display": "0.00"}, "missing_lines": [81], "excluded_lines": []}, "AsyncScanPipeline.__init__": {"executed_lines": [131, 132, 133, 134, 135, 136, 137, 138, 139, 140, 142], "summary": {"covered_lines": 11, "num_statements": 11, "percent_covered": 100.0, "percent_covered_display": "100.00", "missing_lines": 0, "excluded_lines": 0, "percent_statements_covered": 100.0, "percent_statements_covered_display": "100.00"}, "missing_lines": [], "excluded_lines": []}, "AsyncScanPipeline.scan": {"executed_lines": [176, 179, 180, 183, 184, 185, 186, 187, 188, 190, 191, 194, 197, 198, 199, 200, 201, 202, 205, 207, 208, 213, 214, 215, 221, 222, 223, 224, 228, 229, 230, 231, 232, 235, 238, 239, 240, 242, 255, 256, 260, 261, 262, 263, 264, 270, 271, 274, 275, 276, 279, 294, 295, 297, 304, 305, 308, 311, 325, 336], "summary": {"covered_lines": 60, "num_statements": 68, "percent_covered": 88.23529411764706, "percent_covered_display": "88.24", "missing_lines": 8, "excluded_lines": 0, "percent_statements_covered": 88.23529411764706, "percent_statements_covered_display": "88.24"}, "missing_lines": [177, 244, 245, 246, 247, 265, 266, 267], "excluded_lines": []}, "AsyncScanPipeline._run_l1_async": {"executed_lines": [352, 353], "summary": {"covered_lines": 2, "num_statements": 2, "percent_covered": 100.0, "percent_covered_display": "100.00", "missing_lines": 0, "excluded_lines": 0, "percent_statements_covered": 100.0, "percent_statements_covered_display": "100.00"}, "missing_lines": [], "excluded_lines": []}, "AsyncScanPipeline._run_l2_async": {"executed_lines": [369, 370], "summary": {"covered_lines": 2, "num_statements": 2, "percent_covered": 100.0, "percent_covered_display": "100.00", "missing_lines": 0, "excluded_lines": 0, "percent_statements_covered": 100.0, "percent_statements_covered_display": "100.00"}, "missing_lines": [], "excluded_lines": []}, "AsyncScanPipeline._should_cancel_l2": {"executed_lines": [388, 389], "summary": {"covered_lines": 2, "num_statements": 6, "percent_covered": 33.333333333333336, "percent_covered_display": "33.33", "missing_lines": 4, "excluded_lines": 0, "percent_statements_covered": 33.333333333333336, "percent_statements_covered_display": "33.33"}, "missing_lines": [391, 393, 399, 401], "excluded_lines": []}, "AsyncScanPipeline._create_empty_l1_result": {"executed_lines": [405], "summary": {"covered_lines": 1, "num_statements": 1, "percent_covered": 100.0, "percent_covered_display": "100.00", "missing_lines": 0, "excluded_lines": 0, "percent_statements_covered": 100.0, "percent_statements_covered_display": "100.00"}, "missing_lines": [], "excluded_lines": []}, "AsyncScanPipeline._hash_text": {"executed_lines": [415], "summary": {"covered_lines": 1, "num_statements": 1, "percent_covered": 100.0, "percent_covered_display": "100.00", "missing_lines": 0, "excluded_lines": 0, "percent_statements_covered": 100.0, "percent_statements_covered_display": "100.00"}, "missing_lines": [], "excluded_lines": []}, "": {"executed_lines": [1, 24, 25, 26, 27, 28, 29, 31, 32, 33, 34, 35, 36, 37, 39, 42, 43, 44, 45, 46, 47, 48, 49, 50, 51, 52, 53, 54, 57, 58, 59, 60, 61, 62, 63, 64, 65, 66, 68, 69, 73, 74, 78, 79, 84, 85, 103, 150, 346, 360, 378, 403, 413], "summary": {"covered_lines": 49, "num_statements": 49, "percent_covered": 100.0, "percent_covered_display": "100.00", "missing_lines": 0, "excluded_lines": 0, "percent_statements_covered": 100.0, "percent_statements_covered_display": "100.00"}, "missing_lines": [], "excluded_lines": []}}, "classes": {"AsyncScanMetrics": {"executed_lines": [], "summary": {"covered_lines": 0, "num_statements": 0, "percent_covered": 100.0, "percent_covered_display": "100.00", "missing_lines": 0, "excluded_lines": 0, "percent_statements_covered": 100.0, "percent_statements_covered_display": "100.00"}, "missing_lines": [], "excluded_lines": []}, "AsyncScanPipelineResult": {"executed_lines": [], "summary": {"covered_lines": 0, "num_statements": 3, "percent_covered": 0.0, "percent_covered_display": "0.00", "missing_lines": 3, "excluded_lines": 0, "percent_statements_covered": 0.0, "percent_statements_covered_display": "0.00"}, "missing_lines": [71, 76, 81], "excluded_lines": []}, "AsyncScanPipeline": {"executed_lines": [131, 132, 133, 134, 135, 136, 137, 138, 139, 140, 142, 176, 179, 180, 183, 184, 185, 186, 187, 188, 190, 191, 194, 197, 198, 199, 200, 201, 202, 205, 207, 208, 213, 214, 215, 221, 222, 223, 224, 228, 229, 230, 231, 232, 235, 238, 239, 240, 242, 255, 256, 260, 261, 262, 263, 264, 270, 271, 274, 275, 276, 279, 294, 295, 297, 304, 305, 308, 311, 325, 336, 352, 353, 369, 370, 388, 389, 405, 415], "summary": {"covered_lines": 79, "num_statements": 91, "percent_covered": 86.81318681318682, "percent_covered_display": "86.81", "missing_lines": 12, "excluded_lines": 0, "percent_statements_covered": 86.81318681318682, "percent_statements_covered_display": "86.81"}, "missing_lines": [177, 244, 245, 246, 247, 265, 266, 267, 391, 393, 399, 401], "excluded_lines": []}, "": {"executed_lines": [1, 24, 25, 26, 27, 28, 29, 31, 32, 33, 34, 35, 36, 37, 39, 42, 43, 44, 45, 46, 47, 48, 49, 50, 51, 52, 53, 54, 57, 58, 59, 60, 61, 62, 63, 64, 65, 66, 68, 69, 73, 74, 78, 79, 84, 85, 103, 150, 346, 360, 378, 403, 413], "summary": {"covered_lines": 49, "num_statements": 49, "percent_covered": 100.0, "percent_covered_display": "100.00", "missing_lines": 0, "excluded_lines": 0, "percent_statements_covered": 100.0, "percent_statements_covered_display": "100.00"}, "missing_lines": [], "excluded_lines": []}}}, "src/raxe/application/telemetry_manager.py": {"executed_lines": [1, 9, 10, 11, 12, 13, 14, 16, 17, 18, 19, 21, 24, 25, 35, 49, 50, 51, 52, 54, 55, 56, 57, 58, 61, 64, 67, 69, 72, 78, 79, 87, 95, 105, 121, 123, 126, 128, 132, 133, 157, 158, 160, 177, 178, 181, 184, 186, 187, 188, 191, 201, 204, 211, 212, 214, 222, 224, 227, 228, 229, 230, 231, 232, 235, 236, 237, 240, 241, 243, 245, 247, 248, 251, 252, 269, 291, 298, 299, 301, 309, 311, 313, 314, 316, 323, 326, 329, 332, 333, 338, 343, 345, 349], "summary": {"covered_lines": 92, "num_statements": 143, "percent_covered": 64.33566433566433, "percent_covered_display": "64.34", "missing_lines": 51, "excluded_lines": 0, "percent_statements_covered": 64.33566433566433, "percent_statements_covered_display": "64.34"}, "missing_lines": [65, 97, 102, 103, 107, 109, 110, 112, 113, 116, 118, 119, 124, 136, 139, 140, 141, 142, 144, 146, 150, 155, 182, 216, 217, 218, 219, 220, 255, 256, 257, 260, 261, 264, 265, 267, 271, 272, 274, 275, 283, 288, 289, 324, 334, 335, 339, 340, 341, 347, 351], "excluded_lines": [], "functions": {"TelemetryManager.__init__": {"executed_lines": [49, 50, 51, 52, 54, 55, 56, 57, 58, 61, 64, 67], "summary": {"covered_lines": 12, "num_statements": 13, "percent_covered": 92.3076923076923, "percent_covered_display": "92.31", "missing_lines": 1, "excluded_lines": 0, "percent_statements_covered": 92.3076923076923, "percent_statements_covered_display": "92.31"}, "missing_lines": [65], "excluded_lines": []}, "TelemetryManager._init_components": {"executed_lines": [72, 78, 79, 87], "summary": {"covered_lines": 4, "num_statements": 4, "percent_covered": 100.0, "percent_covered_display": "100.00", "missing_lines": 0, "excluded_lines": 0, "percent_statements_covered": 100.0, "percent_statements_covered_display": "100.00"}, "missing_lines": [], "excluded_lines": []}, "TelemetryManager._start_flush_thread": {"executed_lines": [], "summary": {"covered_lines": 0, "num_statements": 3, "percent_covered": 0.0, "percent_covered_display": "0.00", "missing_lines": 3, "excluded_lines": 0, "percent_statements_covered": 0.0, "percent_statements_covered_display": "0.00"}, "missing_lines": [97, 102, 103], "excluded_lines": []}, "TelemetryManager._flush_loop": {"executed_lines": [], "summary": {"covered_lines": 0, "num_statements": 8, "percent_covered": 0.0, "percent_covered_display": "0.00", "missing_lines": 8, "excluded_lines": 0, "percent_statements_covered": 0.0, "percent_statements_covered_display": "0.00"}, "missing_lines": [107, 109, 110, 112, 113, 116, 118, 119], "excluded_lines": []}, "TelemetryManager._flush_batch": {"executed_lines": [123, 126, 128, 132, 133, 157, 158], "summary": {"covered_lines": 7, "num_statements": 17, "percent_covered": 41.1764705882353, "percent_covered_display": "41.18", "missing_lines": 10, "excluded_lines": 0, "percent_statements_covered": 41.1764705882353, "percent_statements_covered_display": "41.18"}, "missing_lines": [124, 136, 139, 140, 141, 142, 144, 146, 150, 155], "excluded_lines": []}, "TelemetryManager.track_scan": {"executed_lines": [177, 178, 181, 184, 186, 187, 188, 191, 201, 204, 211, 212, 214], "summary": {"covered_lines": 13, "num_statements": 19, "percent_covered": 68.42105263157895, "percent_covered_display": "68.42", "missing_lines": 6, "excluded_lines": 0, "percent_statements_covered": 68.42105263157895, "percent_statements_covered_display": "68.42"}, "missing_lines": [182, 216, 217, 218, 219, 220], "excluded_lines": []}, "TelemetryManager._extract_performance_metrics": {"executed_lines": [224, 227, 228, 229, 230, 231, 232, 235, 236, 237, 240, 241, 243], "summary": {"covered_lines": 13, "num_statements": 13, "percent_covered": 100.0, "percent_covered_display": "100.00", "missing_lines": 0, "excluded_lines": 0, "percent_statements_covered": 100.0, "percent_statements_covered_display": "100.00"}, "missing_lines": [], "excluded_lines": []}, "TelemetryManager._calculate_priority": {"executed_lines": [247, 248, 251, 252], "summary": {"covered_lines": 4, "num_statements": 12, "percent_covered": 33.333333333333336, "percent_covered_display": "33.33", "missing_lines": 8, "excluded_lines": 0, "percent_statements_covered": 33.333333333333336, "percent_statements_covered_display": "33.33"}, "missing_lines": [255, 256, 257, 260, 261, 264, 265, 267], "excluded_lines": []}, "TelemetryManager._track_error": {"executed_lines"
[...]
ded_lines": []}, "LatencyTracker.get_percentile": {"executed_lines": [], "summary": {"covered_lines": 0, "num_statements": 7, "percent_covered": 0.0, "percent_covered_display": "0.00", "missing_lines": 7, "excluded_lines": 0, "percent_statements_covered": 0.0, "percent_statements_covered_display": "0.00"}, "missing_lines": [292, 293, 294, 296, 297, 298, 299], "excluded_lines": []}, "LatencyTracker.p50": {"executed_lines": [], "summary": {"covered_lines": 0, "num_statements": 1, "percent_covered": 0.0, "percent_covered_display": "0.00", "missing_lines": 1, "excluded_lines": 0, "percent_statements_covered": 0.0, "percent_statements_covered_display": "0.00"}, "missing_lines": [304], "excluded_lines": []}, "LatencyTracker.p95": {"executed_lines": [], "summary": {"covered_lines": 0, "num_statements": 1, "percent_covered": 0.0, "percent_covered_display": "0.00", "missing_lines": 1, "excluded_lines": 0, "percent_statements_covered": 0.0, "percent_statements_covered_display": "0.00"}, "missing_lines": [309], "excluded_lines": []}, "LatencyTracker.p99": {"executed_lines": [], "summary": {"covered_lines": 0, "num_statements": 1, "percent_covered": 0.0, "percent_covered_display": "0.00", "missing_lines": 1, "excluded_lines": 0, "percent_statements_covered": 0.0, "percent_statements_covered_display": "0.00"}, "missing_lines": [314], "excluded_lines": []}, "LatencyTracker.average": {"executed_lines": [], "summary": {"covered_lines": 0, "num_statements": 4, "percent_covered": 0.0, "percent_covered_display": "0.00", "missing_lines": 4, "excluded_lines": 0, "percent_statements_covered": 0.0, "percent_statements_covered_display": "0.00"}, "missing_lines": [319, 320, 321, 322], "excluded_lines": []}, "LatencyTracker.get_stats": {"executed_lines": [], "summary": {"covered_lines": 0, "num_statements": 1, "percent_covered": 0.0, "percent_covered_display": "0.00", "missing_lines": 1, "excluded_lines": 0, "percent_statements_covered": 0.0, "percent_statements_covered_display": "0.00"}, "missing_lines": [326], "excluded_lines": []}, "PerformanceMonitor.__init__": {"executed_lines": [], "summary": {"covered_lines": 0, "num_statements": 5, "percent_covered": 0.0, "percent_covered_display": "0.00", "missing_lines": 5, "excluded_lines": 0, "percent_statements_covered": 0.0, "percent_statements_covered_display": "0.00"}, "missing_lines": [349, 350, 355, 356, 357], "excluded_lines": []}, "PerformanceMonitor.should_check": {"executed_lines": [], "summary": {"covered_lines": 0, "num_statements": 19, "percent_covered": 0.0, "percent_covered_display": "0.00", "missing_lines": 19, "excluded_lines": 0, "percent_statements_covered": 0.0, "percent_statements_covered_display": "0.00"}, "missing_lines": [367, 369, 371, 373, 374, 375, 377, 379, 380, 381, 383, 385, 386, 388, 391, 393, 394, 395, 397], "excluded_lines": []}, "PerformanceMonitor.record_latency": {"executed_lines": [], "summary": {"covered_lines": 0, "num_statements": 1, "percent_covered": 0.0, "percent_covered_display": "0.00", "missing_lines": 1, "excluded_lines": 0, "percent_statements_covered": 0.0, "percent_statements_covered_display": "0.00"}, "missing_lines": [405], "excluded_lines": []}, "PerformanceMonitor.get_stats": {"executed_lines": [], "summary": {"covered_lines": 0, "num_statements": 1, "percent_covered": 0.0, "percent_covered_display": "0.00", "missing_lines": 1, "excluded_lines": 0, "percent_statements_covered": 0.0, "percent_statements_covered_display": "0.00"}, "missing_lines": [409], "excluded_lines": []}, "": {"executed_lines": [1, 17, 18, 19, 20, 21, 22, 24, 27, 28, 30, 31, 32, 33, 36, 37, 39, 40, 41, 44, 45, 46, 56, 57, 58, 59, 60, 61, 64, 65, 66, 69, 70, 71, 74, 75, 99, 125, 170, 182, 193, 201, 209, 210, 215, 216, 220, 221, 225, 234, 249, 250, 256, 268, 283, 301, 302, 306, 307, 311, 312, 316, 317, 324, 336, 337, 343, 359, 399, 407], "summary": {"covered_lines": 61, "num_statements": 61, "percent_covered": 100.0, "percent_covered_display": "100.00", "missing_lines": 0, "excluded_lines": 0, "percent_statements_covered": 100.0, "percent_statements_covered_display": "100.00"}, "missing_lines": [], "excluded_lines": []}}, "classes": {"PerformanceMode": {"executed_lines": [], "summary": {"covered_lines": 0, "num_statements": 0, "percent_covered": 100.0, "percent_covered_display": "100.00", "missing_lines": 0, "excluded_lines": 0, "percent_statements_covered": 100.0, "percent_statements_covered_display": "100.00"}, "missing_lines": [], "excluded_lines": []}, "CircuitState": {"executed_lines": [], "summary": {"covered_lines": 0, "num_statements": 0, "percent_covered": 100.0, "percent_covered_display": "100.00", "missing_lines": 0, "excluded_lines": 0, "percent_statements_covered": 100.0, "percent_statements_covered_display": "100.00"}, "missing_lines": [], "excluded_lines": []}, "PerformanceConfig": {"executed_lines": [], "summary": {"covered_lines": 0, "num_statements": 0, "percent_covered": 100.0, "percent_covered_display": "100.00", "missing_lines": 0, "excluded_lines": 0, "percent_statements_covered": 100.0, "percent_statements_covered_display": "100.00"}, "missing_lines": [], "excluded_lines": []}, "CircuitBreakerError": {"executed_lines": [], "summary": {"covered_lines": 0, "num_statements": 0, "percent_covered": 100.0, "percent_covered_display": "100.00", "missing_lines": 0, "excluded_lines": 0, "percent_statements_covered": 100.0, "percent_statements_covered_display": "100.00"}, "missing_lines": [], "excluded_lines": []}, "PerformanceDegradedError": {"executed_lines": [], "summary": {"covered_lines": 0, "num_statements": 0, "percent_covered": 100.0, "percent_covered_display": "100.00", "missing_lines": 0, "excluded_lines": 0, "percent_statements_covered": 100.0, "percent_statements_covered_display": "100.00"}, "missing_lines": [], "excluded_lines": []}, "CircuitBreaker": {"executed_lines": [113, 114, 115, 118, 119, 120, 121, 122, 123, 140, 142, 154, 162, 163, 164, 165, 172, 173, 174, 177], "summary": {"covered_lines": 20, "num_statements": 59, "percent_covered": 33.898305084745765, "percent_covered_display": "33.90", "missing_lines": 39, "excluded_lines": 0, "percent_statements_covered": 33.898305084745765, "percent_statements_covered_display": "33.90"}, "missing_lines": [144, 145, 146, 148, 155, 156, 159, 166, 167, 168, 178, 179, 180, 184, 185, 186, 187, 190, 191, 195, 196, 198, 199, 203, 204, 206, 207, 212, 213, 218, 223, 227, 228, 229, 230, 231, 232, 236, 237], "excluded_lines": []}, "LatencyTracker": {"executed_lines": [], "summary": {"covered_lines": 0, "num_statements": 26, "percent_covered": 0.0, "percent_covered_display": "0.00", "missing_lines": 26, "excluded_lines": 0, "percent_statements_covered": 0.0, "percent_statements_covered_display": "0.00"}, "missing_lines": [262, 263, 264, 265, 266, 274, 275, 276, 277, 280, 281, 292, 293, 294, 296, 297, 298, 299, 304, 309, 314, 319, 320, 321, 322, 326], "excluded_lines": []}, "PerformanceMonitor": {"executed_lines": [], "summary": {"covered_lines": 0, "num_statements": 26, "percent_covered": 0.0, "percent_covered_display": "0.00", "missing_lines": 26, "excluded_lines": 0, "percent_statements_covered": 0.0, "percent_statements_covered_display": "0.00"}, "missing_lines": [349, 350, 355, 356, 357, 367, 369, 371, 373, 374, 375, 377, 379, 380, 381, 383, 385, 386, 388, 391, 393, 394, 395, 397, 405, 409], "excluded_lines": []}, "": {"executed_lines": [1, 17, 18, 19, 20, 21, 22, 24, 27, 28, 30, 31, 32, 33, 36, 37, 39, 40, 41, 44, 45, 46, 56, 57, 58, 59, 60, 61, 64, 65, 66, 69, 70, 71, 74, 75, 99, 125, 170, 182, 193, 201, 209, 210, 215, 216, 220, 221, 225, 234, 249, 250, 256, 268, 283, 301, 302, 306, 307, 311, 312, 316, 317, 324, 336, 337, 343, 359, 399, 407], "summary": {"covered_lines": 61, "num_statements": 61, "percent_covered": 100.0, "percent_covered_display": "100.00", "missing_lines": 0, "excluded_lines": 0, "percent_statements_covered": 100.0, "percent_statements_covered_display": "100.00"}, "missing_lines": [], "excluded_lines": []}}}, "src/raxe/utils/profiler.py": {"executed_lines": [1, 6, 7, 8, 10, 11, 12, 15, 16, 17, 25, 26, 27, 28, 31, 32, 33, 42, 43, 44, 45, 46, 48, 49, 51, 52, 54, 56, 57, 59, 61, 63, 64, 66, 73, 74, 75, 85, 86, 87, 88, 89, 90, 92, 93, 95, 97, 99, 100, 102, 104, 106, 107, 109, 111, 113, 119, 122, 123, 126, 127, 128, 133, 134, 139, 140, 145, 146, 150, 152, 158, 161, 163, 164, 166, 169, 172, 173, 176, 178, 179, 181, 184, 185, 190, 201, 202, 204, 221, 222, 225, 228, 229, 230, 233, 234, 235, 236, 238, 240, 249, 259, 260, 261, 262, 264, 265, 268, 269, 270, 274, 277, 278, 279, 283, 290, 292, 300, 310, 319, 322, 325, 326, 330, 333], "summary": {"covered_lines": 120, "num_statements": 134, "percent_covered": 89.55223880597015, "percent_covered_display": "89.55", "missing_lines": 14, "excluded_lines": 0, "percent_statements_covered": 89.55223880597015, "percent_statements_covered_display": "89.55"}, "missing_lines": [53, 60, 96, 103, 110, 167, 170, 177, 271, 272, 281, 311, 327, 328], "excluded_lines": [], "functions": {"LayerProfile.cache_hit_rate": {"executed_lines": [51, 52, 54], "summary": {"covered_lines": 3, "num_statements": 4, "percent_covered": 75.0, "percent_covered_display": "75.00", "missing_lines": 1, "excluded_lines": 0, "percent_statements_covered": 75.0, "percent_statements_covered_display": "75.00"}, "missing_lines": [53], "excluded_lines": []}, "LayerProfile.average_rule_time_ms": {"executed_lines": [59, 61], "summary": {"covered_lines": 2, "num_statements": 3, "percent_covered": 66.66666666666667, "percent_covered_display": "66.67", "missing_lines": 1, "excluded_lines": 0, "percent_statements_covered": 66.66666666666667, "percent_statements_covered_display": "66.67"}, "missing_lines": [60], "excluded_lines": []}, "LayerProfile.slowest_rules": {"executed_lines": [66], "summary": {"covered_lines": 1, "num_statements": 1, "percent_covered": 100.0, "percent_covered_display": "100.00", "missing_lines": 0, "excluded_lines": 0, "percent_statements_covered": 100.0, "percent_statements_covered_display": "100.00"}, "missing_lines": [], "excluded_lines": []}, "ProfileResult.l1_percentage": {"executed_lines": [95, 97], "summary": {"covered_lines": 2, "num_statements": 3, "percent_covered": 66.66666666666667, "percent_covered_display": "66.67", "missing_lines": 1, "excluded_lines": 0, "percent_statements_covered": 66.66666666666667, "percent_statements_covered_display": "66.67"}, "missing_lines": [96], "excluded_lines": []}, "ProfileResult.l2_percentage": {"executed_lines": [102, 104], "summary": {"covered_lines": 2, "num_statements": 3, "percent_covered": 66.66666666666667, "percent_covered_display": "66.67", "missing_lines": 1, "excluded_lines": 0, "percent_statements_covered": 66.66666666666667, "percent_statements_covered_display": "66.67"}, "missing_lines": [103], "excluded_lines": []}, "ProfileResult.overhead_percentage": {"executed_lines": [109, 111], "summary": {"covered_lines": 2, "num_statements": 3, "percent_covered": 66.66666666666667, "percent_covered_display": "66.67", "missing_lines": 1, "excluded_lines": 0, "percent_statements_covered": 66.66666666666667, "percent_statements_covered_display": "66.67"}, "missing_lines": [110], "excluded_lines": []}, "ProfileResult.identify_bottlenecks": {"executed_lines": [119, 122, 123, 126, 127, 128, 133, 134, 139, 140, 145, 146, 150], "summary": {"covered_lines": 13, "num_statements": 13, "percent_covered": 100.0, "percent_covered_display": "100.00", "missing_lines": 0, "excluded_lines": 0, "percent_statements_covered": 100.0, "percent_statements_covered_display": "100.00"}, "missing_lines": [], "excluded_lines": []}, "ProfileResult.get_recommendations": {"executed_lines": [158, 161, 163, 164, 166, 169, 172, 173, 176, 178, 179, 181], "summary": {"covered_lines": 12, "num_statements": 15, "percent_covered": 80.0, "percent_covered_display": "80.00", "missing_lines": 3, "excluded_lines": 0, "percent_statements_covered": 80.0, "percent_statements_covered_display": "80.00"}, "missing_lines": [167, 170, 177], "excluded_lines": []}, "ScanProfiler.__init__": {"executed_lines": [201, 202], "summary": {"covered_lines": 2, "num_statements": 2, "percent_covered": 100.0, "percent_covered_display": "100.00", "missing_lines": 0, "excluded_lines": 0, "percent_statements_covered": 100.0, "percent_statements_covered_display": "100.00"}, "missing_lines": [], "excluded_lines": []}, "ScanProfiler.profile_scan": {"executed_lines": [221, 222, 225, 228, 229, 230, 233, 234, 235, 236, 238, 240], "summary": {"covered_lines": 12, "num_statements": 12, "percent_covered": 100.0, "percent_covered_display": "100.00", "missing_lines": 0, "excluded_lines": 0, "percent_statements_covered": 100.0, "percent_statements_covered_display": "100.00"}, "missing_lines": [], "excluded_lines": []}, "ScanProfiler._profile_l1": {"executed_lines": [259, 260, 261, 262, 264, 265, 268, 269, 270, 274, 277, 278, 279, 283, 290, 292], "summary": {"covered_lines": 16, "num_statements": 19, "percent_covered": 84.21052631578948, "percent_covered_display": "84.21", "missing_lines": 3, "excluded_lines": 0, "percent_statements_covered": 84.21052631578948, "percent_statements_covered_display": "84.21"}, "missing_lines": [271, 272, 281], "excluded_lines": []}, "ScanProfiler._profile_l2": {"executed_lines": [310, 319, 322, 325, 326, 330, 333], "summary": {"covered_lines": 7, "num_statements": 10, "percent_covered": 70.0, "percent_covered_display": "70.00", "missing_lines": 3, "excluded_lines": 0, "percent_statements_covered": 70.0, "percent_statements_covered_display": "70.00"}, "missing_lines": [311, 327, 328], "excluded_lines": []}, "": {"executed_lines": [1, 6, 7, 8, 10, 11, 12, 15, 16, 17, 25, 26, 27, 28, 31, 32, 33, 42, 43, 44, 45, 46, 48, 49, 56, 57, 63, 64, 73, 74, 75, 85, 86, 87, 88, 89, 90, 92, 93, 99, 100, 106, 107, 113, 152, 184, 185, 190, 204, 249, 300], "summary": {"covered_lines": 46, "num_statements": 46, "percent_covered": 100.0, "percent_covered_display": "100.00", "missing_lines": 0, "excluded_lines": 0, "percent_statements_covered": 100.0, "percent_statements_covered_display": "100.00"}, "missing_lines": [], "excluded_lines": []}}, "classes": {"RuleProfile": {"executed_lines": [], "summary": {"covered_lines": 0, "num_statements": 0, "percent_covered": 100.0, "percent_covered_display": "100.00", "missing_lines": 0, "excluded_lines": 0, "percent_statements_covered": 100.0, "percent_statements_covered_display": "100.00"}, "missing_lines": [], "excluded_lines": []}, "LayerProfile": {"executed_lines": [51, 52, 54, 59, 61, 66], "summary": {"covered_lines": 6, "num_statements": 8, "percent_covered": 75.0, "percent_covered_display": "75.00", "missing_lines": 2, "excluded_lines": 0, "percent_statements_covered": 75.0, "percent_statements_covered_display": "75.00"}, "missing_lines": [53, 60], "excluded_lines": []}, "ProfileResult": {"executed_lines": [95, 97, 102, 104, 109, 111, 119, 122, 123, 126, 127, 128, 133, 134, 139, 140, 145, 146, 150, 158, 161, 163, 164, 166, 169, 172, 173, 176, 178, 179, 181], "summary": {"covered_lines": 31, "num_statements": 37, "percent_covered": 83.78378378378379, "percent_covered_display": "83.78", "missing_lines": 6, "excluded_lines": 0, "percent_statements_covered": 83.78378378378379, "percent_statements_covered_display": "83.78"}, "missing_lines": [96, 103, 110, 167, 170, 177], "excluded_lines": []}, "ScanProfiler": {"executed_lines": [201, 202, 221, 222, 225, 228, 229, 230, 233, 234, 235, 236, 238, 240, 259, 260, 261, 262, 264, 265, 268, 269, 270, 274, 277, 278, 279, 283, 290, 292, 310, 319, 322, 325, 326, 330, 333], "summary": {"covered_lines": 37, "num_statements": 43, "percent_covered": 86.04651162790698, "percent_covered_display": "86.05", "missing_lines": 6, "excluded_lines": 0, "percent_statements_covered": 86.04651162790698, "percent_statements_covered_display": "86.05"}, "missing_lines": [271, 272, 281, 311, 327, 328], "excluded_lines": []}, "": {"executed_lines": [1, 6, 7, 8, 10, 11, 12, 15, 16, 17, 25, 26, 27, 28, 31, 32, 33, 42, 43, 44, 45, 46, 48, 49, 56, 57, 63, 64, 73, 74, 75, 85, 86, 87, 88, 89, 90, 92, 93, 99, 100, 106, 107, 113, 152, 184, 185, 190, 204, 249, 300], "summary": {"covered_lines": 46, "num_statements": 46, "percent_covered": 100.0, "percent_covered_display": "100.00", "missing_lines": 0, "excluded_lines": 0, "percent_statements_covered": 100.0, "percent_statements_covered_display": "100.00"}, "missing_lines": [], "excluded_lines": []}}}, "src/raxe/utils/validators.py": {"executed_lines": [1, 8, 11, 12, 13, 16, 43, 46, 50, 57, 58, 60, 67, 68, 70, 73, 79, 80, 81, 87, 98, 101, 105, 138], "summary": {"covered_lines": 22, "num_statements": 45, "percent_covered": 48.888888888888886, "percent_covered_display": "48.89", "missing_lines": 23, "excluded_lines": 0, "percent_statements_covered": 48.888888888888886, "percent_statements_covered_display": "48.89"}, "missing_lines": [44, 47, 51, 61, 71, 74, 82, 99, 102, 124, 125, 127, 128, 132, 133, 155, 156, 158, 159, 162, 163, 169, 170], "excluded_lines": [], "functions": {"validate_date_range": {"executed_lines": [43, 46, 50, 57, 58, 60, 67, 68, 70, 73, 79, 80, 81], "summary": {"covered_lines": 13, "num_statements": 20, "percent_covered": 65.0, "percent_covered_display": "65.00", "missing_lines": 7, "excluded_lines": 0, "percent_statements_covered": 65.0, "percent_statements_covered_display": "65.00"}, "missing_lines": [44, 47, 51, 61, 71, 74, 82], "excluded_lines": []}, "validate_positive_integer": {"executed_lines": [98, 101], "summary": {"covered_lines": 2, "num_statements": 4, "percent_covered": 50.0, "percent_covered_display": "50.00", "missing_lines": 2, "excluded_lines": 0, "percent_statements_covered": 50.0, "percent_statements_covered_display": "50.00"}, "missing_lines": [99, 102], "excluded_lines": []}, "validate_string_length": {"executed_lines": [], "summary": {"covered_lines": 0, "num_statements": 6, "percent_covered": 0.0, "percent_covered_display": "0.00", "missing_lines": 6, "excluded_lines": 0, "percent_statements_covered": 0.0, "percent_statements_covered_display": "0.00"}, "missing_lines": [124, 125, 127, 128, 132, 133], "excluded_lines": []}, "validate_sql_identifier": {"executed_lines": [], "summary": {"covered_lines": 0, "num_statements": 8, "percent_covered": 0.0, "percent_covered_display": "0.00", "missing_lines": 8, "excluded_lines": 0, "percent_statements_covered": 0.0, "percent_statements_covered_display": "0.00"}, "missing_lines": [155, 156, 158, 159, 162, 163, 169, 170], "excluded_lines": []}, "": {"executed_lines": [1, 8, 11, 12, 13, 16, 87, 105, 138], "summary": {"covered_lines": 7, "num_statements": 7, "percent_covered": 100.0, "percent_covered_display": "100.00", "missing_lines": 0, "excluded_lines": 0, "percent_statements_covered": 100.0, "percent_statements_covered_display": "100.00"}, "missing_lines": [], "excluded_lines": []}}, "classes": {"ValidationError": {"executed_lines": [], "summary": {"covered_lines": 0, "num_statements": 0, "percent_covered": 100.0, "percent_covered_display": "100.00", "missing_lines": 0, "excluded_lines": 0, "percent_statements_covered": 100.0, "percent_statements_covered_display": "100.00"}, "missing_lines": [], "excluded_lines": []}, "": {"executed_lines": [1, 8, 11, 12, 13, 16, 43, 46, 50, 57, 58, 60, 67, 68, 70, 73, 79, 80, 81, 87, 98, 101, 105, 138], "summary": {"covered_lines": 22, "num_statements": 45, "percent_covered": 48.888888888888886, "percent_covered_display": "48.89", "missing_lines": 23, "excluded_lines": 0, "percent_statements_covered": 48.888888888888886, "percent_statements_covered_display": "48.89"}, "missing_lines": [44, 47, 51, 61, 71, 74, 82, 99, 102, 124, 125, 127, 128, 132, 133, 155, 156, 158, 159, 162, 163, 169, 170], "excluded_lines": []}}}}, "totals": {"covered_lines": 7687, "num_statements": 12804, "percent_covered": 60.03592627303968, "percent_covered_display": "60.04", "missing_lines": 5117, "excluded_lines": 272, "percent_statements_covered": 60.03592627303968, "percent_statements_covered_display": "60.04"}}